Simian JIT PDES Engine (1.65)
(c) Copyright 2015-. Triad National Security, LLC. All rights reserved. Released under BSD 3-clause license.
Author: Nandakishore Santhi (with other contributors as acknowledged in source code)

===================================================
------------SIMIAN-PIE JIT PDES ENGINE-------------
------------       VERSION: 1.65      -------------
===================================================
MPI: OFF
===================================================

Node[0]: Running on rank 0
Node[1]: Running on rank 0
Node[2]: Running on rank 0
Node[3]: Running on rank 0
Node[4]: Running on rank 0
Node[5]: Running on rank 0
Node[6]: Running on rank 0
Node[7]: Running on rank 0
Node[8]: Running on rank 0
Node[9]: Running on rank 0
Node[10]: Running on rank 0
Node[11]: Running on rank 0
Node[12]: Running on rank 0
Node[13]: Running on rank 0
Node[14]: Running on rank 0
Node[15]: Running on rank 0
Node[16]: Running on rank 0
Node[17]: Running on rank 0
Node[18]: Running on rank 0
Node[19]: Running on rank 0
Node[20]: Running on rank 0
Node[21]: Running on rank 0
Node[22]: Running on rank 0
Node[23]: Running on rank 0
Node[24]: Running on rank 0
Node[25]: Running on rank 0
Node[26]: Running on rank 0
Node[27]: Running on rank 0
Node[28]: Running on rank 0
Node[29]: Running on rank 0
Node[30]: Running on rank 0
Node[31]: Running on rank 0
Node[32]: Running on rank 0
Node[33]: Running on rank 0
Node[34]: Running on rank 0
Node[35]: Running on rank 0
Node[36]: Running on rank 0
Node[37]: Running on rank 0
Node[38]: Running on rank 0
Node[39]: Running on rank 0
Node[40]: Running on rank 0
Node[41]: Running on rank 0
Node[42]: Running on rank 0
Node[43]: Running on rank 0
Node[44]: Running on rank 0
Node[45]: Running on rank 0
Node[46]: Running on rank 0
Node[47]: Running on rank 0
Node[48]: Running on rank 0
Node[49]: Running on rank 0
Node[50]: Running on rank 0
Node[51]: Running on rank 0
Node[52]: Running on rank 0
Node[53]: Running on rank 0
Node[54]: Running on rank 0
Node[55]: Running on rank 0
Node[56]: Running on rank 0
Node[57]: Running on rank 0
Node[58]: Running on rank 0
Node[59]: Running on rank 0
Node[60]: Running on rank 0
Node[61]: Running on rank 0
Node[62]: Running on rank 0
Node[63]: Running on rank 0
Node[64]: Running on rank 0
Node[65]: Running on rank 0
Node[66]: Running on rank 0
Node[67]: Running on rank 0
Node[68]: Running on rank 0
Node[69]: Running on rank 0
Node[70]: Running on rank 0
Node[71]: Running on rank 0
Node[72]: Running on rank 0
Node[73]: Running on rank 0
Node[74]: Running on rank 0
Node[75]: Running on rank 0
Node[76]: Running on rank 0
Node[77]: Running on rank 0
Node[78]: Running on rank 0
Node[79]: Running on rank 0
Node[80]: Running on rank 0
Node[81]: Running on rank 0
Node[82]: Running on rank 0
Node[83]: Running on rank 0
Node[84]: Running on rank 0
Node[85]: Running on rank 0
Node[86]: Running on rank 0
Node[87]: Running on rank 0
Node[88]: Running on rank 0
Node[89]: Running on rank 0
Node[90]: Running on rank 0
Node[91]: Running on rank 0
Node[92]: Running on rank 0
Node[93]: Running on rank 0
Node[94]: Running on rank 0
Node[95]: Running on rank 0
Node[96]: Running on rank 0
Node[97]: Running on rank 0
Node[98]: Running on rank 0
Node[99]: Running on rank 0
Node[100]: Running on rank 0
Node[101]: Running on rank 0
Node[102]: Running on rank 0
Node[103]: Running on rank 0
Node[104]: Running on rank 0
Node[105]: Running on rank 0
Node[106]: Running on rank 0
Node[107]: Running on rank 0
Node[108]: Running on rank 0
Node[109]: Running on rank 0
Node[110]: Running on rank 0
Node[111]: Running on rank 0
Node[112]: Running on rank 0
Node[113]: Running on rank 0
Node[114]: Running on rank 0
Node[115]: Running on rank 0
Node[116]: Running on rank 0
Node[117]: Running on rank 0
Node[118]: Running on rank 0
Node[119]: Running on rank 0
Node[120]: Running on rank 0
Node[121]: Running on rank 0
Node[122]: Running on rank 0
Node[123]: Running on rank 0
Node[124]: Running on rank 0
Node[125]: Running on rank 0
Node[126]: Running on rank 0
Node[127]: Running on rank 0
Node[128]: Running on rank 0
Node[129]: Running on rank 0
Node[130]: Running on rank 0
Node[131]: Running on rank 0
Node[132]: Running on rank 0
Node[133]: Running on rank 0
Node[134]: Running on rank 0
Node[135]: Running on rank 0
Node[136]: Running on rank 0
Node[137]: Running on rank 0
Node[138]: Running on rank 0
Node[139]: Running on rank 0
Node[140]: Running on rank 0
Node[141]: Running on rank 0
Node[142]: Running on rank 0
Node[143]: Running on rank 0
Node[144]: Running on rank 0
Node[145]: Running on rank 0
Node[146]: Running on rank 0
Node[147]: Running on rank 0
Node[148]: Running on rank 0
Node[149]: Running on rank 0
Node[150]: Running on rank 0
Node[151]: Running on rank 0
Node[152]: Running on rank 0
Node[153]: Running on rank 0
Node[154]: Running on rank 0
Node[155]: Running on rank 0
Node[156]: Running on rank 0
Node[157]: Running on rank 0
Node[158]: Running on rank 0
Node[159]: Running on rank 0
Node[160]: Running on rank 0
Node[161]: Running on rank 0
Node[162]: Running on rank 0
Node[163]: Running on rank 0
Node[164]: Running on rank 0
Node[165]: Running on rank 0
Node[166]: Running on rank 0
Node[167]: Running on rank 0
Node[168]: Running on rank 0
Node[169]: Running on rank 0
Node[170]: Running on rank 0
Node[171]: Running on rank 0
Node[172]: Running on rank 0
Node[173]: Running on rank 0
Node[174]: Running on rank 0
Node[175]: Running on rank 0
Node[176]: Running on rank 0
Node[177]: Running on rank 0
Node[178]: Running on rank 0
Node[179]: Running on rank 0
Node[180]: Running on rank 0
Node[181]: Running on rank 0
Node[182]: Running on rank 0
Node[183]: Running on rank 0
Node[184]: Running on rank 0
Node[185]: Running on rank 0
Node[186]: Running on rank 0
Node[187]: Running on rank 0
Node[188]: Running on rank 0
Node[189]: Running on rank 0
Node[190]: Running on rank 0
Node[191]: Running on rank 0
Node[192]: Running on rank 0
Node[193]: Running on rank 0
Node[194]: Running on rank 0
Node[195]: Running on rank 0
Node[196]: Running on rank 0
Node[197]: Running on rank 0
Node[198]: Running on rank 0
Node[199]: Running on rank 0
Node[200]: Running on rank 0
Node[201]: Running on rank 0
Node[202]: Running on rank 0
Node[203]: Running on rank 0
Node[204]: Running on rank 0
Node[205]: Running on rank 0
Node[206]: Running on rank 0
Node[207]: Running on rank 0
Node[208]: Running on rank 0
Node[209]: Running on rank 0
Node[210]: Running on rank 0
Node[211]: Running on rank 0
Node[212]: Running on rank 0
Node[213]: Running on rank 0
Node[214]: Running on rank 0
Node[215]: Running on rank 0
Node[216]: Running on rank 0
Node[217]: Running on rank 0
Node[218]: Running on rank 0
Node[219]: Running on rank 0
Node[220]: Running on rank 0
Node[221]: Running on rank 0
Node[222]: Running on rank 0
Node[223]: Running on rank 0
Node[224]: Running on rank 0
Node[225]: Running on rank 0
Node[226]: Running on rank 0
Node[227]: Running on rank 0
Node[228]: Running on rank 0
Node[229]: Running on rank 0
Node[230]: Running on rank 0
Node[231]: Running on rank 0
Node[232]: Running on rank 0
Node[233]: Running on rank 0
Node[234]: Running on rank 0
Node[235]: Running on rank 0
Node[236]: Running on rank 0
Node[237]: Running on rank 0
Node[238]: Running on rank 0
Node[239]: Running on rank 0
Node[240]: Running on rank 0
Node[241]: Running on rank 0
Node[242]: Running on rank 0
Node[243]: Running on rank 0
Node[244]: Running on rank 0
Node[245]: Running on rank 0
Node[246]: Running on rank 0
Node[247]: Running on rank 0
Node[248]: Running on rank 0
Node[249]: Running on rank 0
Node[250]: Running on rank 0
Node[251]: Running on rank 0
Node[252]: Running on rank 0
Node[253]: Running on rank 0
Node[254]: Running on rank 0
Node[255]: Running on rank 0
Node[256]: Running on rank 0
Node[257]: Running on rank 0
Node[258]: Running on rank 0
Node[259]: Running on rank 0
Node[260]: Running on rank 0
Node[261]: Running on rank 0
Node[262]: Running on rank 0
Node[263]: Running on rank 0
Node[264]: Running on rank 0
Node[265]: Running on rank 0
Node[266]: Running on rank 0
Node[267]: Running on rank 0
Node[268]: Running on rank 0
Node[269]: Running on rank 0
Node[270]: Running on rank 0
Node[271]: Running on rank 0
Node[272]: Running on rank 0
Node[273]: Running on rank 0
Node[274]: Running on rank 0
Node[275]: Running on rank 0
Node[276]: Running on rank 0
Node[277]: Running on rank 0
Node[278]: Running on rank 0
Node[279]: Running on rank 0
Node[280]: Running on rank 0
Node[281]: Running on rank 0
Node[282]: Running on rank 0
Node[283]: Running on rank 0
Node[284]: Running on rank 0
Node[285]: Running on rank 0
Node[286]: Running on rank 0
Node[287]: Running on rank 0
Node[288]: Running on rank 0
Node[289]: Running on rank 0
Node[290]: Running on rank 0
Node[291]: Running on rank 0
Node[292]: Running on rank 0
Node[293]: Running on rank 0
Node[294]: Running on rank 0
Node[295]: Running on rank 0
Node[296]: Running on rank 0
Node[297]: Running on rank 0
Node[298]: Running on rank 0
Node[299]: Running on rank 0
Node[300]: Running on rank 0
Node[301]: Running on rank 0
Node[302]: Running on rank 0
Node[303]: Running on rank 0
Node[304]: Running on rank 0
Node[305]: Running on rank 0
Node[306]: Running on rank 0
Node[307]: Running on rank 0
Node[308]: Running on rank 0
Node[309]: Running on rank 0
Node[310]: Running on rank 0
Node[311]: Running on rank 0
Node[312]: Running on rank 0
Node[313]: Running on rank 0
Node[314]: Running on rank 0
Node[315]: Running on rank 0
Node[316]: Running on rank 0
Node[317]: Running on rank 0
Node[318]: Running on rank 0
Node[319]: Running on rank 0
Node[320]: Running on rank 0
Node[321]: Running on rank 0
Node[322]: Running on rank 0
Node[323]: Running on rank 0
Node[324]: Running on rank 0
Node[325]: Running on rank 0
Node[326]: Running on rank 0
Node[327]: Running on rank 0
Node[328]: Running on rank 0
Node[329]: Running on rank 0
Node[330]: Running on rank 0
Node[331]: Running on rank 0
Node[332]: Running on rank 0
Node[333]: Running on rank 0
Node[334]: Running on rank 0
Node[335]: Running on rank 0
Node[336]: Running on rank 0
Node[337]: Running on rank 0
Node[338]: Running on rank 0
Node[339]: Running on rank 0
Node[340]: Running on rank 0
Node[341]: Running on rank 0
Node[342]: Running on rank 0
Node[343]: Running on rank 0
Node[344]: Running on rank 0
Node[345]: Running on rank 0
Node[346]: Running on rank 0
Node[347]: Running on rank 0
Node[348]: Running on rank 0
Node[349]: Running on rank 0
Node[350]: Running on rank 0
Node[351]: Running on rank 0
Node[352]: Running on rank 0
Node[353]: Running on rank 0
Node[354]: Running on rank 0
Node[355]: Running on rank 0
Node[356]: Running on rank 0
Node[357]: Running on rank 0
Node[358]: Running on rank 0
Node[359]: Running on rank 0
Node[360]: Running on rank 0
Node[361]: Running on rank 0
Node[362]: Running on rank 0
Node[363]: Running on rank 0
Node[364]: Running on rank 0
Node[365]: Running on rank 0
Node[366]: Running on rank 0
Node[367]: Running on rank 0
Node[368]: Running on rank 0
Node[369]: Running on rank 0
Node[370]: Running on rank 0
Node[371]: Running on rank 0
Node[372]: Running on rank 0
Node[373]: Running on rank 0
Node[374]: Running on rank 0
Node[375]: Running on rank 0
Node[376]: Running on rank 0
Node[377]: Running on rank 0
Node[378]: Running on rank 0
Node[379]: Running on rank 0
Node[380]: Running on rank 0
Node[381]: Running on rank 0
Node[382]: Running on rank 0
Node[383]: Running on rank 0
Node[384]: Running on rank 0
Node[385]: Running on rank 0
Node[386]: Running on rank 0
Node[387]: Running on rank 0
Node[388]: Running on rank 0
Node[389]: Running on rank 0
Node[390]: Running on rank 0
Node[391]: Running on rank 0
Node[392]: Running on rank 0
Node[393]: Running on rank 0
Node[394]: Running on rank 0
Node[395]: Running on rank 0
Node[396]: Running on rank 0
Node[397]: Running on rank 0
Node[398]: Running on rank 0
Node[399]: Running on rank 0
Node[400]: Running on rank 0
Node[401]: Running on rank 0
Node[402]: Running on rank 0
Node[403]: Running on rank 0
Node[404]: Running on rank 0
Node[405]: Running on rank 0
Node[406]: Running on rank 0
Node[407]: Running on rank 0
Node[408]: Running on rank 0
Node[409]: Running on rank 0
Node[410]: Running on rank 0
Node[411]: Running on rank 0
Node[412]: Running on rank 0
Node[413]: Running on rank 0
Node[414]: Running on rank 0
Node[415]: Running on rank 0
Node[416]: Running on rank 0
Node[417]: Running on rank 0
Node[418]: Running on rank 0
Node[419]: Running on rank 0
Node[420]: Running on rank 0
Node[421]: Running on rank 0
Node[422]: Running on rank 0
Node[423]: Running on rank 0
Node[424]: Running on rank 0
Node[425]: Running on rank 0
Node[426]: Running on rank 0
Node[427]: Running on rank 0
Node[428]: Running on rank 0
Node[429]: Running on rank 0
Node[430]: Running on rank 0
Node[431]: Running on rank 0
Node[432]: Running on rank 0
Node[433]: Running on rank 0
Node[434]: Running on rank 0
Node[435]: Running on rank 0
Node[436]: Running on rank 0
Node[437]: Running on rank 0
Node[438]: Running on rank 0
Node[439]: Running on rank 0
Node[440]: Running on rank 0
Node[441]: Running on rank 0
Node[442]: Running on rank 0
Node[443]: Running on rank 0
Node[444]: Running on rank 0
Node[445]: Running on rank 0
Node[446]: Running on rank 0
Node[447]: Running on rank 0
Node[448]: Running on rank 0
Node[449]: Running on rank 0
Node[450]: Running on rank 0
Node[451]: Running on rank 0
Node[452]: Running on rank 0
Node[453]: Running on rank 0
Node[454]: Running on rank 0
Node[455]: Running on rank 0
Node[456]: Running on rank 0
Node[457]: Running on rank 0
Node[458]: Running on rank 0
Node[459]: Running on rank 0
Node[460]: Running on rank 0
Node[461]: Running on rank 0
Node[462]: Running on rank 0
Node[463]: Running on rank 0
Node[464]: Running on rank 0
Node[465]: Running on rank 0
Node[466]: Running on rank 0
Node[467]: Running on rank 0
Node[468]: Running on rank 0
Node[469]: Running on rank 0
Node[470]: Running on rank 0
Node[471]: Running on rank 0
Node[472]: Running on rank 0
Node[473]: Running on rank 0
Node[474]: Running on rank 0
Node[475]: Running on rank 0
Node[476]: Running on rank 0
Node[477]: Running on rank 0
Node[478]: Running on rank 0
Node[479]: Running on rank 0
Node[480]: Running on rank 0
Node[481]: Running on rank 0
Node[482]: Running on rank 0
Node[483]: Running on rank 0
Node[484]: Running on rank 0
Node[485]: Running on rank 0
Node[486]: Running on rank 0
Node[487]: Running on rank 0
Node[488]: Running on rank 0
Node[489]: Running on rank 0
Node[490]: Running on rank 0
Node[491]: Running on rank 0
Node[492]: Running on rank 0
Node[493]: Running on rank 0
Node[494]: Running on rank 0
Node[495]: Running on rank 0
Node[496]: Running on rank 0
Node[497]: Running on rank 0
Node[498]: Running on rank 0
Node[499]: Running on rank 0
Node[500]: Running on rank 0
Node[501]: Running on rank 0
Node[502]: Running on rank 0
Node[503]: Running on rank 0
Node[504]: Running on rank 0
Node[505]: Running on rank 0
Node[506]: Running on rank 0
Node[507]: Running on rank 0
Node[508]: Running on rank 0
Node[509]: Running on rank 0
Node[510]: Running on rank 0
Node[511]: Running on rank 0
Node[512]: Running on rank 0
Node[513]: Running on rank 0
Node[514]: Running on rank 0
Node[515]: Running on rank 0
Node[516]: Running on rank 0
Node[517]: Running on rank 0
Node[518]: Running on rank 0
Node[519]: Running on rank 0
Node[520]: Running on rank 0
Node[521]: Running on rank 0
Node[522]: Running on rank 0
Node[523]: Running on rank 0
Node[524]: Running on rank 0
Node[525]: Running on rank 0
Node[526]: Running on rank 0
Node[527]: Running on rank 0
Node[528]: Running on rank 0
Node[529]: Running on rank 0
Node[530]: Running on rank 0
Node[531]: Running on rank 0
Node[532]: Running on rank 0
Node[533]: Running on rank 0
Node[534]: Running on rank 0
Node[535]: Running on rank 0
Node[536]: Running on rank 0
Node[537]: Running on rank 0
Node[538]: Running on rank 0
Node[539]: Running on rank 0
Node[540]: Running on rank 0
Node[541]: Running on rank 0
Node[542]: Running on rank 0
Node[543]: Running on rank 0
Node[544]: Running on rank 0
Node[545]: Running on rank 0
Node[546]: Running on rank 0
Node[547]: Running on rank 0
Node[548]: Running on rank 0
Node[549]: Running on rank 0
Node[550]: Running on rank 0
Node[551]: Running on rank 0
Node[552]: Running on rank 0
Node[553]: Running on rank 0
Node[554]: Running on rank 0
Node[555]: Running on rank 0
Node[556]: Running on rank 0
Node[557]: Running on rank 0
Node[558]: Running on rank 0
Node[559]: Running on rank 0
Node[560]: Running on rank 0
Node[561]: Running on rank 0
Node[562]: Running on rank 0
Node[563]: Running on rank 0
Node[564]: Running on rank 0
Node[565]: Running on rank 0
Node[566]: Running on rank 0
Node[567]: Running on rank 0
Node[568]: Running on rank 0
Node[569]: Running on rank 0
Node[570]: Running on rank 0
Node[571]: Running on rank 0
Node[572]: Running on rank 0
Node[573]: Running on rank 0
Node[574]: Running on rank 0
Node[575]: Running on rank 0
Node[576]: Running on rank 0
Node[577]: Running on rank 0
Node[578]: Running on rank 0
Node[579]: Running on rank 0
Node[580]: Running on rank 0
Node[581]: Running on rank 0
Node[582]: Running on rank 0
Node[583]: Running on rank 0
Node[584]: Running on rank 0
Node[585]: Running on rank 0
Node[586]: Running on rank 0
Node[587]: Running on rank 0
Node[588]: Running on rank 0
Node[589]: Running on rank 0
Node[590]: Running on rank 0
Node[591]: Running on rank 0
Node[592]: Running on rank 0
Node[593]: Running on rank 0
Node[594]: Running on rank 0
Node[595]: Running on rank 0
Node[596]: Running on rank 0
Node[597]: Running on rank 0
Node[598]: Running on rank 0
Node[599]: Running on rank 0
Node[600]: Running on rank 0
Node[601]: Running on rank 0
Node[602]: Running on rank 0
Node[603]: Running on rank 0
Node[604]: Running on rank 0
Node[605]: Running on rank 0
Node[606]: Running on rank 0
Node[607]: Running on rank 0
Node[608]: Running on rank 0
Node[609]: Running on rank 0
Node[610]: Running on rank 0
Node[611]: Running on rank 0
Node[612]: Running on rank 0
Node[613]: Running on rank 0
Node[614]: Running on rank 0
Node[615]: Running on rank 0
Node[616]: Running on rank 0
Node[617]: Running on rank 0
Node[618]: Running on rank 0
Node[619]: Running on rank 0
Node[620]: Running on rank 0
Node[621]: Running on rank 0
Node[622]: Running on rank 0
Node[623]: Running on rank 0
Node[624]: Running on rank 0
Node[625]: Running on rank 0
Node[626]: Running on rank 0
Node[627]: Running on rank 0
Node[628]: Running on rank 0
Node[629]: Running on rank 0
Node[630]: Running on rank 0
Node[631]: Running on rank 0
Node[632]: Running on rank 0
Node[633]: Running on rank 0
Node[634]: Running on rank 0
Node[635]: Running on rank 0
Node[636]: Running on rank 0
Node[637]: Running on rank 0
Node[638]: Running on rank 0
Node[639]: Running on rank 0
Node[640]: Running on rank 0
Node[641]: Running on rank 0
Node[642]: Running on rank 0
Node[643]: Running on rank 0
Node[644]: Running on rank 0
Node[645]: Running on rank 0
Node[646]: Running on rank 0
Node[647]: Running on rank 0
Node[648]: Running on rank 0
Node[649]: Running on rank 0
Node[650]: Running on rank 0
Node[651]: Running on rank 0
Node[652]: Running on rank 0
Node[653]: Running on rank 0
Node[654]: Running on rank 0
Node[655]: Running on rank 0
Node[656]: Running on rank 0
Node[657]: Running on rank 0
Node[658]: Running on rank 0
Node[659]: Running on rank 0
Node[660]: Running on rank 0
Node[661]: Running on rank 0
Node[662]: Running on rank 0
Node[663]: Running on rank 0
Node[664]: Running on rank 0
Node[665]: Running on rank 0
Node[666]: Running on rank 0
Node[667]: Running on rank 0
Node[668]: Running on rank 0
Node[669]: Running on rank 0
Node[670]: Running on rank 0
Node[671]: Running on rank 0
Node[672]: Running on rank 0
Node[673]: Running on rank 0
Node[674]: Running on rank 0
Node[675]: Running on rank 0
Node[676]: Running on rank 0
Node[677]: Running on rank 0
Node[678]: Running on rank 0
Node[679]: Running on rank 0
Node[680]: Running on rank 0
Node[681]: Running on rank 0
Node[682]: Running on rank 0
Node[683]: Running on rank 0
Node[684]: Running on rank 0
Node[685]: Running on rank 0
Node[686]: Running on rank 0
Node[687]: Running on rank 0
Node[688]: Running on rank 0
Node[689]: Running on rank 0
Node[690]: Running on rank 0
Node[691]: Running on rank 0
Node[692]: Running on rank 0
Node[693]: Running on rank 0
Node[694]: Running on rank 0
Node[695]: Running on rank 0
Node[696]: Running on rank 0
Node[697]: Running on rank 0
Node[698]: Running on rank 0
Node[699]: Running on rank 0
Node[700]: Running on rank 0
Node[701]: Running on rank 0
Node[702]: Running on rank 0
Node[703]: Running on rank 0
Node[704]: Running on rank 0
Node[705]: Running on rank 0
Node[706]: Running on rank 0
Node[707]: Running on rank 0
Node[708]: Running on rank 0
Node[709]: Running on rank 0
Node[710]: Running on rank 0
Node[711]: Running on rank 0
Node[712]: Running on rank 0
Node[713]: Running on rank 0
Node[714]: Running on rank 0
Node[715]: Running on rank 0
Node[716]: Running on rank 0
Node[717]: Running on rank 0
Node[718]: Running on rank 0
Node[719]: Running on rank 0
Node[720]: Running on rank 0
Node[721]: Running on rank 0
Node[722]: Running on rank 0
Node[723]: Running on rank 0
Node[724]: Running on rank 0
Node[725]: Running on rank 0
Node[726]: Running on rank 0
Node[727]: Running on rank 0
Node[728]: Running on rank 0
Node[729]: Running on rank 0
Node[730]: Running on rank 0
Node[731]: Running on rank 0
Node[732]: Running on rank 0
Node[733]: Running on rank 0
Node[734]: Running on rank 0
Node[735]: Running on rank 0
Node[736]: Running on rank 0
Node[737]: Running on rank 0
Node[738]: Running on rank 0
Node[739]: Running on rank 0
Node[740]: Running on rank 0
Node[741]: Running on rank 0
Node[742]: Running on rank 0
Node[743]: Running on rank 0
Node[744]: Running on rank 0
Node[745]: Running on rank 0
Node[746]: Running on rank 0
Node[747]: Running on rank 0
Node[748]: Running on rank 0
Node[749]: Running on rank 0
Node[750]: Running on rank 0
Node[751]: Running on rank 0
Node[752]: Running on rank 0
Node[753]: Running on rank 0
Node[754]: Running on rank 0
Node[755]: Running on rank 0
Node[756]: Running on rank 0
Node[757]: Running on rank 0
Node[758]: Running on rank 0
Node[759]: Running on rank 0
Node[760]: Running on rank 0
Node[761]: Running on rank 0
Node[762]: Running on rank 0
Node[763]: Running on rank 0
Node[764]: Running on rank 0
Node[765]: Running on rank 0
Node[766]: Running on rank 0
Node[767]: Running on rank 0
Node[768]: Running on rank 0
Node[769]: Running on rank 0
Node[770]: Running on rank 0
Node[771]: Running on rank 0
Node[772]: Running on rank 0
Node[773]: Running on rank 0
Node[774]: Running on rank 0
Node[775]: Running on rank 0
Node[776]: Running on rank 0
Node[777]: Running on rank 0
Node[778]: Running on rank 0
Node[779]: Running on rank 0
Node[780]: Running on rank 0
Node[781]: Running on rank 0
Node[782]: Running on rank 0
Node[783]: Running on rank 0
Node[784]: Running on rank 0
Node[785]: Running on rank 0
Node[786]: Running on rank 0
Node[787]: Running on rank 0
Node[788]: Running on rank 0
Node[789]: Running on rank 0
Node[790]: Running on rank 0
Node[791]: Running on rank 0
Node[792]: Running on rank 0
Node[793]: Running on rank 0
Node[794]: Running on rank 0
Node[795]: Running on rank 0
Node[796]: Running on rank 0
Node[797]: Running on rank 0
Node[798]: Running on rank 0
Node[799]: Running on rank 0
Node[800]: Running on rank 0
Node[801]: Running on rank 0
Node[802]: Running on rank 0
Node[803]: Running on rank 0
Node[804]: Running on rank 0
Node[805]: Running on rank 0
Node[806]: Running on rank 0
Node[807]: Running on rank 0
Node[808]: Running on rank 0
Node[809]: Running on rank 0
Node[810]: Running on rank 0
Node[811]: Running on rank 0
Node[812]: Running on rank 0
Node[813]: Running on rank 0
Node[814]: Running on rank 0
Node[815]: Running on rank 0
Node[816]: Running on rank 0
Node[817]: Running on rank 0
Node[818]: Running on rank 0
Node[819]: Running on rank 0
Node[820]: Running on rank 0
Node[821]: Running on rank 0
Node[822]: Running on rank 0
Node[823]: Running on rank 0
Node[824]: Running on rank 0
Node[825]: Running on rank 0
Node[826]: Running on rank 0
Node[827]: Running on rank 0
Node[828]: Running on rank 0
Node[829]: Running on rank 0
Node[830]: Running on rank 0
Node[831]: Running on rank 0
Node[832]: Running on rank 0
Node[833]: Running on rank 0
Node[834]: Running on rank 0
Node[835]: Running on rank 0
Node[836]: Running on rank 0
Node[837]: Running on rank 0
Node[838]: Running on rank 0
Node[839]: Running on rank 0
Node[840]: Running on rank 0
Node[841]: Running on rank 0
Node[842]: Running on rank 0
Node[843]: Running on rank 0
Node[844]: Running on rank 0
Node[845]: Running on rank 0
Node[846]: Running on rank 0
Node[847]: Running on rank 0
Node[848]: Running on rank 0
Node[849]: Running on rank 0
Node[850]: Running on rank 0
Node[851]: Running on rank 0
Node[852]: Running on rank 0
Node[853]: Running on rank 0
Node[854]: Running on rank 0
Node[855]: Running on rank 0
Node[856]: Running on rank 0
Node[857]: Running on rank 0
Node[858]: Running on rank 0
Node[859]: Running on rank 0
Node[860]: Running on rank 0
Node[861]: Running on rank 0
Node[862]: Running on rank 0
Node[863]: Running on rank 0
Node[864]: Running on rank 0
Node[865]: Running on rank 0
Node[866]: Running on rank 0
Node[867]: Running on rank 0
Node[868]: Running on rank 0
Node[869]: Running on rank 0
Node[870]: Running on rank 0
Node[871]: Running on rank 0
Node[872]: Running on rank 0
Node[873]: Running on rank 0
Node[874]: Running on rank 0
Node[875]: Running on rank 0
Node[876]: Running on rank 0
Node[877]: Running on rank 0
Node[878]: Running on rank 0
Node[879]: Running on rank 0
Node[880]: Running on rank 0
Node[881]: Running on rank 0
Node[882]: Running on rank 0
Node[883]: Running on rank 0
Node[884]: Running on rank 0
Node[885]: Running on rank 0
Node[886]: Running on rank 0
Node[887]: Running on rank 0
Node[888]: Running on rank 0
Node[889]: Running on rank 0
Node[890]: Running on rank 0
Node[891]: Running on rank 0
Node[892]: Running on rank 0
Node[893]: Running on rank 0
Node[894]: Running on rank 0
Node[895]: Running on rank 0
Node[896]: Running on rank 0
Node[897]: Running on rank 0
Node[898]: Running on rank 0
Node[899]: Running on rank 0
Node[900]: Running on rank 0
Node[901]: Running on rank 0
Node[902]: Running on rank 0
Node[903]: Running on rank 0
Node[904]: Running on rank 0
Node[905]: Running on rank 0
Node[906]: Running on rank 0
Node[907]: Running on rank 0
Node[908]: Running on rank 0
Node[909]: Running on rank 0
Node[910]: Running on rank 0
Node[911]: Running on rank 0
Node[912]: Running on rank 0
Node[913]: Running on rank 0
Node[914]: Running on rank 0
Node[915]: Running on rank 0
Node[916]: Running on rank 0
Node[917]: Running on rank 0
Node[918]: Running on rank 0
Node[919]: Running on rank 0
Node[920]: Running on rank 0
Node[921]: Running on rank 0
Node[922]: Running on rank 0
Node[923]: Running on rank 0
Node[924]: Running on rank 0
Node[925]: Running on rank 0
Node[926]: Running on rank 0
Node[927]: Running on rank 0
Node[928]: Running on rank 0
Node[929]: Running on rank 0
Node[930]: Running on rank 0
Node[931]: Running on rank 0
Node[932]: Running on rank 0
Node[933]: Running on rank 0
Node[934]: Running on rank 0
Node[935]: Running on rank 0
Node[936]: Running on rank 0
Node[937]: Running on rank 0
Node[938]: Running on rank 0
Node[939]: Running on rank 0
Node[940]: Running on rank 0
Node[941]: Running on rank 0
Node[942]: Running on rank 0
Node[943]: Running on rank 0
Node[944]: Running on rank 0
Node[945]: Running on rank 0
Node[946]: Running on rank 0
Node[947]: Running on rank 0
Node[948]: Running on rank 0
Node[949]: Running on rank 0
Node[950]: Running on rank 0
Node[951]: Running on rank 0
Node[952]: Running on rank 0
Node[953]: Running on rank 0
Node[954]: Running on rank 0
Node[955]: Running on rank 0
Node[956]: Running on rank 0
Node[957]: Running on rank 0
Node[958]: Running on rank 0
Node[959]: Running on rank 0
Node[960]: Running on rank 0
Node[961]: Running on rank 0
Node[962]: Running on rank 0
Node[963]: Running on rank 0
Node[964]: Running on rank 0
Node[965]: Running on rank 0
Node[966]: Running on rank 0
Node[967]: Running on rank 0
Node[968]: Running on rank 0
Node[969]: Running on rank 0
Node[970]: Running on rank 0
Node[971]: Running on rank 0
Node[972]: Running on rank 0
Node[973]: Running on rank 0
Node[974]: Running on rank 0
Node[975]: Running on rank 0
Node[976]: Running on rank 0
Node[977]: Running on rank 0
Node[978]: Running on rank 0
Node[979]: Running on rank 0
Node[980]: Running on rank 0
Node[981]: Running on rank 0
Node[982]: Running on rank 0
Node[983]: Running on rank 0
Node[984]: Running on rank 0
Node[985]: Running on rank 0
Node[986]: Running on rank 0
Node[987]: Running on rank 0
Node[988]: Running on rank 0
Node[989]: Running on rank 0
Node[990]: Running on rank 0
Node[991]: Running on rank 0
Node[992]: Running on rank 0
Node[993]: Running on rank 0
Node[994]: Running on rank 0
Node[995]: Running on rank 0
Node[996]: Running on rank 0
Node[997]: Running on rank 0
Node[998]: Running on rank 0
Node[999]: Running on rank 0
ReportNode[0]: Running on rank 0
B-13444240 -- Reliability:100.0%  Nodes:1000  Latency:12  RMR:0.662  Gossip:1660  IHAVE:11239  GRAFT:659
B-14666629 -- Reliability:100.0%  Nodes:1000  Latency:12  RMR:0.792  Gossip:1790  IHAVE:17037  GRAFT:648
B-15521326 -- Reliability:100.0%  Nodes:1000  Latency:9  RMR:0.851  Gossip:1849  IHAVE:16790  GRAFT:671
B-17429035 -- Reliability:100.0%  Nodes:1000  Latency:9  RMR:1.933  Gossip:2930  IHAVE:16832  GRAFT:1576
B-19844282 -- Reliability:100.0%  Nodes:1000  Latency:17  RMR:0.423  Gossip:1422  IHAVE:11685  GRAFT:363
B-24979577 -- Reliability:100.0%  Nodes:1000  Latency:8  RMR:1.011  Gossip:2009  IHAVE:17003  GRAFT:958
B-26012843 -- Reliability:100.0%  Nodes:1000  Latency:18  RMR:0.453  Gossip:1452  IHAVE:12165  GRAFT:422
B-27843187 -- Reliability:100.0%  Nodes:1000  Latency:7  RMR:0.835  Gossip:1833  IHAVE:16979  GRAFT:767
B-28819647 -- Reliability:100.0%  Nodes:1000  Latency:14  RMR:0.878  Gossip:1876  IHAVE:14947  GRAFT:801
B-29363311 -- Reliability:100.0%  Nodes:1000  Latency:14  RMR:0.699  Gossip:1697  IHAVE:16774  GRAFT:692
B-29664219 -- Reliability:100.0%  Nodes:1000  Latency:8  RMR:1.354  Gossip:2352  IHAVE:16982  GRAFT:1304
B-33472002 -- Reliability:100.0%  Nodes:1000  Latency:7  RMR:1.004  Gossip:2002  IHAVE:17029  GRAFT:877
B-34262559 -- Reliability:100.0%  Nodes:1000  Latency:10  RMR:0.278  Gossip:1277  IHAVE:17023  GRAFT:272
B-34354385 -- Reliability:100.0%  Nodes:1000  Latency:15  RMR:0.522  Gossip:1520  IHAVE:8453  GRAFT:519
B-36540501 -- Reliability:100.0%  Nodes:1000  Latency:16  RMR:0.448  Gossip:1447  IHAVE:14817  GRAFT:410
B-39260573 -- Reliability:100.0%  Nodes:1000  Latency:6  RMR:1.622  Gossip:2619  IHAVE:16981  GRAFT:1569
B-39304921 -- Reliability:100.0%  Nodes:1000  Latency:8  RMR:1.63  Gossip:2627  IHAVE:16845  GRAFT:1209
B-39356544 -- Reliability:100.0%  Nodes:1000  Latency:11  RMR:0.692  Gossip:1690  IHAVE:17037  GRAFT:631
B-39370551 -- Reliability:100.0%  Nodes:1000  Latency:14  RMR:0.247  Gossip:1246  IHAVE:14612  GRAFT:227
B-39416839 -- Reliability:100.0%  Nodes:1000  Latency:9  RMR:1.384  Gossip:2382  IHAVE:16830  GRAFT:858
B-39988406 -- Reliability:100.0%  Nodes:1000  Latency:8  RMR:0.979  Gossip:1977  IHAVE:17042  GRAFT:945
B-40058740 -- Reliability:100.0%  Nodes:1000  Latency:14  RMR:0.364  Gossip:1363  IHAVE:10046  GRAFT:359
B-41279204 -- Reliability:100.0%  Nodes:1000  Latency:16  RMR:0.862  Gossip:1860  IHAVE:14325  GRAFT:591
B-41351422 -- Reliability:100.0%  Nodes:1000  Latency:7  RMR:1.62  Gossip:2617  IHAVE:16978  GRAFT:1583
B-45924666 -- Reliability:100.0%  Nodes:1000  Latency:7  RMR:1.694  Gossip:2691  IHAVE:16918  GRAFT:1368
B-59093509 -- Reliability:100.0%  Nodes:1000  Latency:15  RMR:0.493  Gossip:1492  IHAVE:8358  GRAFT:449
B-61641708 -- Reliability:100.0%  Nodes:1000  Latency:11  RMR:0.446  Gossip:1445  IHAVE:16797  GRAFT:189
B-62932815 -- Reliability:100.0%  Nodes:1000  Latency:9  RMR:0.86  Gossip:1858  IHAVE:16962  GRAFT:644
B-63257715 -- Reliability:100.0%  Nodes:1000  Latency:15  RMR:0.482  Gossip:1481  IHAVE:14282  GRAFT:422
B-63464317 -- Reliability:100.0%  Nodes:1000  Latency:11  RMR:0.862  Gossip:1860  IHAVE:16866  GRAFT:486
B-63502352 -- Reliability:100.0%  Nodes:1000  Latency:8  RMR:1.466  Gossip:2464  IHAVE:16936  GRAFT:1347
B-66876426 -- Reliability:100.0%  Nodes:1000  Latency:11  RMR:1.191  Gossip:2189  IHAVE:16986  GRAFT:1055
B-66980652 -- Reliability:100.0%  Nodes:1000  Latency:8  RMR:1.471  Gossip:2469  IHAVE:16915  GRAFT:1221
B-68681493 -- Reliability:100.0%  Nodes:1000  Latency:12  RMR:0.629  Gossip:1627  IHAVE:11413  GRAFT:425
B-69074080 -- Reliability:100.0%  Nodes:1000  Latency:8  RMR:0.937  Gossip:1935  IHAVE:17023  GRAFT:889
B-70079767 -- Reliability:100.0%  Nodes:1000  Latency:9  RMR:1.929  Gossip:2926  IHAVE:16822  GRAFT:1399
B-70125975 -- Reliability:100.0%  Nodes:1000  Latency:9  RMR:1.684  Gossip:2681  IHAVE:16997  GRAFT:1600
B-74275106 -- Reliability:100.0%  Nodes:1000  Latency:15  RMR:0.686  Gossip:1684  IHAVE:16532  GRAFT:430
B-74849441 -- Reliability:100.0%  Nodes:1000  Latency:7  RMR:1.238  Gossip:2236  IHAVE:16844  GRAFT:832
B-76241838 -- Reliability:100.0%  Nodes:1000  Latency:8  RMR:0.985  Gossip:1983  IHAVE:16944  GRAFT:737
B-78302022 -- Reliability:100.0%  Nodes:1000  Latency:7  RMR:1.012  Gossip:2010  IHAVE:17001  GRAFT:914
B-81630637 -- Reliability:100.0%  Nodes:1000  Latency:9  RMR:1.297  Gossip:2295  IHAVE:16984  GRAFT:1158
B-81834957 -- Reliability:100.0%  Nodes:1000  Latency:11  RMR:0.996  Gossip:1994  IHAVE:12823  GRAFT:831
B-81941226 -- Reliability:100.0%  Nodes:1000  Latency:13  RMR:0.49  Gossip:1489  IHAVE:16755  GRAFT:489
B-83933030 -- Reliability:100.0%  Nodes:1000  Latency:8  RMR:1.894  Gossip:2891  IHAVE:16854  GRAFT:1533
B-86745862 -- Reliability:100.0%  Nodes:1000  Latency:8  RMR:1.252  Gossip:2250  IHAVE:17017  GRAFT:1168
B-86840102 -- Reliability:100.0%  Nodes:1000  Latency:11  RMR:0.659  Gossip:1657  IHAVE:17025  GRAFT:594
B-87676420 -- Reliability:100.0%  Nodes:1000  Latency:12  RMR:0.991  Gossip:1989  IHAVE:17017  GRAFT:795
B-88767794 -- Reliability:100.0%  Nodes:1000  Latency:8  RMR:0.974  Gossip:1972  IHAVE:16885  GRAFT:620
B-89833947 -- Reliability:100.0%  Nodes:1000  Latency:18  RMR:0.478  Gossip:1477  IHAVE:12289  GRAFT:432
B-91138703 -- Reliability:100.0%  Nodes:1000  Latency:10  RMR:0.758  Gossip:1756  IHAVE:15829  GRAFT:516
B-91589660 -- Reliability:100.0%  Nodes:1000  Latency:8  RMR:0.883  Gossip:1881  IHAVE:17039  GRAFT:826
B-97898229 -- Reliability:100.0%  Nodes:1000  Latency:10  RMR:1.469  Gossip:2467  IHAVE:16950  GRAFT:1147
B-98233985 -- Reliability:100.0%  Nodes:1000  Latency:9  RMR:1.396  Gossip:2394  IHAVE:17012  GRAFT:1373
B-99274981 -- Reliability:100.0%  Nodes:1000  Latency:8  RMR:1.764  Gossip:2761  IHAVE:16831  GRAFT:1232
B-99296463 -- Reliability:100.0%  Nodes:1000  Latency:9  RMR:1.793  Gossip:2790  IHAVE:16833  GRAFT:1362
B-99891004 -- Reliability:100.0%  Nodes:1000  Latency:17  RMR:0.579  Gossip:1577  IHAVE:13277  GRAFT:439
T-11196407 -- Reliability:100.0%  Nodes:1000  Latency:13  RMR:1.017  Gossip:2015  IHAVE:16975  GRAFT:627
T-11233705 -- Reliability:100.0%  Nodes:1000  Latency:19  RMR:0.527  Gossip:1525  IHAVE:14830  GRAFT:509
T-11515285 -- Reliability:100.0%  Nodes:1000  Latency:14  RMR:1.142  Gossip:2140  IHAVE:17010  GRAFT:1020
T-11538356 -- Reliability:100.0%  Nodes:1000  Latency:6  RMR:1.512  Gossip:2509  IHAVE:16963  GRAFT:1437
T-11540701 -- Reliability:100.0%  Nodes:1000  Latency:9  RMR:1.51  Gossip:2507  IHAVE:16949  GRAFT:1213
T-11544742 -- Reliability:100.0%  Nodes:1000  Latency:8  RMR:0.807  Gossip:1805  IHAVE:17014  GRAFT:778
T-11568144 -- Reliability:100.0%  Nodes:1000  Latency:8  RMR:1.297  Gossip:2295  IHAVE:17024  GRAFT:1245
T-11745537 -- Reliability:100.0%  Nodes:1000  Latency:8  RMR:1.596  Gossip:2593  IHAVE:16938  GRAFT:1337
T-11827034 -- Reliability:100.0%  Nodes:1000  Latency:14  RMR:0.87  Gossip:1868  IHAVE:16934  GRAFT:830
T-11913629 -- Reliability:100.0%  Nodes:1000  Latency:7  RMR:1.49  Gossip:2488  IHAVE:16919  GRAFT:1324
T-12242281 -- Reliability:100.0%  Nodes:1000  Latency:7  RMR:1.768  Gossip:2765  IHAVE:17001  GRAFT:1702
T-12510579 -- Reliability:100.0%  Nodes:1000  Latency:9  RMR:0.853  Gossip:1851  IHAVE:17011  GRAFT:776
T-12562869 -- Reliability:100.0%  Nodes:1000  Latency:12  RMR:0.426  Gossip:1425  IHAVE:15867  GRAFT:316
T-12591441 -- Reliability:100.0%  Nodes:1000  Latency:13  RMR:0.864  Gossip:1862  IHAVE:15862  GRAFT:845
T-12595127 -- Reliability:100.0%  Nodes:1000  Latency:8  RMR:1.728  Gossip:2725  IHAVE:16945  GRAFT:1467
T-13061279 -- Reliability:100.0%  Nodes:1000  Latency:7  RMR:1.63  Gossip:2627  IHAVE:16954  GRAFT:1581
T-13130148 -- Reliability:100.0%  Nodes:1000  Latency:9  RMR:1.551  Gossip:2548  IHAVE:16952  GRAFT:1226
T-13354917 -- Reliability:100.0%  Nodes:1000  Latency:11  RMR:0.359  Gossip:1358  IHAVE:9398  GRAFT:299
T-13430582 -- Reliability:100.0%  Nodes:1000  Latency:10  RMR:0.988  Gossip:1986  IHAVE:17040  GRAFT:969
T-14014949 -- Reliability:100.0%  Nodes:1000  Latency:11  RMR:1.084  Gossip:2082  IHAVE:17050  GRAFT:966
T-14774538 -- Reliability:100.0%  Nodes:1000  Latency:12  RMR:0.603  Gossip:1601  IHAVE:15375  GRAFT:293
T-15631139 -- Reliability:100.0%  Nodes:1000  Latency:17  RMR:0.302  Gossip:1301  IHAVE:11724  GRAFT:285
T-16260021 -- Reliability:100.0%  Nodes:1000  Latency:13  RMR:0.422  Gossip:1421  IHAVE:14056  GRAFT:360
T-16369272 -- Reliability:100.0%  Nodes:1000  Latency:8  RMR:1.394  Gossip:2392  IHAVE:16902  GRAFT:1004
T-16459721 -- Reliability:100.0%  Nodes:1000  Latency:7  RMR:1.516  Gossip:2513  IHAVE:17005  GRAFT:1336
T-16534316 -- Reliability:100.0%  Nodes:1000  Latency:9  RMR:0.898  Gossip:1896  IHAVE:17071  GRAFT:871
T-16548240 -- Reliability:100.0%  Nodes:1000  Latency:11  RMR:0.38  Gossip:1379  IHAVE:15118  GRAFT:328
T-16694018 -- Reliability:100.0%  Nodes:1000  Latency:11  RMR:0.679  Gossip:1677  IHAVE:15777  GRAFT:611
T-16800441 -- Reliability:100.0%  Nodes:1000  Latency:9  RMR:1.562  Gossip:2559  IHAVE:16917  GRAFT:1392
T-16938950 -- Reliability:100.0%  Nodes:1000  Latency:17  RMR:0.523  Gossip:1521  IHAVE:11748  GRAFT:432
T-17139219 -- Reliability:100.0%  Nodes:1000  Latency:8  RMR:1.512  Gossip:2509  IHAVE:17018  GRAFT:1476
T-17232856 -- Reliability:100.0%  Nodes:1000  Latency:13  RMR:0.759  Gossip:1757  IHAVE:13736  GRAFT:628
T-17492735 -- Reliability:100.0%  Nodes:1000  Latency:14  RMR:0.321  Gossip:1320  IHAVE:10060  GRAFT:320
T-17504115 -- Reliability:100.0%  Nodes:1000  Latency:10  RMR:0.478  Gossip:1477  IHAVE:14833  GRAFT:477
T-17736018 -- Reliability:100.0%  Nodes:1000  Latency:11  RMR:0.731  Gossip:1729  IHAVE:15872  GRAFT:730
T-17854299 -- Reliability:100.0%  Nodes:1000  Latency:12  RMR:0.615  Gossip:1613  IHAVE:16811  GRAFT:533
T-17959534 -- Reliability:100.0%  Nodes:1000  Latency:12  RMR:0.798  Gossip:1796  IHAVE:16271  GRAFT:707
T-17979441 -- Reliability:100.0%  Nodes:1000  Latency:9  RMR:1.2  Gossip:2198  IHAVE:16959  GRAFT:974
T-18127446 -- Reliability:100.0%  Nodes:1000  Latency:15  RMR:0.472  Gossip:1471  IHAVE:8999  GRAFT:441
T-18141397 -- Reliability:100.0%  Nodes:1000  Latency:12  RMR:0.694  Gossip:1692  IHAVE:15089  GRAFT:623
T-18249330 -- Reliability:100.0%  Nodes:1000  Latency:8  RMR:1.13  Gossip:2128  IHAVE:17053  GRAFT:1094
T-18623392 -- Reliability:100.0%  Nodes:1000  Latency:11  RMR:1.014  Gossip:2012  IHAVE:16940  GRAFT:795
T-18882158 -- Reliability:100.0%  Nodes:1000  Latency:17  RMR:1.041  Gossip:2039  IHAVE:14821  GRAFT:1033
T-18905698 -- Reliability:100.0%  Nodes:1000  Latency:11  RMR:0.672  Gossip:1670  IHAVE:17075  GRAFT:613
T-18905754 -- Reliability:100.0%  Nodes:1000  Latency:7  RMR:1.652  Gossip:2649  IHAVE:16873  GRAFT:1279
T-18974963 -- Reliability:100.0%  Nodes:1000  Latency:12  RMR:1.008  Gossip:2006  IHAVE:16232  GRAFT:914
T-19010480 -- Reliability:100.0%  Nodes:1000  Latency:10  RMR:0.475  Gossip:1474  IHAVE:11733  GRAFT:459
T-19014466 -- Reliability:100.0%  Nodes:1000  Latency:7  RMR:0.861  Gossip:1859  IHAVE:17029  GRAFT:817
T-19095798 -- Reliability:100.0%  Nodes:1000  Latency:7  RMR:1.038  Gossip:2036  IHAVE:16982  GRAFT:970
T-19105804 -- Reliability:100.0%  Nodes:1000  Latency:12  RMR:0.45  Gossip:1449  IHAVE:16060  GRAFT:432
T-19400018 -- Reliability:100.0%  Nodes:1000  Latency:12  RMR:0.443  Gossip:1442  IHAVE:15863  GRAFT:406
T-19486614 -- Reliability:100.0%  Nodes:1000  Latency:12  RMR:1.093  Gossip:2091  IHAVE:16146  GRAFT:815
T-19715171 -- Reliability:100.0%  Nodes:1000  Latency:9  RMR:1.472  Gossip:2470  IHAVE:16980  GRAFT:1180
T-20122647 -- Reliability:100.0%  Nodes:1000  Latency:7  RMR:1.729  Gossip:2726  IHAVE:16808  GRAFT:1352
T-20127618 -- Reliability:100.0%  Nodes:1000  Latency:10  RMR:1.497  Gossip:2495  IHAVE:16943  GRAFT:1306
T-20173249 -- Reliability:100.0%  Nodes:1000  Latency:11  RMR:0.477  Gossip:1476  IHAVE:15492  GRAFT:386
T-20463321 -- Reliability:100.0%  Nodes:1000  Latency:11  RMR:1.059  Gossip:2057  IHAVE:16430  GRAFT:720
T-20509408 -- Reliability:100.0%  Nodes:1000  Latency:14  RMR:0.843  Gossip:1841  IHAVE:12916  GRAFT:526
T-20728628 -- Reliability:100.0%  Nodes:1000  Latency:10  RMR:1.042  Gossip:2040  IHAVE:15614  GRAFT:614
T-20879519 -- Reliability:100.0%  Nodes:1000  Latency:16  RMR:0.461  Gossip:1460  IHAVE:14470  GRAFT:345
T-20987917 -- Reliability:100.0%  Nodes:1000  Latency:8  RMR:1.357  Gossip:2355  IHAVE:16916  GRAFT:1237
T-21153175 -- Reliability:100.0%  Nodes:1000  Latency:18  RMR:0.485  Gossip:1484  IHAVE:13974  GRAFT:433
T-21363581 -- Reliability:100.0%  Nodes:1000  Latency:13  RMR:0.33  Gossip:1329  IHAVE:8686  GRAFT:315
T-21447651 -- Reliability:100.0%  Nodes:1000  Latency:13  RMR:1.722  Gossip:2719  IHAVE:16891  GRAFT:1107
T-21469681 -- Reliability:100.0%  Nodes:1000  Latency:8  RMR:1.129  Gossip:2127  IHAVE:17072  GRAFT:1070
T-21515025 -- Reliability:100.0%  Nodes:1000  Latency:13  RMR:0.682  Gossip:1680  IHAVE:16096  GRAFT:645
T-21646962 -- Reliability:100.0%  Nodes:1000  Latency:9  RMR:0.882  Gossip:1880  IHAVE:17010  GRAFT:831
T-21664002 -- Reliability:100.0%  Nodes:1000  Latency:8  RMR:1.887  Gossip:2884  IHAVE:16889  GRAFT:1537
T-21789117 -- Reliability:100.0%  Nodes:1000  Latency:6  RMR:1.741  Gossip:2738  IHAVE:16952  GRAFT:1472
T-22245450 -- Reliability:100.0%  Nodes:1000  Latency:8  RMR:1.62  Gossip:2617  IHAVE:16821  GRAFT:1041
T-22259330 -- Reliability:100.0%  Nodes:1000  Latency:11  RMR:0.37  Gossip:1369  IHAVE:10729  GRAFT:355
T-22291998 -- Reliability:100.0%  Nodes:1000  Latency:8  RMR:1.043  Gossip:2041  IHAVE:17000  GRAFT:887
T-22441844 -- Reliability:100.0%  Nodes:1000  Latency:15  RMR:0.354  Gossip:1353  IHAVE:9489  GRAFT:325
T-22454900 -- Reliability:100.0%  Nodes:1000  Latency:7  RMR:1.508  Gossip:2505  IHAVE:16932  GRAFT:1219
T-22466528 -- Reliability:100.0%  Nodes:1000  Latency:16  RMR:0.651  Gossip:1649  IHAVE:14806  GRAFT:400
T-22602835 -- Reliability:100.0%  Nodes:1000  Latency:16  RMR:0.687  Gossip:1685  IHAVE:14882  GRAFT:486
T-23013362 -- Reliability:100.0%  Nodes:1000  Latency:11  RMR:1.095  Gossip:2093  IHAVE:16963  GRAFT:992
T-23099250 -- Reliability:100.0%  Nodes:1000  Latency:10  RMR:0.575  Gossip:1573  IHAVE:11070  GRAFT:533
T-23171602 -- Reliability:100.0%  Nodes:1000  Latency:8  RMR:1.436  Gossip:2434  IHAVE:17002  GRAFT:1379
T-23378651 -- Reliability:100.0%  Nodes:1000  Latency:18  RMR:0.53  Gossip:1528  IHAVE:12174  GRAFT:363
T-23390261 -- Reliability:100.0%  Nodes:1000  Latency:7  RMR:0.976  Gossip:1974  IHAVE:17019  GRAFT:954
T-23443933 -- Reliability:100.0%  Nodes:1000  Latency:8  RMR:1.213  Gossip:2211  IHAVE:16931  GRAFT:1018
T-23664336 -- Reliability:100.0%  Nodes:1000  Latency:7  RMR:1.908  Gossip:2905  IHAVE:16706  GRAFT:1288
T-23670069 -- Reliability:100.0%  Nodes:1000  Latency:10  RMR:1.731  Gossip:2728  IHAVE:16924  GRAFT:1456
T-23766530 -- Reliability:100.0%  Nodes:1000  Latency:9  RMR:1.203  Gossip:2201  IHAVE:17022  GRAFT:1127
T-23862518 -- Reliability:100.0%  Nodes:1000  Latency:11  RMR:0.651  Gossip:1649  IHAVE:10447  GRAFT:644
T-23924257 -- Reliability:100.0%  Nodes:1000  Latency:9  RMR:1.255  Gossip:2253  IHAVE:16939  GRAFT:958
T-24014249 -- Reliability:100.0%  Nodes:1000  Latency:7  RMR:1.207  Gossip:2205  IHAVE:17039  GRAFT:1191
T-24145562 -- Reliability:100.0%  Nodes:1000  Latency:9  RMR:0.854  Gossip:1852  IHAVE:15054  GRAFT:730
T-24435995 -- Reliability:100.0%  Nodes:1000  Latency:15  RMR:0.396  Gossip:1395  IHAVE:16624  GRAFT:305
T-24461773 -- Reliability:100.0%  Nodes:1000  Latency:20  RMR:1.032  Gossip:2030  IHAVE:13768  GRAFT:637
T-24522552 -- Reliability:100.0%  Nodes:1000  Latency:13  RMR:0.791  Gossip:1789  IHAVE:15313  GRAFT:647
T-24556188 -- Reliability:100.0%  Nodes:1000  Latency:8  RMR:0.486  Gossip:1485  IHAVE:17021  GRAFT:484
T-24830329 -- Reliability:100.0%  Nodes:1000  Latency:10  RMR:0.715  Gossip:1713  IHAVE:16768  GRAFT:549
T-24961865 -- Reliability:100.0%  Nodes:1000  Latency:9  RMR:0.275  Gossip:1274  IHAVE:15130  GRAFT:275
T-25339781 -- Reliability:100.0%  Nodes:1000  Latency:9  RMR:1.316  Gossip:2314  IHAVE:17061  GRAFT:1255
T-25366331 -- Reliability:100.0%  Nodes:1000  Latency:7  RMR:0.887  Gossip:1885  IHAVE:16958  GRAFT:708
T-25916533 -- Reliability:100.0%  Nodes:1000  Latency:10  RMR:0.999  Gossip:1997  IHAVE:17059  GRAFT:989
T-26388303 -- Reliability:100.0%  Nodes:1000  Latency:7  RMR:1.72  Gossip:2717  IHAVE:16991  GRAFT:1551
T-26813154 -- Reliability:100.0%  Nodes:1000  Latency:8  RMR:1.234  Gossip:2232  IHAVE:17004  GRAFT:1156
T-26915515 -- Reliability:100.0%  Nodes:1000  Latency:12  RMR:0.555  Gossip:1553  IHAVE:15798  GRAFT:550
T-26952273 -- Reliability:100.0%  Nodes:1000  Latency:15  RMR:0.319  Gossip:1318  IHAVE:9508  GRAFT:306
T-27154780 -- Reliability:100.0%  Nodes:1000  Latency:8  RMR:1.298  Gossip:2296  IHAVE:16995  GRAFT:1258
T-27220676 -- Reliability:100.0%  Nodes:1000  Latency:12  RMR:0.495  Gossip:1494  IHAVE:13296  GRAFT:386
T-27815132 -- Reliability:100.0%  Nodes:1000  Latency:12  RMR:0.413  Gossip:1412  IHAVE:11740  GRAFT:399
T-27866041 -- Reliability:100.0%  Nodes:1000  Latency:8  RMR:1.259  Gossip:2257  IHAVE:17044  GRAFT:1243
T-28083162 -- Reliability:100.0%  Nodes:1000  Latency:8  RMR:1.371  Gossip:2369  IHAVE:16902  GRAFT:1008
T-28213018 -- Reliability:100.0%  Nodes:1000  Latency:7  RMR:0.974  Gossip:1972  IHAVE:17018  GRAFT:900
T-28346595 -- Reliability:100.0%  Nodes:1000  Latency:13  RMR:0.799  Gossip:1797  IHAVE:15275  GRAFT:640
T-28488417 -- Reliability:100.0%  Nodes:1000  Latency:17  RMR:1.201  Gossip:2199  IHAVE:14888  GRAFT:774
T-28545006 -- Reliability:100.0%  Nodes:1000  Latency:16  RMR:0.613  Gossip:1611  IHAVE:14427  GRAFT:200
T-28711586 -- Reliability:100.0%  Nodes:1000  Latency:7  RMR:1.737  Gossip:2734  IHAVE:17000  GRAFT:1656
T-28839192 -- Reliability:100.0%  Nodes:1000  Latency:8  RMR:1.634  Gossip:2631  IHAVE:16917  GRAFT:1376
T-29000720 -- Reliability:100.0%  Nodes:1000  Latency:8  RMR:1.884  Gossip:2881  IHAVE:16976  GRAFT:1763
T-29018231 -- Reliability:100.0%  Nodes:1000  Latency:7  RMR:1.299  Gossip:2297  IHAVE:16927  GRAFT:904
T-29038122 -- Reliability:100.0%  Nodes:1000  Latency:8  RMR:0.965  Gossip:1963  IHAVE:16952  GRAFT:709
T-29294884 -- Reliability:100.0%  Nodes:1000  Latency:13  RMR:0.599  Gossip:1597  IHAVE:15862  GRAFT:336
T-29301621 -- Reliability:100.0%  Nodes:1000  Latency:15  RMR:0.549  Gossip:1547  IHAVE:8907  GRAFT:416
T-29567829 -- Reliability:100.0%  Nodes:1000  Latency:8  RMR:1.598  Gossip:2595  IHAVE:16991  GRAFT:1479
T-29609353 -- Reliability:100.0%  Nodes:1000  Latency:8  RMR:1.403  Gossip:2401  IHAVE:17030  GRAFT:1341
T-29641997 -- Reliability:100.0%  Nodes:1000  Latency:13  RMR:0.778  Gossip:1776  IHAVE:10065  GRAFT:357
T-29658351 -- Reliability:100.0%  Nodes:1000  Latency:9  RMR:1.085  Gossip:2083  IHAVE:16978  GRAFT:964
T-29838779 -- Reliability:100.0%  Nodes:1000  Latency:7  RMR:1.302  Gossip:2300  IHAVE:17024  GRAFT:1252
T-30049007 -- Reliability:100.0%  Nodes:1000  Latency:15  RMR:1.014  Gossip:2012  IHAVE:15108  GRAFT:958
T-30464803 -- Reliability:100.0%  Nodes:1000  Latency:13  RMR:1.127  Gossip:2125  IHAVE:17026  GRAFT:1076
T-30501982 -- Reliability:100.0%  Nodes:1000  Latency:14  RMR:0.454  Gossip:1453  IHAVE:16506  GRAFT:434
T-30649310 -- Reliability:100.0%  Nodes:1000  Latency:8  RMR:1.607  Gossip:2604  IHAVE:16981  GRAFT:1518
T-30768902 -- Reliability:100.0%  Nodes:1000  Latency:8  RMR:1.751  Gossip:2748  IHAVE:16827  GRAFT:1233
T-30805074 -- Reliability:100.0%  Nodes:1000  Latency:7  RMR:1.093  Gossip:2091  IHAVE:16998  GRAFT:1033
T-31137386 -- Reliability:100.0%  Nodes:1000  Latency:11  RMR:0.639  Gossip:1637  IHAVE:16648  GRAFT:566
T-31271187 -- Reliability:100.0%  Nodes:1000  Latency:14  RMR:1.262  Gossip:2260  IHAVE:13449  GRAFT:672
T-31429320 -- Reliability:100.0%  Nodes:1000  Latency:13  RMR:0.741  Gossip:1739  IHAVE:15380  GRAFT:695
T-31529003 -- Reliability:100.0%  Nodes:1000  Latency:7  RMR:1.518  Gossip:2515  IHAVE:16961  GRAFT:1399
T-31872117 -- Reliability:100.0%  Nodes:1000  Latency:12  RMR:0.686  Gossip:1684  IHAVE:17005  GRAFT:640
T-32132964 -- Reliability:100.0%  Nodes:1000  Latency:8  RMR:1.927  Gossip:2924  IHAVE:16736  GRAFT:1335
T-32461963 -- Reliability:100.0%  Nodes:1000  Latency:6  RMR:1.504  Gossip:2501  IHAVE:17043  GRAFT:1452
T-32526455 -- Reliability:100.0%  Nodes:1000  Latency:16  RMR:1.004  Gossip:2002  IHAVE:14562  GRAFT:760
T-32569574 -- Reliability:100.0%  Nodes:1000  Latency:14  RMR:0.743  Gossip:1741  IHAVE:9948  GRAFT:565
T-32600882 -- Reliability:100.0%  Nodes:1000  Latency:8  RMR:1.847  Gossip:2844  IHAVE:16856  GRAFT:1547
T-32800224 -- Reliability:100.0%  Nodes:1000  Latency:8  RMR:1.43  Gossip:2428  IHAVE:16980  GRAFT:1317
T-32915690 -- Reliability:100.0%  Nodes:1000  Latency:11  RMR:0.462  Gossip:1461  IHAVE:14658  GRAFT:353
T-32923700 -- Reliability:100.0%  Nodes:1000  Latency:14  RMR:0.429  Gossip:1428  IHAVE:14851  GRAFT:407
T-33049857 -- Reliability:100.0%  Nodes:1000  Latency:7  RMR:1.466  Gossip:2464  IHAVE:16832  GRAFT:1151
T-33072306 -- Reliability:100.0%  Nodes:1000  Latency:17  RMR:0.709  Gossip:1707  IHAVE:14608  GRAFT:237
T-33193794 -- Reliability:100.0%  Nodes:1000  Latency:11  RMR:0.517  Gossip:1515  IHAVE:15798  GRAFT:438
T-33201968 -- Reliability:100.0%  Nodes:1000  Latency:15  RMR:0.459  Gossip:1458  IHAVE:9430  GRAFT:371
T-33225168 -- Reliability:100.0%  Nodes:1000  Latency:11  RMR:0.557  Gossip:1555  IHAVE:15478  GRAFT:446
T-33258240 -- Reliability:100.0%  Nodes:1000  Latency:8  RMR:1.76  Gossip:2757  IHAVE:16904  GRAFT:1501
T-33270174 -- Reliability:100.0%  Nodes:1000  Latency:8  RMR:2.057  Gossip:3054  IHAVE:16819  GRAFT:1537
T-33338762 -- Reliability:100.0%  Nodes:1000  Latency:8  RMR:1.207  Gossip:2205  IHAVE:16906  GRAFT:881
T-33507799 -- Reliability:100.0%  Nodes:1000  Latency:10  RMR:0.565  Gossip:1563  IHAVE:16578  GRAFT:558
T-34185042 -- Reliability:100.0%  Nodes:1000  Latency:12  RMR:0.505  Gossip:1503  IHAVE:10044  GRAFT:430
T-34193149 -- Reliability:100.0%  Nodes:1000  Latency:9  RMR:1.443  Gossip:2441  IHAVE:16978  GRAFT:1248
T-34269132 -- Reliability:100.0%  Nodes:1000  Latency:9  RMR:0.932  Gossip:1930  IHAVE:17061  GRAFT:931
T-34380859 -- Reliability:100.0%  Nodes:1000  Latency:8  RMR:1.239  Gossip:2237  IHAVE:16891  GRAFT:990
T-34480442 -- Reliability:100.0%  Nodes:1000  Latency:15  RMR:0.422  Gossip:1421  IHAVE:8446  GRAFT:291
T-34488039 -- Reliability:100.0%  Nodes:1000  Latency:9  RMR:0.882  Gossip:1880  IHAVE:17022  GRAFT:808
T-34677552 -- Reliability:100.0%  Nodes:1000  Latency:9  RMR:0.893  Gossip:1891  IHAVE:16942  GRAFT:804
T-35012265 -- Reliability:100.0%  Nodes:1000  Latency:10  RMR:0.755  Gossip:1753  IHAVE:15185  GRAFT:665
T-35098526 -- Reliability:100.0%  Nodes:1000  Latency:9  RMR:1.131  Gossip:2129  IHAVE:16940  GRAFT:909
T-35105691 -- Reliability:100.0%  Nodes:1000  Latency:9  RMR:1.259  Gossip:2257  IHAVE:17042  GRAFT:1128
T-35312902 -- Reliability:100.0%  Nodes:1000  Latency:10  RMR:1.008  Gossip:2006  IHAVE:15942  GRAFT:770
T-35322458 -- Reliability:100.0%  Nodes:1000  Latency:9  RMR:1.178  Gossip:2176  IHAVE:17055  GRAFT:1072
T-35410918 -- Reliability:100.0%  Nodes:1000  Latency:13  RMR:0.882  Gossip:1880  IHAVE:16827  GRAFT:408
T-35479579 -- Reliability:100.0%  Nodes:1000  Latency:14  RMR:0.361  Gossip:1360  IHAVE:9531  GRAFT:341
T-35643648 -- Reliability:100.0%  Nodes:1000  Latency:8  RMR:1.648  Gossip:2645  IHAVE:16893  GRAFT:1310
T-36015873 -- Reliability:100.0%  Nodes:1000  Latency:7  RMR:1.158  Gossip:2156  IHAVE:16862  GRAFT:785
T-36033362 -- Reliability:100.0%  Nodes:1000  Latency:12  RMR:0.512  Gossip:1510  IHAVE:16042  GRAFT:365
T-36417394 -- Reliability:100.0%  Nodes:1000  Latency:9  RMR:1.402  Gossip:2400  IHAVE:16986  GRAFT:1281
T-36853400 -- Reliability:100.0%  Nodes:1000  Latency:9  RMR:1.681  Gossip:2678  IHAVE:17003  GRAFT:1615
T-36858875 -- Reliability:100.0%  Nodes:1000  Latency:7  RMR:1.451  Gossip:2449  IHAVE:16928  GRAFT:1371
T-36980268 -- Reliability:100.0%  Nodes:1000  Latency:11  RMR:0.815  Gossip:1813  IHAVE:16035  GRAFT:754
T-37732846 -- Reliability:100.0%  Nodes:1000  Latency:9  RMR:0.72  Gossip:1718  IHAVE:17045  GRAFT:713
T-38001051 -- Reliability:100.0%  Nodes:1000  Latency:20  RMR:0.527  Gossip:1525  IHAVE:13321  GRAFT:505
T-38035303 -- Reliability:100.0%  Nodes:1000  Latency:8  RMR:0.988  Gossip:1986  IHAVE:16897  GRAFT:631
T-38297864 -- Reliability:100.0%  Nodes:1000  Latency:7  RMR:1.83  Gossip:2827  IHAVE:16924  GRAFT:1768
T-38500779 -- Reliability:100.0%  Nodes:1000  Latency:13  RMR:0.442  Gossip:1441  IHAVE:11745  GRAFT:429
T-38516358 -- Reliability:100.0%  Nodes:1000  Latency:11  RMR:0.679  Gossip:1677  IHAVE:16178  GRAFT:626
T-38721093 -- Reliability:100.0%  Nodes:1000  Latency:14  RMR:0.377  Gossip:1376  IHAVE:9757  GRAFT:344
T-38806861 -- Reliability:100.0%  Nodes:1000  Latency:12  RMR:0.443  Gossip:1442  IHAVE:16438  GRAFT:441
T-38829213 -- Reliability:100.0%  Nodes:1000  Latency:8  RMR:1.775  Gossip:2772  IHAVE:16811  GRAFT:1181
T-38875646 -- Reliability:100.0%  Nodes:1000  Latency:9  RMR:0.59  Gossip:1588  IHAVE:15134  GRAFT:554
T-38889891 -- Reliability:100.0%  Nodes:1000  Latency:15  RMR:0.588  Gossip:1586  IHAVE:8432  GRAFT:558
T-38964154 -- Reliability:100.0%  Nodes:1000  Latency:18  RMR:0.851  Gossip:1849  IHAVE:14043  GRAFT:486
T-38971689 -- Reliability:100.0%  Nodes:1000  Latency:8  RMR:1.593  Gossip:2590  IHAVE:17005  GRAFT:1455
T-39119750 -- Reliability:100.0%  Nodes:1000  Latency:9  RMR:1.498  Gossip:2496  IHAVE:16960  GRAFT:1379
T-39156954 -- Reliability:100.0%  Nodes:1000  Latency:10  RMR:1.737  Gossip:2734  IHAVE:16983  GRAFT:1633
T-39529882 -- Reliability:100.0%  Nodes:1000  Latency:7  RMR:1.136  Gossip:2134  IHAVE:16978  GRAFT:990
T-39602485 -- Reliability:100.0%  Nodes:1000  Latency:12  RMR:0.864  Gossip:1862  IHAVE:17038  GRAFT:669
T-39667761 -- Reliability:100.0%  Nodes:1000  Latency:14  RMR:0.722  Gossip:1720  IHAVE:14241  GRAFT:593
T-39949295 -- Reliability:100.0%  Nodes:1000  Latency:19  RMR:0.432  Gossip:1431  IHAVE:12940  GRAFT:429
T-40017455 -- Reliability:100.0%  Nodes:1000  Latency:15  RMR:0.353  Gossip:1352  IHAVE:8256  GRAFT:210
T-40331029 -- Reliability:100.0%  Nodes:1000  Latency:7  RMR:1.804  Gossip:2801  IHAVE:16822  GRAFT:1236
T-40350453 -- Reliability:100.0%  Nodes:1000  Latency:10  RMR:1.202  Gossip:2200  IHAVE:17009  GRAFT:1132
T-40429285 -- Reliability:100.0%  Nodes:1000  Latency:14  RMR:0.768  Gossip:1766  IHAVE:16966  GRAFT:435
T-40481716 -- Reliability:100.0%  Nodes:1000  Latency:11  RMR:0.659  Gossip:1657  IHAVE:17013  GRAFT:516
T-40746920 -- Reliability:100.0%  Nodes:1000  Latency:9  RMR:0.827  Gossip:1825  IHAVE:17011  GRAFT:797
T-40798862 -- Reliability:100.0%  Nodes:1000  Latency:13  RMR:0.89  Gossip:1888  IHAVE:15336  GRAFT:747
T-40817589 -- Reliability:100.0%  Nodes:1000  Latency:9  RMR:0.539  Gossip:1537  IHAVE:16305  GRAFT:518
T-40864421 -- Reliability:100.0%  Nodes:1000  Latency:15  RMR:0.868  Gossip:1866  IHAVE:14145  GRAFT:633
T-40984429 -- Reliability:100.0%  Nodes:1000  Latency:9  RMR:1.13  Gossip:2128  IHAVE:16996  GRAFT:970
T-41361571 -- Reliability:100.0%  Nodes:1000  Latency:11  RMR:0.703  Gossip:1701  IHAVE:12370  GRAFT:671
T-41504187 -- Reliability:100.0%  Nodes:1000  Latency:12  RMR:0.668  Gossip:1666  IHAVE:14653  GRAFT:614
T-41716563 -- Reliability:100.0%  Nodes:1000  Latency:16  RMR:0.668  Gossip:1666  IHAVE:14294  GRAFT:612
T-41886067 -- Reliability:100.0%  Nodes:1000  Latency:8  RMR:1.445  Gossip:2443  IHAVE:17022  GRAFT:1318
T-42270969 -- Reliability:100.0%  Nodes:1000  Latency:12  RMR:0.814  Gossip:1812  IHAVE:16718  GRAFT:778
T-42380657 -- Reliability:100.0%  Nodes:1000  Latency:16  RMR:0.953  Gossip:1951  IHAVE:14706  GRAFT:945
T-42403948 -- Reliability:100.0%  Nodes:1000  Latency:11  RMR:1.153  Gossip:2151  IHAVE:17016  GRAFT:1141
T-42546066 -- Reliability:100.0%  Nodes:1000  Latency:9  RMR:1.328  Gossip:2326  IHAVE:16954  GRAFT:995
T-42551831 -- Reliability:100.0%  Nodes:1000  Latency:9  RMR:1.32  Gossip:2318  IHAVE:16960  GRAFT:1154
T-42758133 -- Reliability:100.0%  Nodes:1000  Latency:10  RMR:0.672  Gossip:1670  IHAVE:17046  GRAFT:666
T-42868229 -- Reliability:100.0%  Nodes:1000  Latency:9  RMR:1.483  Gossip:2481  IHAVE:16886  GRAFT:1133
T-43025823 -- Reliability:100.0%  Nodes:1000  Latency:8  RMR:1.478  Gossip:2476  IHAVE:16938  GRAFT:1090
T-43284788 -- Reliability:100.0%  Nodes:1000  Latency:14  RMR:0.335  Gossip:1334  IHAVE:16514  GRAFT:333
T-43492701 -- Reliability:100.0%  Nodes:1000  Latency:10  RMR:0.871  Gossip:1869  IHAVE:11343  GRAFT:737
T-43649654 -- Reliability:100.0%  Nodes:1000  Latency:11  RMR:0.938  Gossip:1936  IHAVE:16173  GRAFT:900
T-44003108 -- Reliability:100.0%  Nodes:1000  Latency:14  RMR:1.171  Gossip:2169  IHAVE:16923  GRAFT:752
T-44205919 -- Reliability:100.0%  Nodes:1000  Latency:6  RMR:1.526  Gossip:2523  IHAVE:17002  GRAFT:1471
T-44465205 -- Reliability:100.0%  Nodes:1000  Latency:12  RMR:0.987  Gossip:1985  IHAVE:17011  GRAFT:921
T-44765704 -- Reliability:100.0%  Nodes:1000  Latency:12  RMR:0.807  Gossip:1805  IHAVE:16986  GRAFT:806
T-45022534 -- Reliability:100.0%  Nodes:1000  Latency:9  RMR:1.389  Gossip:2387  IHAVE:17005  GRAFT:1276
T-45023717 -- Reliability:100.0%  Nodes:1000  Latency:7  RMR:0.838  Gossip:1836  IHAVE:17031  GRAFT:828
T-45091417 -- Reliability:100.0%  Nodes:1000  Latency:7  RMR:1.301  Gossip:2299  IHAVE:16966  GRAFT:1145
T-45107650 -- Reliability:100.0%  Nodes:1000  Latency:8  RMR:1.153  Gossip:2151  IHAVE:16974  GRAFT:924
T-45152011 -- Reliability:100.0%  Nodes:1000  Latency:9  RMR:1.625  Gossip:2622  IHAVE:16979  GRAFT:1499
T-45456264 -- Reliability:100.0%  Nodes:1000  Latency:9  RMR:1.208  Gossip:2206  IHAVE:16960  GRAFT:1027
T-45561150 -- Reliability:100.0%  Nodes:1000  Latency:11  RMR:0.584  Gossip:1582  IHAVE:10744  GRAFT:583
T-45789998 -- Reliability:100.0%  Nodes:1000  Latency:9  RMR:0.883  Gossip:1881  IHAVE:16731  GRAFT:792
T-46013303 -- Reliability:100.0%  Nodes:1000  Latency:7  RMR:1.233  Gossip:2231  IHAVE:16974  GRAFT:1132
T-46363834 -- Reliability:100.0%  Nodes:1000  Latency:7  RMR:1.78  Gossip:2777  IHAVE:16932  GRAFT:1568
T-46880310 -- Reliability:100.0%  Nodes:1000  Latency:12  RMR:0.918  Gossip:1916  IHAVE:17061  GRAFT:746
T-46972175 -- Reliability:100.0%  Nodes:1000  Latency:9  RMR:1.585  Gossip:2582  IHAVE:16985  GRAFT:1490
T-47112767 -- Reliability:100.0%  Nodes:1000  Latency:13  RMR:0.61  Gossip:1608  IHAVE:14301  GRAFT:607
T-47138068 -- Reliability:100.0%  Nodes:1000  Latency:12  RMR:0.581  Gossip:1579  IHAVE:16336  GRAFT:341
T-47246127 -- Reliability:100.0%  Nodes:1000  Latency:14  RMR:0.56  Gossip:1558  IHAVE:15039  GRAFT:419
T-47274312 -- Reliability:100.0%  Nodes:1000  Latency:9  RMR:1.321  Gossip:2319  IHAVE:16966  GRAFT:1103
T-47416846 -- Reliability:100.0%  Nodes:1000  Latency:12  RMR:0.813  Gossip:1811  IHAVE:15353  GRAFT:559
T-47552189 -- Reliability:100.0%  Nodes:1000  Latency:10  RMR:1.059  Gossip:2057  IHAVE:16735  GRAFT:607
T-47696449 -- Reliability:100.0%  Nodes:1000  Latency:7  RMR:2.02  Gossip:3017  IHAVE:16949  GRAFT:1903
T-47714386 -- Reliability:100.0%  Nodes:1000  Latency:13  RMR:1.161  Gossip:2159  IHAVE:16892  GRAFT:763
T-47741705 -- Reliability:100.0%  Nodes:1000  Latency:20  RMR:0.752  Gossip:1750  IHAVE:13069  GRAFT:314
T-47745608 -- Reliability:100.0%  Nodes:1000  Latency:7  RMR:0.48  Gossip:1479  IHAVE:17019  GRAFT:443
T-47923024 -- Reliability:100.0%  Nodes:1000  Latency:7  RMR:1.077  Gossip:2075  IHAVE:16993  GRAFT:961
T-47980926 -- Reliability:100.0%  Nodes:1000  Latency:13  RMR:0.768  Gossip:1766  IHAVE:14451  GRAFT:767
T-48285180 -- Reliability:100.0%  Nodes:1000  Latency:12  RMR:0.474  Gossip:1473  IHAVE:12554  GRAFT:458
T-48379791 -- Reliability:100.0%  Nodes:1000  Latency:8  RMR:2.156  Gossip:3153  IHAVE:16714  GRAFT:1488
T-48610313 -- Reliability:100.0%  Nodes:1000  Latency:9  RMR:0.824  Gossip:1822  IHAVE:16984  GRAFT:773
T-48633563 -- Reliability:100.0%  Nodes:1000  Latency:12  RMR:0.805  Gossip:1803  IHAVE:17005  GRAFT:664
T-48696827 -- Reliability:100.0%  Nodes:1000  Latency:11  RMR:0.631  Gossip:1629  IHAVE:11808  GRAFT:614
T-48810235 -- Reliability:100.0%  Nodes:1000  Latency:9  RMR:1.208  Gossip:2206  IHAVE:16965  GRAFT:919
T-49059120 -- Reliability:100.0%  Nodes:1000  Latency:12  RMR:0.544  Gossip:1542  IHAVE:15781  GRAFT:491
T-49308037 -- Reliability:100.0%  Nodes:1000  Latency:9  RMR:1.659  Gossip:2656  IHAVE:16902  GRAFT:1510
T-49317171 -- Reliability:100.0%  Nodes:1000  Latency:7  RMR:1.507  Gossip:2504  IHAVE:16959  GRAFT:1286
T-49341080 -- Reliability:100.0%  Nodes:1000  Latency:16  RMR:0.482  Gossip:1481  IHAVE:11541  GRAFT:262
T-49376716 -- Reliability:100.0%  Nodes:1000  Latency:8  RMR:1.736  Gossip:2733  IHAVE:17019  GRAFT:1647
T-49405085 -- Reliability:100.0%  Nodes:1000  Latency:8  RMR:1.796  Gossip:2793  IHAVE:16898  GRAFT:1412
T-49407992 -- Reliability:100.0%  Nodes:1000  Latency:10  RMR:1.411  Gossip:2409  IHAVE:16984  GRAFT:1269
T-49821687 -- Reliability:100.0%  Nodes:1000  Latency:13  RMR:0.946  Gossip:1944  IHAVE:17078  GRAFT:881
T-49858740 -- Reliability:100.0%  Nodes:1000  Latency:17  RMR:0.689  Gossip:1687  IHAVE:14435  GRAFT:632
T-49864989 -- Reliability:100.0%  Nodes:1000  Latency:7  RMR:1.635  Gossip:2632  IHAVE:16941  GRAFT:1407
T-50155039 -- Reliability:100.0%  Nodes:1000  Latency:14  RMR:0.514  Gossip:1512  IHAVE:11118  GRAFT:379
T-50157827 -- Reliability:100.0%  Nodes:1000  Latency:10  RMR:0.476  Gossip:1475  IHAVE:14898  GRAFT:405
T-50449740 -- Reliability:100.0%  Nodes:1000  Latency:10  RMR:0.816  Gossip:1814  IHAVE:17020  GRAFT:804
T-50586652 -- Reliability:100.0%  Nodes:1000  Latency:8  RMR:1.422  Gossip:2420  IHAVE:16905  GRAFT:1093
T-50643041 -- Reliability:100.0%  Nodes:1000  Latency:8  RMR:1.357  Gossip:2355  IHAVE:16988  GRAFT:1302
T-50664974 -- Reliability:100.0%  Nodes:1000  Latency:9  RMR:1.068  Gossip:2066  IHAVE:16955  GRAFT:875
T-50772620 -- Reliability:100.0%  Nodes:1000  Latency:11  RMR:0.72  Gossip:1718  IHAVE:16194  GRAFT:681
T-51441130 -- Reliability:100.0%  Nodes:1000  Latency:13  RMR:0.782  Gossip:1780  IHAVE:9754  GRAFT:487
T-51544678 -- Reliability:100.0%  Nodes:1000  Latency:12  RMR:0.867  Gossip:1865  IHAVE:16901  GRAFT:675
T-51585450 -- Reliability:100.0%  Nodes:1000  Latency:10  RMR:0.694  Gossip:1692  IHAVE:16942  GRAFT:468
T-51767625 -- Reliability:100.0%  Nodes:1000  Latency:8  RMR:1.164  Gossip:2162  IHAVE:16994  GRAFT:1096
T-51912489 -- Reliability:100.0%  Nodes:1000  Latency:20  RMR:0.418  Gossip:1417  IHAVE:12760  GRAFT:386
T-52349534 -- Reliability:100.0%  Nodes:1000  Latency:8  RMR:1.448  Gossip:2446  IHAVE:16843  GRAFT:1024
T-52851844 -- Reliability:100.0%  Nodes:1000  Latency:9  RMR:0.877  Gossip:1875  IHAVE:17060  GRAFT:831
T-52975877 -- Reliability:100.0%  Nodes:1000  Latency:9  RMR:0.892  Gossip:1890  IHAVE:16676  GRAFT:587
T-52992225 -- Reliability:100.0%  Nodes:1000  Latency:17  RMR:0.483  Gossip:1482  IHAVE:12960  GRAFT:482
T-53186197 -- Reliability:100.0%  Nodes:1000  Latency:11  RMR:0.898  Gossip:1896  IHAVE:17132  GRAFT:892
T-53595947 -- Reliability:100.0%  Nodes:1000  Latency:12  RMR:0.953  Gossip:1951  IHAVE:16459  GRAFT:855
T-53768076 -- Reliability:100.0%  Nodes:1000  Latency:15  RMR:0.3  Gossip:1299  IHAVE:9515  GRAFT:271
T-53811086 -- Reliability:100.0%  Nodes:1000  Latency:8  RMR:1.767  Gossip:2764  IHAVE:16772  GRAFT:1216
T-54087478 -- Reliability:100.0%  Nodes:1000  Latency:14  RMR:0.685  Gossip:1683  IHAVE:12375  GRAFT:418
T-54090694 -- Reliability:100.0%  Nodes:1000  Latency:12  RMR:0.509  Gossip:1507  IHAVE:17038  GRAFT:480
T-54120668 -- Reliability:100.0%  Nodes:1000  Latency:14  RMR:0.386  Gossip:1385  IHAVE:8532  GRAFT:371
T-54192661 -- Reliability:100.0%  Nodes:1000  Latency:7  RMR:1.42  Gossip:2418  IHAVE:17035  GRAFT:1406
T-54216102 -- Reliability:100.0%  Nodes:1000  Latency:13  RMR:0.914  Gossip:1912  IHAVE:17095  GRAFT:820
T-54289130 -- Reliability:100.0%  Nodes:1000  Latency:14  RMR:0.331  Gossip:1330  IHAVE:8539  GRAFT:230
T-54387224 -- Reliability:100.0%  Nodes:1000  Latency:8  RMR:1.553  Gossip:2550  IHAVE:16834  GRAFT:1144
T-54535069 -- Reliability:100.0%  Nodes:1000  Latency:14  RMR:0.822  Gossip:1820  IHAVE:13315  GRAFT:656
T-54640680 -- Reliability:100.0%  Nodes:1000  Latency:8  RMR:1.545  Gossip:2542  IHAVE:16944  GRAFT:1395
T-55237783 -- Reliability:100.0%  Nodes:1000  Latency:13  RMR:0.528  Gossip:1526  IHAVE:11735  GRAFT:526
T-55261545 -- Reliability:100.0%  Nodes:1000  Latency:10  RMR:1.075  Gossip:2073  IHAVE:16843  GRAFT:801
T-55304105 -- Reliability:100.0%  Nodes:1000  Latency:12  RMR:0.337  Gossip:1336  IHAVE:16978  GRAFT:238
T-55653062 -- Reliability:100.0%  Nodes:1000  Latency:8  RMR:1.399  Gossip:2397  IHAVE:16940  GRAFT:1215
T-55713980 -- Reliability:100.0%  Nodes:1000  Latency:9  RMR:0.996  Gossip:1994  IHAVE:17015  GRAFT:988
T-55831990 -- Reliability:100.0%  Nodes:1000  Latency:10  RMR:1.603  Gossip:2600  IHAVE:16924  GRAFT:1229
T-55843254 -- Reliability:100.0%  Nodes:1000  Latency:8  RMR:1.276  Gossip:2274  IHAVE:16921  GRAFT:1061
T-56593976 -- Reliability:100.0%  Nodes:1000  Latency:15  RMR:8.236  Gossip:9227  IHAVE:0  GRAFT:0
T-56948557 -- Reliability:100.0%  Nodes:1000  Latency:10  RMR:1.231  Gossip:2229  IHAVE:16950  GRAFT:994
T-57221968 -- Reliability:100.0%  Nodes:1000  Latency:15  RMR:0.465  Gossip:1464  IHAVE:10349  GRAFT:306
T-57236415 -- Reliability:100.0%  Nodes:1000  Latency:7  RMR:1.979  Gossip:2976  IHAVE:16835  GRAFT:1467
T-57386419 -- Reliability:100.0%  Nodes:1000  Latency:10  RMR:0.728  Gossip:1726  IHAVE:16980  GRAFT:657
T-57558138 -- Reliability:100.0%  Nodes:1000  Latency:12  RMR:0.538  Gossip:1536  IHAVE:16758  GRAFT:536
T-57944129 -- Reliability:100.0%  Nodes:1000  Latency:8  RMR:1.164  Gossip:2162  IHAVE:17025  GRAFT:1115
T-58025605 -- Reliability:100.0%  Nodes:1000  Latency:7  RMR:1.021  Gossip:2019  IHAVE:16941  GRAFT:966
T-58164324 -- Reliability:100.0%  Nodes:1000  Latency:15  RMR:0.33  Gossip:1329  IHAVE:8692  GRAFT:273
T-58314570 -- Reliability:100.0%  Nodes:1000  Latency:6  RMR:1.462  Gossip:2460  IHAVE:16947  GRAFT:1341
T-58339930 -- Reliability:100.0%  Nodes:1000  Latency:8  RMR:0.687  Gossip:1685  IHAVE:17042  GRAFT:650
T-58345481 -- Reliability:100.0%  Nodes:1000  Latency:8  RMR:1.091  Gossip:2089  IHAVE:17015  GRAFT:967
T-58454542 -- Reliability:100.0%  Nodes:1000  Latency:10  RMR:0.581  Gossip:1579  IHAVE:15902  GRAFT:544
T-58498768 -- Reliability:100.0%  Nodes:1000  Latency:7  RMR:1.182  Gossip:2180  IHAVE:17019  GRAFT:1149
T-58651094 -- Reliability:100.0%  Nodes:1000  Latency:11  RMR:0.462  Gossip:1461  IHAVE:11292  GRAFT:375
T-58774890 -- Reliability:100.0%  Nodes:1000  Latency:8  RMR:1.292  Gossip:2290  IHAVE:16973  GRAFT:1119
T-59116873 -- Reliability:100.0%  Nodes:1000  Latency:8  RMR:1.217  Gossip:2215  IHAVE:17013  GRAFT:1133
T-59257734 -- Reliability:100.0%  Nodes:1000  Latency:17  RMR:0.775  Gossip:1773  IHAVE:14764  GRAFT:623
T-59587533 -- Reliability:100.0%  Nodes:1000  Latency:8  RMR:1.463  Gossip:2461  IHAVE:16971  GRAFT:1432
T-59868347 -- Reliability:100.0%  Nodes:1000  Latency:12  RMR:0.412  Gossip:1411  IHAVE:16032  GRAFT:358
T-59878794 -- Reliability:100.0%  Nodes:1000  Latency:14  RMR:0.228  Gossip:1227  IHAVE:10953  GRAFT:225
T-59945209 -- Reliability:100.0%  Nodes:1000  Latency:14  RMR:1.05  Gossip:2048  IHAVE:15110  GRAFT:883
T-60035319 -- Reliability:100.0%  Nodes:1000  Latency:9  RMR:1.08  Gossip:2078  IHAVE:16955  GRAFT:753
T-60191341 -- Reliability:100.0%  Nodes:1000  Latency:9  RMR:1.344  Gossip:2342  IHAVE:16890  GRAFT:915
T-60326211 -- Reliability:100.0%  Nodes:1000  Latency:8  RMR:1.679  Gossip:2676  IHAVE:16937  GRAFT:1420
T-60647890 -- Reliability:100.0%  Nodes:1000  Latency:9  RMR:1.162  Gossip:2160  IHAVE:16904  GRAFT:735
T-61263772 -- Reliability:100.0%  Nodes:1000  Latency:10  RMR:0.893  Gossip:1891  IHAVE:17006  GRAFT:776
T-61521737 -- Reliability:100.0%  Nodes:1000  Latency:11  RMR:1.166  Gossip:2164  IHAVE:16246  GRAFT:840
T-61975095 -- Reliability:100.0%  Nodes:1000  Latency:8  RMR:1.355  Gossip:2353  IHAVE:16908  GRAFT:1018
T-62613751 -- Reliability:100.0%  Nodes:1000  Latency:14  RMR:0.642  Gossip:1640  IHAVE:10718  GRAFT:296
T-62908585 -- Reliability:100.0%  Nodes:1000  Latency:7  RMR:1.126  Gossip:2124  IHAVE:17011  GRAFT:1074
T-63059913 -- Reliability:100.0%  Nodes:1000  Latency:11  RMR:1.026  Gossip:2024  IHAVE:16920  GRAFT:798
T-63323620 -- Reliability:100.0%  Nodes:1000  Latency:8  RMR:1.492  Gossip:2490  IHAVE:16977  GRAFT:1363
T-63693464 -- Reliability:100.0%  Nodes:1000  Latency:10  RMR:1.517  Gossip:2514  IHAVE:17010  GRAFT:1427
T-63860260 -- Reliability:100.0%  Nodes:1000  Latency:11  RMR:0.755  Gossip:1753  IHAVE:10609  GRAFT:511
T-64109986 -- Reliability:100.0%  Nodes:1000  Latency:8  RMR:1.587  Gossip:2584  IHAVE:16921  GRAFT:1268
T-64198183 -- Reliability:100.0%  Nodes:1000  Latency:9  RMR:1.104  Gossip:2102  IHAVE:16914  GRAFT:774
T-64222852 -- Reliability:100.0%  Nodes:1000  Latency:8  RMR:1.284  Gossip:2282  IHAVE:16995  GRAFT:1204
T-64266094 -- Reliability:100.0%  Nodes:1000  Latency:10  RMR:0.387  Gossip:1386  IHAVE:11093  GRAFT:340
T-64300721 -- Reliability:100.0%  Nodes:1000  Latency:10  RMR:0.818  Gossip:1816  IHAVE:16960  GRAFT:641
T-64958853 -- Reliability:100.0%  Nodes:1000  Latency:9  RMR:0.947  Gossip:1945  IHAVE:17040  GRAFT:867
T-65045423 -- Reliability:100.0%  Nodes:1000  Latency:13  RMR:0.88  Gossip:1878  IHAVE:12774  GRAFT:787
T-65344652 -- Reliability:100.0%  Nodes:1000  Latency:17  RMR:0.448  Gossip:1447  IHAVE:14437  GRAFT:284
T-65405181 -- Reliability:100.0%  Nodes:1000  Latency:10  RMR:1.399  Gossip:2397  IHAVE:16734  GRAFT:514
T-65511655 -- Reliability:100.0%  Nodes:1000  Latency:13  RMR:0.399  Gossip:1398  IHAVE:17048  GRAFT:396
T-65656557 -- Reliability:100.0%  Nodes:1000  Latency:15  RMR:0.252  Gossip:1251  IHAVE:8245  GRAFT:220
T-66042779 -- Reliability:100.0%  Nodes:1000  Latency:9  RMR:1.483  Gossip:2481  IHAVE:16863  GRAFT:1168
T-66163166 -- Reliability:100.0%  Nodes:1000  Latency:14  RMR:0.301  Gossip:1300  IHAVE:16735  GRAFT:296
T-66351878 -- Reliability:100.0%  Nodes:1000  Latency:18  RMR:0.52  Gossip:1518  IHAVE:12695  GRAFT:418
T-66552872 -- Reliability:100.0%  Nodes:1000  Latency:15  RMR:0.565  Gossip:1563  IHAVE:8716  GRAFT:275
T-66558511 -- Reliability:100.0%  Nodes:1000  Latency:9  RMR:0.723  Gossip:1721  IHAVE:15166  GRAFT:629
T-66640652 -- Reliability:100.0%  Nodes:1000  Latency:12  RMR:0.889  Gossip:1887  IHAVE:17015  GRAFT:767
T-66891046 -- Reliability:100.0%  Nodes:1000  Latency:9  RMR:0.644  Gossip:1642  IHAVE:16974  GRAFT:612
T-66908786 -- Reliability:100.0%  Nodes:1000  Latency:8  RMR:1.716  Gossip:2713  IHAVE:16920  GRAFT:1508
T-67016975 -- Reliability:100.0%  Nodes:1000  Latency:10  RMR:1.644  Gossip:2641  IHAVE:17003  GRAFT:1581
T-67175499 -- Reliability:100.0%  Nodes:1000  Latency:11  RMR:0.353  Gossip:1352  IHAVE:11233  GRAFT:261
T-67313942 -- Reliability:100.0%  Nodes:1000  Latency:11  RMR:0.945  Gossip:1943  IHAVE:17022  GRAFT:857
T-67401368 -- Reliability:100.0%  Nodes:1000  Latency:19  RMR:0.642  Gossip:1640  IHAVE:14282  GRAFT:497
T-68120221 -- Reliability:100.0%  Nodes:1000  Latency:7  RMR:1.464  Gossip:2462  IHAVE:16902  GRAFT:1220
T-68142715 -- Reliability:100.0%  Nodes:1000  Latency:15  RMR:0.514  Gossip:1512  IHAVE:17102  GRAFT:482
T-68175706 -- Reliability:100.0%  Nodes:1000  Latency:13  RMR:0.997  Gossip:1995  IHAVE:11803  GRAFT:542
T-68293936 -- Reliability:100.0%  Nodes:1000  Latency:14  RMR:0.747  Gossip:1745  IHAVE:17072  GRAFT:627
T-68337122 -- Reliability:100.0%  Nodes:1000  Latency:8  RMR:2.03  Gossip:3027  IHAVE:16960  GRAFT:1946
T-68593720 -- Reliability:100.0%  Nodes:1000  Latency:12  RMR:0.586  Gossip:1584  IHAVE:16395  GRAFT:407
T-68870063 -- Reliability:100.0%  Nodes:1000  Latency:8  RMR:1.0  Gossip:1998  IHAVE:15140  GRAFT:575
T-69042475 -- Reliability:100.0%  Nodes:1000  Latency:16  RMR:0.61  Gossip:1608  IHAVE:14067  GRAFT:536
T-69205196 -- Reliability:100.0%  Nodes:1000  Latency:7  RMR:1.59  Gossip:2587  IHAVE:17010  GRAFT:1512
T-69501965 -- Reliability:100.0%  Nodes:1000  Latency:9  RMR:1.64  Gossip:2637  IHAVE:16925  GRAFT:1339
T-69913328 -- Reliability:100.0%  Nodes:1000  Latency:12  RMR:0.945  Gossip:1943  IHAVE:12553  GRAFT:733
T-69916874 -- Reliability:100.0%  Nodes:1000  Latency:14  RMR:0.673  Gossip:1671  IHAVE:14180  GRAFT:581
T-70130272 -- Reliability:100.0%  Nodes:1000  Latency:8  RMR:1.837  Gossip:2834  IHAVE:16733  GRAFT:1145
T-70246821 -- Reliability:100.0%  Nodes:1000  Latency:9  RMR:1.077  Gossip:2075  IHAVE:16979  GRAFT:955
T-70502888 -- Reliability:100.0%  Nodes:1000  Latency:8  RMR:1.156  Gossip:2154  IHAVE:17035  GRAFT:1149
T-70998122 -- Reliability:100.0%  Nodes:1000  Latency:11  RMR:0.643  Gossip:1641  IHAVE:16589  GRAFT:640
T-71186613 -- Reliability:100.0%  Nodes:1000  Latency:8  RMR:1.691  Gossip:2688  IHAVE:17029  GRAFT:1555
T-71264785 -- Reliability:100.0%  Nodes:1000  Latency:8  RMR:1.544  Gossip:2541  IHAVE:16920  GRAFT:1461
T-71391422 -- Reliability:100.0%  Nodes:1000  Latency:8  RMR:0.629  Gossip:1627  IHAVE:17017  GRAFT:618
T-71995618 -- Reliability:100.0%  Nodes:1000  Latency:10  RMR:1.205  Gossip:2203  IHAVE:16975  GRAFT:1074
T-72180662 -- Reliability:100.0%  Nodes:1000  Latency:14  RMR:0.442  Gossip:1441  IHAVE:8601  GRAFT:322
T-72216466 -- Reliability:100.0%  Nodes:1000  Latency:9  RMR:0.712  Gossip:1710  IHAVE:15471  GRAFT:640
T-72274032 -- Reliability:100.0%  Nodes:1000  Latency:8  RMR:1.412  Gossip:2410  IHAVE:16982  GRAFT:1355
T-72343573 -- Reliability:100.0%  Nodes:1000  Latency:10  RMR:1.059  Gossip:2057  IHAVE:16908  GRAFT:760
T-72412472 -- Reliability:100.0%  Nodes:1000  Latency:8  RMR:1.905  Gossip:2902  IHAVE:16880  GRAFT:1500
T-72482616 -- Reliability:100.0%  Nodes:1000  Latency:10  RMR:1.156  Gossip:2154  IHAVE:16936  GRAFT:864
T-72550773 -- Reliability:100.0%  Nodes:1000  Latency:13  RMR:0.522  Gossip:1520  IHAVE:16454  GRAFT:445
T-72588921 -- Reliability:100.0%  Nodes:1000  Latency:10  RMR:0.932  Gossip:1930  IHAVE:16985  GRAFT:835
T-72719251 -- Reliability:100.0%  Nodes:1000  Latency:12  RMR:0.595  Gossip:1593  IHAVE:15509  GRAFT:463
T-72741716 -- Reliability:100.0%  Nodes:1000  Latency:9  RMR:1.611  Gossip:2608  IHAVE:16963  GRAFT:1484
T-72832570 -- Reliability:100.0%  Nodes:1000  Latency:11  RMR:1.15  Gossip:2148  IHAVE:16993  GRAFT:1026
T-73091698 -- Reliability:100.0%  Nodes:1000  Latency:11  RMR:0.982  Gossip:1980  IHAVE:15482  GRAFT:857
T-73267039 -- Reliability:100.0%  Nodes:1000  Latency:13  RMR:0.625  Gossip:1623  IHAVE:12311  GRAFT:508
T-73500530 -- Reliability:100.0%  Nodes:1000  Latency:8  RMR:0.83  Gossip:1828  IHAVE:16975  GRAFT:741
T-73898920 -- Reliability:100.0%  Nodes:1000  Latency:17  RMR:0.397  Gossip:1396  IHAVE:12761  GRAFT:396
T-73983174 -- Reliability:100.0%  Nodes:1000  Latency:9  RMR:1.879  Gossip:2876  IHAVE:16812  GRAFT:1179
T-74410294 -- Reliability:100.0%  Nodes:1000  Latency:11  RMR:0.664  Gossip:1662  IHAVE:9197  GRAFT:374
T-74461413 -- Reliability:100.0%  Nodes:1000  Latency:9  RMR:0.561  Gossip:1559  IHAVE:16997  GRAFT:427
T-74514263 -- Reliability:100.0%  Nodes:1000  Latency:7  RMR:1.073  Gossip:2071  IHAVE:16235  GRAFT:943
T-74541885 -- Reliability:100.0%  Nodes:1000  Latency:16  RMR:0.803  Gossip:1801  IHAVE:17077  GRAFT:759
T-74556796 -- Reliability:100.0%  Nodes:1000  Latency:7  RMR:1.049  Gossip:2047  IHAVE:16980  GRAFT:925
T-74595211 -- Reliability:100.0%  Nodes:1000  Latency:18  RMR:0.38  Gossip:1379  IHAVE:12939  GRAFT:346
T-74679645 -- Reliability:100.0%  Nodes:1000  Latency:14  RMR:0.218  Gossip:1217  IHAVE:9183  GRAFT:188
T-74731664 -- Reliability:100.0%  Nodes:1000  Latency:8  RMR:1.0  Gossip:1998  IHAVE:16957  GRAFT:872
T-74734911 -- Reliability:100.0%  Nodes:1000  Latency:9  RMR:0.585  Gossip:1583  IHAVE:17087  GRAFT:567
T-74776462 -- Reliability:100.0%  Nodes:1000  Latency:9  RMR:1.289  Gossip:2287  IHAVE:16982  GRAFT:1148
T-74805330 -- Reliability:100.0%  Nodes:1000  Latency:14  RMR:0.485  Gossip:1484  IHAVE:14244  GRAFT:429
T-75547033 -- Reliability:100.0%  Nodes:1000  Latency:10  RMR:1.405  Gossip:2403  IHAVE:16950  GRAFT:1199
T-75748685 -- Reliability:100.0%  Nodes:1000  Latency:8  RMR:1.756  Gossip:2753  IHAVE:16975  GRAFT:1670
T-76183199 -- Reliability:100.0%  Nodes:1000  Latency:9  RMR:1.026  Gossip:2024  IHAVE:16960  GRAFT:914
T-76529297 -- Reliability:100.0%  Nodes:1000  Latency:8  RMR:1.256  Gossip:2254  IHAVE:16906  GRAFT:1037
T-76815389 -- Reliability:100.0%  Nodes:1000  Latency:15  RMR:0.61  Gossip:1608  IHAVE:14276  GRAFT:552
T-76916595 -- Reliability:100.0%  Nodes:1000  Latency:6  RMR:1.662  Gossip:2659  IHAVE:16985  GRAFT:1607
T-76966652 -- Reliability:100.0%  Nodes:1000  Latency:8  RMR:1.506  Gossip:2503  IHAVE:16903  GRAFT:1286
T-77756682 -- Reliability:100.0%  Nodes:1000  Latency:8  RMR:1.459  Gossip:2457  IHAVE:16941  GRAFT:1253
T-78312078 -- Reliability:100.0%  Nodes:1000  Latency:8  RMR:0.392  Gossip:1391  IHAVE:17020  GRAFT:390
T-78459211 -- Reliability:100.0%  Nodes:1000  Latency:18  RMR:0.499  Gossip:1498  IHAVE:13995  GRAFT:412
T-78899970 -- Reliability:100.0%  Nodes:1000  Latency:10  RMR:0.857  Gossip:1855  IHAVE:17049  GRAFT:704
T-78919169 -- Reliability:100.0%  Nodes:1000  Latency:14  RMR:0.53  Gossip:1528  IHAVE:9000  GRAFT:263
T-79197311 -- Reliability:100.0%  Nodes:1000  Latency:7  RMR:1.336  Gossip:2334  IHAVE:16891  GRAFT:1019
T-79199050 -- Reliability:100.0%  Nodes:1000  Latency:8  RMR:1.389  Gossip:2387  IHAVE:16951  GRAFT:1100
T-79237485 -- Reliability:100.0%  Nodes:1000  Latency:17  RMR:0.632  Gossip:1630  IHAVE:14811  GRAFT:519
T-79338253 -- Reliability:100.0%  Nodes:1000  Latency:10  RMR:1.641  Gossip:2638  IHAVE:16917  GRAFT:1390
T-79386745 -- Reliability:100.0%  Nodes:1000  Latency:12  RMR:1.357  Gossip:2355  IHAVE:16920  GRAFT:1140
T-80003118 -- Reliability:100.0%  Nodes:1000  Latency:8  RMR:1.165  Gossip:2163  IHAVE:16963  GRAFT:996
T-80090982 -- Reliability:100.0%  Nodes:1000  Latency:10  RMR:0.782  Gossip:1780  IHAVE:10947  GRAFT:579
T-80318951 -- Reliability:100.0%  Nodes:1000  Latency:10  RMR:1.668  Gossip:2665  IHAVE:16897  GRAFT:1396
T-80462544 -- Reliability:100.0%  Nodes:1000  Latency:11  RMR:0.885  Gossip:1883  IHAVE:16716  GRAFT:768
T-80598146 -- Reliability:100.0%  Nodes:1000  Latency:13  RMR:1.027  Gossip:2025  IHAVE:16661  GRAFT:481
T-80786790 -- Reliability:100.0%  Nodes:1000  Latency:18  RMR:0.556  Gossip:1554  IHAVE:12106  GRAFT:465
T-80874634 -- Reliability:100.0%  Nodes:1000  Latency:15  RMR:0.127  Gossip:1126  IHAVE:8218  GRAFT:89
T-81329753 -- Reliability:100.0%  Nodes:1000  Latency:15  RMR:0.258  Gossip:1257  IHAVE:9543  GRAFT:213
T-81482401 -- Reliability:100.0%  Nodes:1000  Latency:12  RMR:1.226  Gossip:2224  IHAVE:16965  GRAFT:1032
T-81678603 -- Reliability:100.0%  Nodes:1000  Latency:9  RMR:1.535  Gossip:2532  IHAVE:16946  GRAFT:1310
T-82408860 -- Reliability:100.0%  Nodes:1000  Latency:8  RMR:1.526  Gossip:2523  IHAVE:16983  GRAFT:1310
T-82501211 -- Reliability:100.0%  Nodes:1000  Latency:13  RMR:0.935  Gossip:1933  IHAVE:14609  GRAFT:808
T-82687021 -- Reliability:100.0%  Nodes:1000  Latency:17  RMR:0.353  Gossip:1352  IHAVE:11736  GRAFT:352
T-82761743 -- Reliability:100.0%  Nodes:1000  Latency:9  RMR:1.138  Gossip:2136  IHAVE:16990  GRAFT:1026
T-82907552 -- Reliability:100.0%  Nodes:1000  Latency:9  RMR:1.791  Gossip:2788  IHAVE:16744  GRAFT:1097
T-82963005 -- Reliability:100.0%  Nodes:1000  Latency:12  RMR:1.414  Gossip:2412  IHAVE:16900  GRAFT:996
T-83119953 -- Reliability:100.0%  Nodes:1000  Latency:9  RMR:1.792  Gossip:2789  IHAVE:16915  GRAFT:1569
T-83291530 -- Reliability:100.0%  Nodes:1000  Latency:11  RMR:1.635  Gossip:2632  IHAVE:16982  GRAFT:1454
T-83601132 -- Reliability:100.0%  Nodes:1000  Latency:8  RMR:1.339  Gossip:2337  IHAVE:16921  GRAFT:1129
T-83678618 -- Reliability:100.0%  Nodes:1000  Latency:7  RMR:1.734  Gossip:2731  IHAVE:16949  GRAFT:1675
T-83815730 -- Reliability:100.0%  Nodes:1000  Latency:12  RMR:1.08  Gossip:2078  IHAVE:16193  GRAFT:1053
T-83981529 -- Reliability:100.0%  Nodes:1000  Latency:8  RMR:1.458  Gossip:2456  IHAVE:17034  GRAFT:1438
T-84198919 -- Reliability:100.0%  Nodes:1000  Latency:8  RMR:1.646  Gossip:2643  IHAVE:16971  GRAFT:1440
T-84620952 -- Reliability:100.0%  Nodes:1000  Latency:8  RMR:1.355  Gossip:2353  IHAVE:16978  GRAFT:1272
T-84785405 -- Reliability:100.0%  Nodes:1000  Latency:8  RMR:1.775  Gossip:2772  IHAVE:16988  GRAFT:1574
T-85039745 -- Reliability:100.0%  Nodes:1000  Latency:7  RMR:1.167  Gossip:2165  IHAVE:17012  GRAFT:1134
T-85306711 -- Reliability:100.0%  Nodes:1000  Latency:13  RMR:0.37  Gossip:1369  IHAVE:14800  GRAFT:300
T-85525278 -- Reliability:100.0%  Nodes:1000  Latency:11  RMR:0.711  Gossip:1709  IHAVE:15479  GRAFT:666
T-85714286 -- Reliability:100.0%  Nodes:1000  Latency:13  RMR:0.804  Gossip:1802  IHAVE:16127  GRAFT:675
T-85760641 -- Reliability:100.0%  Nodes:1000  Latency:8  RMR:2.047  Gossip:3044  IHAVE:16962  GRAFT:1861
T-85970537 -- Reliability:100.0%  Nodes:1000  Latency:14  RMR:0.713  Gossip:1711  IHAVE:9698  GRAFT:624
T-86097157 -- Reliability:100.0%  Nodes:1000  Latency:21  RMR:0.724  Gossip:1722  IHAVE:13807  GRAFT:636
T-86244097 -- Reliability:100.0%  Nodes:1000  Latency:11  RMR:0.758  Gossip:1756  IHAVE:16981  GRAFT:697
T-86433049 -- Reliability:100.0%  Nodes:1000  Latency:11  RMR:0.44  Gossip:1439  IHAVE:16841  GRAFT:440
T-86607661 -- Reliability:100.0%  Nodes:1000  Latency:8  RMR:1.871  Gossip:2868  IHAVE:16896  GRAFT:1609
T-86725403 -- Reliability:100.0%  Nodes:1000  Latency:9  RMR:1.185  Gossip:2183  IHAVE:16970  GRAFT:1017
T-87013238 -- Reliability:100.0%  Nodes:1000  Latency:13  RMR:0.698  Gossip:1696  IHAVE:14020  GRAFT:607
T-87132939 -- Reliability:100.0%  Nodes:1000  Latency:14  RMR:0.38  Gossip:1379  IHAVE:9604  GRAFT:246
T-87465077 -- Reliability:100.0%  Nodes:1000  Latency:10  RMR:1.325  Gossip:2323  IHAVE:16952  GRAFT:1090
T-87480000 -- Reliability:100.0%  Nodes:1000  Latency:7  RMR:0.677  Gossip:1675  IHAVE:17021  GRAFT:646
T-87503615 -- Reliability:100.0%  Nodes:1000  Latency:9  RMR:1.005  Gossip:2003  IHAVE:17028  GRAFT:981
T-87504492 -- Reliability:100.0%  Nodes:1000  Latency:16  RMR:0.551  Gossip:1549  IHAVE:14187  GRAFT:489
T-87588622 -- Reliability:100.0%  Nodes:1000  Latency:11  RMR:0.264  Gossip:1263  IHAVE:14668  GRAFT:226
T-87676761 -- Reliability:100.0%  Nodes:1000  Latency:10  RMR:1.158  Gossip:2156  IHAVE:16947  GRAFT:1023
T-87704347 -- Reliability:100.0%  Nodes:1000  Latency:9  RMR:1.635  Gossip:2632  IHAVE:16855  GRAFT:1246
T-87940814 -- Reliability:100.0%  Nodes:1000  Latency:10  RMR:1.606  Gossip:2603  IHAVE:16880  GRAFT:1218
T-88009263 -- Reliability:100.0%  Nodes:1000  Latency:8  RMR:1.893  Gossip:2890  IHAVE:16868  GRAFT:1729
T-88063240 -- Reliability:100.0%  Nodes:1000  Latency:18  RMR:0.74  Gossip:1738  IHAVE:14756  GRAFT:591
T-88098479 -- Reliability:100.0%  Nodes:1000  Latency:8  RMR:1.208  Gossip:2206  IHAVE:17002  GRAFT:1195
T-88498815 -- Reliability:100.0%  Nodes:1000  Latency:8  RMR:1.49  Gossip:2488  IHAVE:17012  GRAFT:1351
T-88671218 -- Reliability:100.0%  Nodes:1000  Latency:9  RMR:1.195  Gossip:2193  IHAVE:16882  GRAFT:893
T-89255981 -- Reliability:100.0%  Nodes:1000  Latency:8  RMR:1.606  Gossip:2603  IHAVE:16961  GRAFT:1411
T-89343244 -- Reliability:100.0%  Nodes:1000  Latency:10  RMR:1.043  Gossip:2041  IHAVE:16908  GRAFT:813
T-89359952 -- Reliability:100.0%  Nodes:1000  Latency:8  RMR:1.714  Gossip:2711  IHAVE:16946  GRAFT:1488
T-89656940 -- Reliability:100.0%  Nodes:1000  Latency:18  RMR:0.751  Gossip:1749  IHAVE:13370  GRAFT:479
T-89678797 -- Reliability:100.0%  Nodes:1000  Latency:9  RMR:1.265  Gossip:2263  IHAVE:17013  GRAFT:1234
T-89764994 -- Reliability:100.0%  Nodes:1000  Latency:13  RMR:0.738  Gossip:1736  IHAVE:16837  GRAFT:415
T-90234768 -- Reliability:100.0%  Nodes:1000  Latency:12  RMR:0.475  Gossip:1474  IHAVE:15864  GRAFT:420
T-90242309 -- Reliability:100.0%  Nodes:1000  Latency:9  RMR:1.135  Gossip:2133  IHAVE:16984  GRAFT:1046
T-90327096 -- Reliability:100.0%  Nodes:1000  Latency:13  RMR:0.962  Gossip:1960  IHAVE:15782  GRAFT:741
T-90399108 -- Reliability:100.0%  Nodes:1000  Latency:12  RMR:0.472  Gossip:1471  IHAVE:16573  GRAFT:417
T-90570998 -- Reliability:100.0%  Nodes:1000  Latency:14  RMR:0.568  Gossip:1566  IHAVE:10425  GRAFT:284
T-90595939 -- Reliability:100.0%  Nodes:1000  Latency:12  RMR:1.245  Gossip:2243  IHAVE:16963  GRAFT:944
T-90604787 -- Reliability:100.0%  Nodes:1000  Latency:8  RMR:0.889  Gossip:1887  IHAVE:16946  GRAFT:718
T-90859330 -- Reliability:100.0%  Nodes:1000  Latency:10  RMR:1.013  Gossip:2011  IHAVE:15961  GRAFT:936
T-90975404 -- Reliability:100.0%  Nodes:1000  Latency:10  RMR:0.611  Gossip:1609  IHAVE:17061  GRAFT:489
T-91015847 -- Reliability:100.0%  Nodes:1000  Latency:8  RMR:0.9  Gossip:1898  IHAVE:16914  GRAFT:658
T-91355342 -- Reliability:100.0%  Nodes:1000  Latency:8  RMR:0.724  Gossip:1722  IHAVE:16892  GRAFT:508
T-91423882 -- Reliability:100.0%  Nodes:1000  Latency:8  RMR:1.222  Gossip:2220  IHAVE:16995  GRAFT:1166
T-91625827 -- Reliability:100.0%  Nodes:1000  Latency:12  RMR:0.882  Gossip:1880  IHAVE:17099  GRAFT:874
T-91857815 -- Reliability:100.0%  Nodes:1000  Latency:12  RMR:0.9  Gossip:1898  IHAVE:16947  GRAFT:650
T-91930496 -- Reliability:100.0%  Nodes:1000  Latency:14  RMR:0.727  Gossip:1725  IHAVE:14207  GRAFT:333
T-92042367 -- Reliability:100.0%  Nodes:1000  Latency:9  RMR:0.71  Gossip:1708  IHAVE:16757  GRAFT:428
T-92224618 -- Reliability:100.0%  Nodes:1000  Latency:12  RMR:0.99  Gossip:1988  IHAVE:16986  GRAFT:635
T-92539974 -- Reliability:100.0%  Nodes:1000  Latency:11  RMR:0.601  Gossip:1599  IHAVE:16742  GRAFT:575
T-92578551 -- Reliability:100.0%  Nodes:1000  Latency:9  RMR:1.224  Gossip:2222  IHAVE:16996  GRAFT:1158
T-92743515 -- Reliability:100.0%  Nodes:1000  Latency:8  RMR:0.78  Gossip:1778  IHAVE:17019  GRAFT:704
T-92862437 -- Reliability:100.0%  Nodes:1000  Latency:13  RMR:0.541  Gossip:1539  IHAVE:14435  GRAFT:469
T-93306902 -- Reliability:100.0%  Nodes:1000  Latency:10  RMR:0.932  Gossip:1930  IHAVE:17011  GRAFT:864
T-93688612 -- Reliability:100.0%  Nodes:1000  Latency:8  RMR:0.911  Gossip:1909  IHAVE:16989  GRAFT:838
T-93693469 -- Reliability:100.0%  Nodes:1000  Latency:13  RMR:0.631  Gossip:1629  IHAVE:16742  GRAFT:612
T-93720823 -- Reliability:100.0%  Nodes:1000  Latency:9  RMR:1.34  Gossip:2338  IHAVE:16882  GRAFT:1010
T-94001147 -- Reliability:100.0%  Nodes:1000  Latency:15  RMR:0.445  Gossip:1444  IHAVE:14817  GRAFT:445
T-94010486 -- Reliability:100.0%  Nodes:1000  Latency:7  RMR:1.428  Gossip:2426  IHAVE:16989  GRAFT:1365
T-94069049 -- Reliability:100.0%  Nodes:1000  Latency:11  RMR:1.378  Gossip:2376  IHAVE:16991  GRAFT:1200
T-94294854 -- Reliability:100.0%  Nodes:1000  Latency:11  RMR:1.274  Gossip:2272  IHAVE:15479  GRAFT:831
T-94328092 -- Reliability:100.0%  Nodes:1000  Latency:14  RMR:0.293  Gossip:1292  IHAVE:9572  GRAFT:233
T-94391387 -- Reliability:100.0%  Nodes:1000  Latency:8  RMR:1.477  Gossip:2475  IHAVE:17033  GRAFT:1418
T-94758625 -- Reliability:100.0%  Nodes:1000  Latency:12  RMR:0.705  Gossip:1703  IHAVE:16688  GRAFT:581
T-94801645 -- Reliability:100.0%  Nodes:1000  Latency:9  RMR:1.592  Gossip:2589  IHAVE:16042  GRAFT:1307
T-94887366 -- Reliability:100.0%  Nodes:1000  Latency:14  RMR:0.408  Gossip:1407  IHAVE:11209  GRAFT:362
T-95355836 -- Reliability:100.0%  Nodes:1000  Latency:8  RMR:1.972  Gossip:2969  IHAVE:16801  GRAFT:1298
T-95535464 -- Reliability:100.0%  Nodes:1000  Latency:11  RMR:1.209  Gossip:2207  IHAVE:17042  GRAFT:1181
T-95564879 -- Reliability:100.0%  Nodes:1000  Latency:14  RMR:0.329  Gossip:1328  IHAVE:9203  GRAFT:315
T-95606379 -- Reliability:100.0%  Nodes:1000  Latency:7  RMR:1.739  Gossip:2736  IHAVE:17007  GRAFT:1661
T-95716389 -- Reliability:100.0%  Nodes:1000  Latency:8  RMR:1.628  Gossip:2625  IHAVE:16903  GRAFT:1414
T-96036836 -- Reliability:100.0%  Nodes:1000  Latency:7  RMR:1.289  Gossip:2287  IHAVE:16968  GRAFT:1222
T-96415507 -- Reliability:100.0%  Nodes:1000  Latency:8  RMR:1.02  Gossip:2018  IHAVE:16934  GRAFT:748
T-96476081 -- Reliability:100.0%  Nodes:1000  Latency:7  RMR:1.312  Gossip:2310  IHAVE:17006  GRAFT:1287
T-96626877 -- Reliability:100.0%  Nodes:1000  Latency:18  RMR:0.595  Gossip:1593  IHAVE:14321  GRAFT:586
T-96627035 -- Reliability:100.0%  Nodes:1000  Latency:15  RMR:0.461  Gossip:1460  IHAVE:8382  GRAFT:383
T-97004179 -- Reliability:100.0%  Nodes:1000  Latency:7  RMR:1.314  Gossip:2312  IHAVE:17013  GRAFT:1198
T-97100514 -- Reliability:100.0%  Nodes:1000  Latency:9  RMR:1.869  Gossip:2866  IHAVE:16774  GRAFT:1107
T-97172869 -- Reliability:100.0%  Nodes:1000  Latency:8  RMR:1.497  Gossip:2495  IHAVE:17020  GRAFT:1455
T-97206692 -- Reliability:100.0%  Nodes:1000  Latency:7  RMR:1.215  Gossip:2213  IHAVE:16925  GRAFT:878
T-97448546 -- Reliability:100.0%  Nodes:1000  Latency:14  RMR:0.752  Gossip:1750  IHAVE:16594  GRAFT:426
T-97520683 -- Reliability:100.0%  Nodes:1000  Latency:7  RMR:1.263  Gossip:2261  IHAVE:17013  GRAFT:1213
T-98480424 -- Reliability:100.0%  Nodes:1000  Latency:14  RMR:0.412  Gossip:1411  IHAVE:16714  GRAFT:340
T-98533409 -- Reliability:100.0%  Nodes:1000  Latency:7  RMR:1.279  Gossip:2277  IHAVE:17027  GRAFT:1129
T-98669480 -- Reliability:100.0%  Nodes:1000  Latency:10  RMR:0.408  Gossip:1407  IHAVE:15649  GRAFT:292
T-98673641 -- Reliability:100.0%  Nodes:1000  Latency:11  RMR:1.201  Gossip:2199  IHAVE:17024  GRAFT:1150
T-98886462 -- Reliability:100.0%  Nodes:1000  Latency:9  RMR:1.571  Gossip:2568  IHAVE:16902  GRAFT:1338
T-99259272 -- Reliability:100.0%  Nodes:1000  Latency:10  RMR:1.53  Gossip:2527  IHAVE:16967  GRAFT:1317
T-99717295 -- Reliability:100.0%  Nodes:1000  Latency:11  RMR:0.734  Gossip:1732  IHAVE:17052  GRAFT:729
T-99718581 -- Reliability:100.0%  Nodes:1000  Latency:16  RMR:0.934  Gossip:1932  IHAVE:16879  GRAFT:882
T-99786872 -- Reliability:100.0%  Nodes:1000  Latency:9  RMR:1.107  Gossip:2105  IHAVE:16990  GRAFT:930
T-99891724 -- Reliability:100.0%  Nodes:1000  Latency:12  RMR:0.392  Gossip:1391  IHAVE:15563  GRAFT:368
T-99912700 -- Reliability:100.0%  Nodes:1000  Latency:16  RMR:0.441  Gossip:1440  IHAVE:11746  GRAFT:440
T-99946912 -- Reliability:100.0%  Nodes:1000  Latency:9  RMR:1.098  Gossip:2096  IHAVE:17032  GRAFT:1017

Number of Miners: 10  Total Transactions: 537
AVERAGE -- Reliability:100.000%  Nodes:1000.0  Latency:10.7  RMR:1.027  Gossip:2025.4  IHAVE:15621.2  GRAFT:855.9
Degree Avg:18.15  Min:18  Max:33  Shortest Path Avg:5.14 Clustering Coefficient  0.1727

===================================================
SIMULATION COMPLETED IN: 253.30640577299982 SECONDS
SIMULATED EVENTS: 32557879
EVENTS PER SECOND: 128531.60543115794
===================================================
