Simian JIT PDES Engine (1.65)
(c) Copyright 2015-. Triad National Security, LLC. All rights reserved. Released under BSD 3-clause license.
Author: Nandakishore Santhi (with other contributors as acknowledged in source code)

===================================================
------------SIMIAN-PIE JIT PDES ENGINE-------------
------------       VERSION: 1.65      -------------
===================================================
MPI: OFF
===================================================

Node[0]: Running on rank 0
Node[1]: Running on rank 0
Node[2]: Running on rank 0
Node[3]: Running on rank 0
Node[4]: Running on rank 0
Node[5]: Running on rank 0
Node[6]: Running on rank 0
Node[7]: Running on rank 0
Node[8]: Running on rank 0
Node[9]: Running on rank 0
Node[10]: Running on rank 0
Node[11]: Running on rank 0
Node[12]: Running on rank 0
Node[13]: Running on rank 0
Node[14]: Running on rank 0
Node[15]: Running on rank 0
Node[16]: Running on rank 0
Node[17]: Running on rank 0
Node[18]: Running on rank 0
Node[19]: Running on rank 0
Node[20]: Running on rank 0
Node[21]: Running on rank 0
Node[22]: Running on rank 0
Node[23]: Running on rank 0
Node[24]: Running on rank 0
Node[25]: Running on rank 0
Node[26]: Running on rank 0
Node[27]: Running on rank 0
Node[28]: Running on rank 0
Node[29]: Running on rank 0
Node[30]: Running on rank 0
Node[31]: Running on rank 0
Node[32]: Running on rank 0
Node[33]: Running on rank 0
Node[34]: Running on rank 0
Node[35]: Running on rank 0
Node[36]: Running on rank 0
Node[37]: Running on rank 0
Node[38]: Running on rank 0
Node[39]: Running on rank 0
Node[40]: Running on rank 0
Node[41]: Running on rank 0
Node[42]: Running on rank 0
Node[43]: Running on rank 0
Node[44]: Running on rank 0
Node[45]: Running on rank 0
Node[46]: Running on rank 0
Node[47]: Running on rank 0
Node[48]: Running on rank 0
Node[49]: Running on rank 0
Node[50]: Running on rank 0
Node[51]: Running on rank 0
Node[52]: Running on rank 0
Node[53]: Running on rank 0
Node[54]: Running on rank 0
Node[55]: Running on rank 0
Node[56]: Running on rank 0
Node[57]: Running on rank 0
Node[58]: Running on rank 0
Node[59]: Running on rank 0
Node[60]: Running on rank 0
Node[61]: Running on rank 0
Node[62]: Running on rank 0
Node[63]: Running on rank 0
Node[64]: Running on rank 0
Node[65]: Running on rank 0
Node[66]: Running on rank 0
Node[67]: Running on rank 0
Node[68]: Running on rank 0
Node[69]: Running on rank 0
Node[70]: Running on rank 0
Node[71]: Running on rank 0
Node[72]: Running on rank 0
Node[73]: Running on rank 0
Node[74]: Running on rank 0
Node[75]: Running on rank 0
Node[76]: Running on rank 0
Node[77]: Running on rank 0
Node[78]: Running on rank 0
Node[79]: Running on rank 0
Node[80]: Running on rank 0
Node[81]: Running on rank 0
Node[82]: Running on rank 0
Node[83]: Running on rank 0
Node[84]: Running on rank 0
Node[85]: Running on rank 0
Node[86]: Running on rank 0
Node[87]: Running on rank 0
Node[88]: Running on rank 0
Node[89]: Running on rank 0
Node[90]: Running on rank 0
Node[91]: Running on rank 0
Node[92]: Running on rank 0
Node[93]: Running on rank 0
Node[94]: Running on rank 0
Node[95]: Running on rank 0
Node[96]: Running on rank 0
Node[97]: Running on rank 0
Node[98]: Running on rank 0
Node[99]: Running on rank 0
Node[100]: Running on rank 0
Node[101]: Running on rank 0
Node[102]: Running on rank 0
Node[103]: Running on rank 0
Node[104]: Running on rank 0
Node[105]: Running on rank 0
Node[106]: Running on rank 0
Node[107]: Running on rank 0
Node[108]: Running on rank 0
Node[109]: Running on rank 0
Node[110]: Running on rank 0
Node[111]: Running on rank 0
Node[112]: Running on rank 0
Node[113]: Running on rank 0
Node[114]: Running on rank 0
Node[115]: Running on rank 0
Node[116]: Running on rank 0
Node[117]: Running on rank 0
Node[118]: Running on rank 0
Node[119]: Running on rank 0
Node[120]: Running on rank 0
Node[121]: Running on rank 0
Node[122]: Running on rank 0
Node[123]: Running on rank 0
Node[124]: Running on rank 0
Node[125]: Running on rank 0
Node[126]: Running on rank 0
Node[127]: Running on rank 0
Node[128]: Running on rank 0
Node[129]: Running on rank 0
Node[130]: Running on rank 0
Node[131]: Running on rank 0
Node[132]: Running on rank 0
Node[133]: Running on rank 0
Node[134]: Running on rank 0
Node[135]: Running on rank 0
Node[136]: Running on rank 0
Node[137]: Running on rank 0
Node[138]: Running on rank 0
Node[139]: Running on rank 0
Node[140]: Running on rank 0
Node[141]: Running on rank 0
Node[142]: Running on rank 0
Node[143]: Running on rank 0
Node[144]: Running on rank 0
Node[145]: Running on rank 0
Node[146]: Running on rank 0
Node[147]: Running on rank 0
Node[148]: Running on rank 0
Node[149]: Running on rank 0
Node[150]: Running on rank 0
Node[151]: Running on rank 0
Node[152]: Running on rank 0
Node[153]: Running on rank 0
Node[154]: Running on rank 0
Node[155]: Running on rank 0
Node[156]: Running on rank 0
Node[157]: Running on rank 0
Node[158]: Running on rank 0
Node[159]: Running on rank 0
Node[160]: Running on rank 0
Node[161]: Running on rank 0
Node[162]: Running on rank 0
Node[163]: Running on rank 0
Node[164]: Running on rank 0
Node[165]: Running on rank 0
Node[166]: Running on rank 0
Node[167]: Running on rank 0
Node[168]: Running on rank 0
Node[169]: Running on rank 0
Node[170]: Running on rank 0
Node[171]: Running on rank 0
Node[172]: Running on rank 0
Node[173]: Running on rank 0
Node[174]: Running on rank 0
Node[175]: Running on rank 0
Node[176]: Running on rank 0
Node[177]: Running on rank 0
Node[178]: Running on rank 0
Node[179]: Running on rank 0
Node[180]: Running on rank 0
Node[181]: Running on rank 0
Node[182]: Running on rank 0
Node[183]: Running on rank 0
Node[184]: Running on rank 0
Node[185]: Running on rank 0
Node[186]: Running on rank 0
Node[187]: Running on rank 0
Node[188]: Running on rank 0
Node[189]: Running on rank 0
Node[190]: Running on rank 0
Node[191]: Running on rank 0
Node[192]: Running on rank 0
Node[193]: Running on rank 0
Node[194]: Running on rank 0
Node[195]: Running on rank 0
Node[196]: Running on rank 0
Node[197]: Running on rank 0
Node[198]: Running on rank 0
Node[199]: Running on rank 0
Node[200]: Running on rank 0
Node[201]: Running on rank 0
Node[202]: Running on rank 0
Node[203]: Running on rank 0
Node[204]: Running on rank 0
Node[205]: Running on rank 0
Node[206]: Running on rank 0
Node[207]: Running on rank 0
Node[208]: Running on rank 0
Node[209]: Running on rank 0
Node[210]: Running on rank 0
Node[211]: Running on rank 0
Node[212]: Running on rank 0
Node[213]: Running on rank 0
Node[214]: Running on rank 0
Node[215]: Running on rank 0
Node[216]: Running on rank 0
Node[217]: Running on rank 0
Node[218]: Running on rank 0
Node[219]: Running on rank 0
Node[220]: Running on rank 0
Node[221]: Running on rank 0
Node[222]: Running on rank 0
Node[223]: Running on rank 0
Node[224]: Running on rank 0
Node[225]: Running on rank 0
Node[226]: Running on rank 0
Node[227]: Running on rank 0
Node[228]: Running on rank 0
Node[229]: Running on rank 0
Node[230]: Running on rank 0
Node[231]: Running on rank 0
Node[232]: Running on rank 0
Node[233]: Running on rank 0
Node[234]: Running on rank 0
Node[235]: Running on rank 0
Node[236]: Running on rank 0
Node[237]: Running on rank 0
Node[238]: Running on rank 0
Node[239]: Running on rank 0
Node[240]: Running on rank 0
Node[241]: Running on rank 0
Node[242]: Running on rank 0
Node[243]: Running on rank 0
Node[244]: Running on rank 0
Node[245]: Running on rank 0
Node[246]: Running on rank 0
Node[247]: Running on rank 0
Node[248]: Running on rank 0
Node[249]: Running on rank 0
Node[250]: Running on rank 0
Node[251]: Running on rank 0
Node[252]: Running on rank 0
Node[253]: Running on rank 0
Node[254]: Running on rank 0
Node[255]: Running on rank 0
Node[256]: Running on rank 0
Node[257]: Running on rank 0
Node[258]: Running on rank 0
Node[259]: Running on rank 0
Node[260]: Running on rank 0
Node[261]: Running on rank 0
Node[262]: Running on rank 0
Node[263]: Running on rank 0
Node[264]: Running on rank 0
Node[265]: Running on rank 0
Node[266]: Running on rank 0
Node[267]: Running on rank 0
Node[268]: Running on rank 0
Node[269]: Running on rank 0
Node[270]: Running on rank 0
Node[271]: Running on rank 0
Node[272]: Running on rank 0
Node[273]: Running on rank 0
Node[274]: Running on rank 0
Node[275]: Running on rank 0
Node[276]: Running on rank 0
Node[277]: Running on rank 0
Node[278]: Running on rank 0
Node[279]: Running on rank 0
Node[280]: Running on rank 0
Node[281]: Running on rank 0
Node[282]: Running on rank 0
Node[283]: Running on rank 0
Node[284]: Running on rank 0
Node[285]: Running on rank 0
Node[286]: Running on rank 0
Node[287]: Running on rank 0
Node[288]: Running on rank 0
Node[289]: Running on rank 0
Node[290]: Running on rank 0
Node[291]: Running on rank 0
Node[292]: Running on rank 0
Node[293]: Running on rank 0
Node[294]: Running on rank 0
Node[295]: Running on rank 0
Node[296]: Running on rank 0
Node[297]: Running on rank 0
Node[298]: Running on rank 0
Node[299]: Running on rank 0
Node[300]: Running on rank 0
Node[301]: Running on rank 0
Node[302]: Running on rank 0
Node[303]: Running on rank 0
Node[304]: Running on rank 0
Node[305]: Running on rank 0
Node[306]: Running on rank 0
Node[307]: Running on rank 0
Node[308]: Running on rank 0
Node[309]: Running on rank 0
Node[310]: Running on rank 0
Node[311]: Running on rank 0
Node[312]: Running on rank 0
Node[313]: Running on rank 0
Node[314]: Running on rank 0
Node[315]: Running on rank 0
Node[316]: Running on rank 0
Node[317]: Running on rank 0
Node[318]: Running on rank 0
Node[319]: Running on rank 0
Node[320]: Running on rank 0
Node[321]: Running on rank 0
Node[322]: Running on rank 0
Node[323]: Running on rank 0
Node[324]: Running on rank 0
Node[325]: Running on rank 0
Node[326]: Running on rank 0
Node[327]: Running on rank 0
Node[328]: Running on rank 0
Node[329]: Running on rank 0
Node[330]: Running on rank 0
Node[331]: Running on rank 0
Node[332]: Running on rank 0
Node[333]: Running on rank 0
Node[334]: Running on rank 0
Node[335]: Running on rank 0
Node[336]: Running on rank 0
Node[337]: Running on rank 0
Node[338]: Running on rank 0
Node[339]: Running on rank 0
Node[340]: Running on rank 0
Node[341]: Running on rank 0
Node[342]: Running on rank 0
Node[343]: Running on rank 0
Node[344]: Running on rank 0
Node[345]: Running on rank 0
Node[346]: Running on rank 0
Node[347]: Running on rank 0
Node[348]: Running on rank 0
Node[349]: Running on rank 0
Node[350]: Running on rank 0
Node[351]: Running on rank 0
Node[352]: Running on rank 0
Node[353]: Running on rank 0
Node[354]: Running on rank 0
Node[355]: Running on rank 0
Node[356]: Running on rank 0
Node[357]: Running on rank 0
Node[358]: Running on rank 0
Node[359]: Running on rank 0
Node[360]: Running on rank 0
Node[361]: Running on rank 0
Node[362]: Running on rank 0
Node[363]: Running on rank 0
Node[364]: Running on rank 0
Node[365]: Running on rank 0
Node[366]: Running on rank 0
Node[367]: Running on rank 0
Node[368]: Running on rank 0
Node[369]: Running on rank 0
Node[370]: Running on rank 0
Node[371]: Running on rank 0
Node[372]: Running on rank 0
Node[373]: Running on rank 0
Node[374]: Running on rank 0
Node[375]: Running on rank 0
Node[376]: Running on rank 0
Node[377]: Running on rank 0
Node[378]: Running on rank 0
Node[379]: Running on rank 0
Node[380]: Running on rank 0
Node[381]: Running on rank 0
Node[382]: Running on rank 0
Node[383]: Running on rank 0
Node[384]: Running on rank 0
Node[385]: Running on rank 0
Node[386]: Running on rank 0
Node[387]: Running on rank 0
Node[388]: Running on rank 0
Node[389]: Running on rank 0
Node[390]: Running on rank 0
Node[391]: Running on rank 0
Node[392]: Running on rank 0
Node[393]: Running on rank 0
Node[394]: Running on rank 0
Node[395]: Running on rank 0
Node[396]: Running on rank 0
Node[397]: Running on rank 0
Node[398]: Running on rank 0
Node[399]: Running on rank 0
Node[400]: Running on rank 0
Node[401]: Running on rank 0
Node[402]: Running on rank 0
Node[403]: Running on rank 0
Node[404]: Running on rank 0
Node[405]: Running on rank 0
Node[406]: Running on rank 0
Node[407]: Running on rank 0
Node[408]: Running on rank 0
Node[409]: Running on rank 0
Node[410]: Running on rank 0
Node[411]: Running on rank 0
Node[412]: Running on rank 0
Node[413]: Running on rank 0
Node[414]: Running on rank 0
Node[415]: Running on rank 0
Node[416]: Running on rank 0
Node[417]: Running on rank 0
Node[418]: Running on rank 0
Node[419]: Running on rank 0
Node[420]: Running on rank 0
Node[421]: Running on rank 0
Node[422]: Running on rank 0
Node[423]: Running on rank 0
Node[424]: Running on rank 0
Node[425]: Running on rank 0
Node[426]: Running on rank 0
Node[427]: Running on rank 0
Node[428]: Running on rank 0
Node[429]: Running on rank 0
Node[430]: Running on rank 0
Node[431]: Running on rank 0
Node[432]: Running on rank 0
Node[433]: Running on rank 0
Node[434]: Running on rank 0
Node[435]: Running on rank 0
Node[436]: Running on rank 0
Node[437]: Running on rank 0
Node[438]: Running on rank 0
Node[439]: Running on rank 0
Node[440]: Running on rank 0
Node[441]: Running on rank 0
Node[442]: Running on rank 0
Node[443]: Running on rank 0
Node[444]: Running on rank 0
Node[445]: Running on rank 0
Node[446]: Running on rank 0
Node[447]: Running on rank 0
Node[448]: Running on rank 0
Node[449]: Running on rank 0
Node[450]: Running on rank 0
Node[451]: Running on rank 0
Node[452]: Running on rank 0
Node[453]: Running on rank 0
Node[454]: Running on rank 0
Node[455]: Running on rank 0
Node[456]: Running on rank 0
Node[457]: Running on rank 0
Node[458]: Running on rank 0
Node[459]: Running on rank 0
Node[460]: Running on rank 0
Node[461]: Running on rank 0
Node[462]: Running on rank 0
Node[463]: Running on rank 0
Node[464]: Running on rank 0
Node[465]: Running on rank 0
Node[466]: Running on rank 0
Node[467]: Running on rank 0
Node[468]: Running on rank 0
Node[469]: Running on rank 0
Node[470]: Running on rank 0
Node[471]: Running on rank 0
Node[472]: Running on rank 0
Node[473]: Running on rank 0
Node[474]: Running on rank 0
Node[475]: Running on rank 0
Node[476]: Running on rank 0
Node[477]: Running on rank 0
Node[478]: Running on rank 0
Node[479]: Running on rank 0
Node[480]: Running on rank 0
Node[481]: Running on rank 0
Node[482]: Running on rank 0
Node[483]: Running on rank 0
Node[484]: Running on rank 0
Node[485]: Running on rank 0
Node[486]: Running on rank 0
Node[487]: Running on rank 0
Node[488]: Running on rank 0
Node[489]: Running on rank 0
Node[490]: Running on rank 0
Node[491]: Running on rank 0
Node[492]: Running on rank 0
Node[493]: Running on rank 0
Node[494]: Running on rank 0
Node[495]: Running on rank 0
Node[496]: Running on rank 0
Node[497]: Running on rank 0
Node[498]: Running on rank 0
Node[499]: Running on rank 0
Node[500]: Running on rank 0
Node[501]: Running on rank 0
Node[502]: Running on rank 0
Node[503]: Running on rank 0
Node[504]: Running on rank 0
Node[505]: Running on rank 0
Node[506]: Running on rank 0
Node[507]: Running on rank 0
Node[508]: Running on rank 0
Node[509]: Running on rank 0
Node[510]: Running on rank 0
Node[511]: Running on rank 0
Node[512]: Running on rank 0
Node[513]: Running on rank 0
Node[514]: Running on rank 0
Node[515]: Running on rank 0
Node[516]: Running on rank 0
Node[517]: Running on rank 0
Node[518]: Running on rank 0
Node[519]: Running on rank 0
Node[520]: Running on rank 0
Node[521]: Running on rank 0
Node[522]: Running on rank 0
Node[523]: Running on rank 0
Node[524]: Running on rank 0
Node[525]: Running on rank 0
Node[526]: Running on rank 0
Node[527]: Running on rank 0
Node[528]: Running on rank 0
Node[529]: Running on rank 0
Node[530]: Running on rank 0
Node[531]: Running on rank 0
Node[532]: Running on rank 0
Node[533]: Running on rank 0
Node[534]: Running on rank 0
Node[535]: Running on rank 0
Node[536]: Running on rank 0
Node[537]: Running on rank 0
Node[538]: Running on rank 0
Node[539]: Running on rank 0
Node[540]: Running on rank 0
Node[541]: Running on rank 0
Node[542]: Running on rank 0
Node[543]: Running on rank 0
Node[544]: Running on rank 0
Node[545]: Running on rank 0
Node[546]: Running on rank 0
Node[547]: Running on rank 0
Node[548]: Running on rank 0
Node[549]: Running on rank 0
Node[550]: Running on rank 0
Node[551]: Running on rank 0
Node[552]: Running on rank 0
Node[553]: Running on rank 0
Node[554]: Running on rank 0
Node[555]: Running on rank 0
Node[556]: Running on rank 0
Node[557]: Running on rank 0
Node[558]: Running on rank 0
Node[559]: Running on rank 0
Node[560]: Running on rank 0
Node[561]: Running on rank 0
Node[562]: Running on rank 0
Node[563]: Running on rank 0
Node[564]: Running on rank 0
Node[565]: Running on rank 0
Node[566]: Running on rank 0
Node[567]: Running on rank 0
Node[568]: Running on rank 0
Node[569]: Running on rank 0
Node[570]: Running on rank 0
Node[571]: Running on rank 0
Node[572]: Running on rank 0
Node[573]: Running on rank 0
Node[574]: Running on rank 0
Node[575]: Running on rank 0
Node[576]: Running on rank 0
Node[577]: Running on rank 0
Node[578]: Running on rank 0
Node[579]: Running on rank 0
Node[580]: Running on rank 0
Node[581]: Running on rank 0
Node[582]: Running on rank 0
Node[583]: Running on rank 0
Node[584]: Running on rank 0
Node[585]: Running on rank 0
Node[586]: Running on rank 0
Node[587]: Running on rank 0
Node[588]: Running on rank 0
Node[589]: Running on rank 0
Node[590]: Running on rank 0
Node[591]: Running on rank 0
Node[592]: Running on rank 0
Node[593]: Running on rank 0
Node[594]: Running on rank 0
Node[595]: Running on rank 0
Node[596]: Running on rank 0
Node[597]: Running on rank 0
Node[598]: Running on rank 0
Node[599]: Running on rank 0
Node[600]: Running on rank 0
Node[601]: Running on rank 0
Node[602]: Running on rank 0
Node[603]: Running on rank 0
Node[604]: Running on rank 0
Node[605]: Running on rank 0
Node[606]: Running on rank 0
Node[607]: Running on rank 0
Node[608]: Running on rank 0
Node[609]: Running on rank 0
Node[610]: Running on rank 0
Node[611]: Running on rank 0
Node[612]: Running on rank 0
Node[613]: Running on rank 0
Node[614]: Running on rank 0
Node[615]: Running on rank 0
Node[616]: Running on rank 0
Node[617]: Running on rank 0
Node[618]: Running on rank 0
Node[619]: Running on rank 0
Node[620]: Running on rank 0
Node[621]: Running on rank 0
Node[622]: Running on rank 0
Node[623]: Running on rank 0
Node[624]: Running on rank 0
Node[625]: Running on rank 0
Node[626]: Running on rank 0
Node[627]: Running on rank 0
Node[628]: Running on rank 0
Node[629]: Running on rank 0
Node[630]: Running on rank 0
Node[631]: Running on rank 0
Node[632]: Running on rank 0
Node[633]: Running on rank 0
Node[634]: Running on rank 0
Node[635]: Running on rank 0
Node[636]: Running on rank 0
Node[637]: Running on rank 0
Node[638]: Running on rank 0
Node[639]: Running on rank 0
Node[640]: Running on rank 0
Node[641]: Running on rank 0
Node[642]: Running on rank 0
Node[643]: Running on rank 0
Node[644]: Running on rank 0
Node[645]: Running on rank 0
Node[646]: Running on rank 0
Node[647]: Running on rank 0
Node[648]: Running on rank 0
Node[649]: Running on rank 0
Node[650]: Running on rank 0
Node[651]: Running on rank 0
Node[652]: Running on rank 0
Node[653]: Running on rank 0
Node[654]: Running on rank 0
Node[655]: Running on rank 0
Node[656]: Running on rank 0
Node[657]: Running on rank 0
Node[658]: Running on rank 0
Node[659]: Running on rank 0
Node[660]: Running on rank 0
Node[661]: Running on rank 0
Node[662]: Running on rank 0
Node[663]: Running on rank 0
Node[664]: Running on rank 0
Node[665]: Running on rank 0
Node[666]: Running on rank 0
Node[667]: Running on rank 0
Node[668]: Running on rank 0
Node[669]: Running on rank 0
Node[670]: Running on rank 0
Node[671]: Running on rank 0
Node[672]: Running on rank 0
Node[673]: Running on rank 0
Node[674]: Running on rank 0
Node[675]: Running on rank 0
Node[676]: Running on rank 0
Node[677]: Running on rank 0
Node[678]: Running on rank 0
Node[679]: Running on rank 0
Node[680]: Running on rank 0
Node[681]: Running on rank 0
Node[682]: Running on rank 0
Node[683]: Running on rank 0
Node[684]: Running on rank 0
Node[685]: Running on rank 0
Node[686]: Running on rank 0
Node[687]: Running on rank 0
Node[688]: Running on rank 0
Node[689]: Running on rank 0
Node[690]: Running on rank 0
Node[691]: Running on rank 0
Node[692]: Running on rank 0
Node[693]: Running on rank 0
Node[694]: Running on rank 0
Node[695]: Running on rank 0
Node[696]: Running on rank 0
Node[697]: Running on rank 0
Node[698]: Running on rank 0
Node[699]: Running on rank 0
Node[700]: Running on rank 0
Node[701]: Running on rank 0
Node[702]: Running on rank 0
Node[703]: Running on rank 0
Node[704]: Running on rank 0
Node[705]: Running on rank 0
Node[706]: Running on rank 0
Node[707]: Running on rank 0
Node[708]: Running on rank 0
Node[709]: Running on rank 0
Node[710]: Running on rank 0
Node[711]: Running on rank 0
Node[712]: Running on rank 0
Node[713]: Running on rank 0
Node[714]: Running on rank 0
Node[715]: Running on rank 0
Node[716]: Running on rank 0
Node[717]: Running on rank 0
Node[718]: Running on rank 0
Node[719]: Running on rank 0
Node[720]: Running on rank 0
Node[721]: Running on rank 0
Node[722]: Running on rank 0
Node[723]: Running on rank 0
Node[724]: Running on rank 0
Node[725]: Running on rank 0
Node[726]: Running on rank 0
Node[727]: Running on rank 0
Node[728]: Running on rank 0
Node[729]: Running on rank 0
Node[730]: Running on rank 0
Node[731]: Running on rank 0
Node[732]: Running on rank 0
Node[733]: Running on rank 0
Node[734]: Running on rank 0
Node[735]: Running on rank 0
Node[736]: Running on rank 0
Node[737]: Running on rank 0
Node[738]: Running on rank 0
Node[739]: Running on rank 0
Node[740]: Running on rank 0
Node[741]: Running on rank 0
Node[742]: Running on rank 0
Node[743]: Running on rank 0
Node[744]: Running on rank 0
Node[745]: Running on rank 0
Node[746]: Running on rank 0
Node[747]: Running on rank 0
Node[748]: Running on rank 0
Node[749]: Running on rank 0
Node[750]: Running on rank 0
Node[751]: Running on rank 0
Node[752]: Running on rank 0
Node[753]: Running on rank 0
Node[754]: Running on rank 0
Node[755]: Running on rank 0
Node[756]: Running on rank 0
Node[757]: Running on rank 0
Node[758]: Running on rank 0
Node[759]: Running on rank 0
Node[760]: Running on rank 0
Node[761]: Running on rank 0
Node[762]: Running on rank 0
Node[763]: Running on rank 0
Node[764]: Running on rank 0
Node[765]: Running on rank 0
Node[766]: Running on rank 0
Node[767]: Running on rank 0
Node[768]: Running on rank 0
Node[769]: Running on rank 0
Node[770]: Running on rank 0
Node[771]: Running on rank 0
Node[772]: Running on rank 0
Node[773]: Running on rank 0
Node[774]: Running on rank 0
Node[775]: Running on rank 0
Node[776]: Running on rank 0
Node[777]: Running on rank 0
Node[778]: Running on rank 0
Node[779]: Running on rank 0
Node[780]: Running on rank 0
Node[781]: Running on rank 0
Node[782]: Running on rank 0
Node[783]: Running on rank 0
Node[784]: Running on rank 0
Node[785]: Running on rank 0
Node[786]: Running on rank 0
Node[787]: Running on rank 0
Node[788]: Running on rank 0
Node[789]: Running on rank 0
Node[790]: Running on rank 0
Node[791]: Running on rank 0
Node[792]: Running on rank 0
Node[793]: Running on rank 0
Node[794]: Running on rank 0
Node[795]: Running on rank 0
Node[796]: Running on rank 0
Node[797]: Running on rank 0
Node[798]: Running on rank 0
Node[799]: Running on rank 0
Node[800]: Running on rank 0
Node[801]: Running on rank 0
Node[802]: Running on rank 0
Node[803]: Running on rank 0
Node[804]: Running on rank 0
Node[805]: Running on rank 0
Node[806]: Running on rank 0
Node[807]: Running on rank 0
Node[808]: Running on rank 0
Node[809]: Running on rank 0
Node[810]: Running on rank 0
Node[811]: Running on rank 0
Node[812]: Running on rank 0
Node[813]: Running on rank 0
Node[814]: Running on rank 0
Node[815]: Running on rank 0
Node[816]: Running on rank 0
Node[817]: Running on rank 0
Node[818]: Running on rank 0
Node[819]: Running on rank 0
Node[820]: Running on rank 0
Node[821]: Running on rank 0
Node[822]: Running on rank 0
Node[823]: Running on rank 0
Node[824]: Running on rank 0
Node[825]: Running on rank 0
Node[826]: Running on rank 0
Node[827]: Running on rank 0
Node[828]: Running on rank 0
Node[829]: Running on rank 0
Node[830]: Running on rank 0
Node[831]: Running on rank 0
Node[832]: Running on rank 0
Node[833]: Running on rank 0
Node[834]: Running on rank 0
Node[835]: Running on rank 0
Node[836]: Running on rank 0
Node[837]: Running on rank 0
Node[838]: Running on rank 0
Node[839]: Running on rank 0
Node[840]: Running on rank 0
Node[841]: Running on rank 0
Node[842]: Running on rank 0
Node[843]: Running on rank 0
Node[844]: Running on rank 0
Node[845]: Running on rank 0
Node[846]: Running on rank 0
Node[847]: Running on rank 0
Node[848]: Running on rank 0
Node[849]: Running on rank 0
Node[850]: Running on rank 0
Node[851]: Running on rank 0
Node[852]: Running on rank 0
Node[853]: Running on rank 0
Node[854]: Running on rank 0
Node[855]: Running on rank 0
Node[856]: Running on rank 0
Node[857]: Running on rank 0
Node[858]: Running on rank 0
Node[859]: Running on rank 0
Node[860]: Running on rank 0
Node[861]: Running on rank 0
Node[862]: Running on rank 0
Node[863]: Running on rank 0
Node[864]: Running on rank 0
Node[865]: Running on rank 0
Node[866]: Running on rank 0
Node[867]: Running on rank 0
Node[868]: Running on rank 0
Node[869]: Running on rank 0
Node[870]: Running on rank 0
Node[871]: Running on rank 0
Node[872]: Running on rank 0
Node[873]: Running on rank 0
Node[874]: Running on rank 0
Node[875]: Running on rank 0
Node[876]: Running on rank 0
Node[877]: Running on rank 0
Node[878]: Running on rank 0
Node[879]: Running on rank 0
Node[880]: Running on rank 0
Node[881]: Running on rank 0
Node[882]: Running on rank 0
Node[883]: Running on rank 0
Node[884]: Running on rank 0
Node[885]: Running on rank 0
Node[886]: Running on rank 0
Node[887]: Running on rank 0
Node[888]: Running on rank 0
Node[889]: Running on rank 0
Node[890]: Running on rank 0
Node[891]: Running on rank 0
Node[892]: Running on rank 0
Node[893]: Running on rank 0
Node[894]: Running on rank 0
Node[895]: Running on rank 0
Node[896]: Running on rank 0
Node[897]: Running on rank 0
Node[898]: Running on rank 0
Node[899]: Running on rank 0
Node[900]: Running on rank 0
Node[901]: Running on rank 0
Node[902]: Running on rank 0
Node[903]: Running on rank 0
Node[904]: Running on rank 0
Node[905]: Running on rank 0
Node[906]: Running on rank 0
Node[907]: Running on rank 0
Node[908]: Running on rank 0
Node[909]: Running on rank 0
Node[910]: Running on rank 0
Node[911]: Running on rank 0
Node[912]: Running on rank 0
Node[913]: Running on rank 0
Node[914]: Running on rank 0
Node[915]: Running on rank 0
Node[916]: Running on rank 0
Node[917]: Running on rank 0
Node[918]: Running on rank 0
Node[919]: Running on rank 0
Node[920]: Running on rank 0
Node[921]: Running on rank 0
Node[922]: Running on rank 0
Node[923]: Running on rank 0
Node[924]: Running on rank 0
Node[925]: Running on rank 0
Node[926]: Running on rank 0
Node[927]: Running on rank 0
Node[928]: Running on rank 0
Node[929]: Running on rank 0
Node[930]: Running on rank 0
Node[931]: Running on rank 0
Node[932]: Running on rank 0
Node[933]: Running on rank 0
Node[934]: Running on rank 0
Node[935]: Running on rank 0
Node[936]: Running on rank 0
Node[937]: Running on rank 0
Node[938]: Running on rank 0
Node[939]: Running on rank 0
Node[940]: Running on rank 0
Node[941]: Running on rank 0
Node[942]: Running on rank 0
Node[943]: Running on rank 0
Node[944]: Running on rank 0
Node[945]: Running on rank 0
Node[946]: Running on rank 0
Node[947]: Running on rank 0
Node[948]: Running on rank 0
Node[949]: Running on rank 0
Node[950]: Running on rank 0
Node[951]: Running on rank 0
Node[952]: Running on rank 0
Node[953]: Running on rank 0
Node[954]: Running on rank 0
Node[955]: Running on rank 0
Node[956]: Running on rank 0
Node[957]: Running on rank 0
Node[958]: Running on rank 0
Node[959]: Running on rank 0
Node[960]: Running on rank 0
Node[961]: Running on rank 0
Node[962]: Running on rank 0
Node[963]: Running on rank 0
Node[964]: Running on rank 0
Node[965]: Running on rank 0
Node[966]: Running on rank 0
Node[967]: Running on rank 0
Node[968]: Running on rank 0
Node[969]: Running on rank 0
Node[970]: Running on rank 0
Node[971]: Running on rank 0
Node[972]: Running on rank 0
Node[973]: Running on rank 0
Node[974]: Running on rank 0
Node[975]: Running on rank 0
Node[976]: Running on rank 0
Node[977]: Running on rank 0
Node[978]: Running on rank 0
Node[979]: Running on rank 0
Node[980]: Running on rank 0
Node[981]: Running on rank 0
Node[982]: Running on rank 0
Node[983]: Running on rank 0
Node[984]: Running on rank 0
Node[985]: Running on rank 0
Node[986]: Running on rank 0
Node[987]: Running on rank 0
Node[988]: Running on rank 0
Node[989]: Running on rank 0
Node[990]: Running on rank 0
Node[991]: Running on rank 0
Node[992]: Running on rank 0
Node[993]: Running on rank 0
Node[994]: Running on rank 0
Node[995]: Running on rank 0
Node[996]: Running on rank 0
Node[997]: Running on rank 0
Node[998]: Running on rank 0
Node[999]: Running on rank 0
Node[1000]: Running on rank 0
Node[1001]: Running on rank 0
Node[1002]: Running on rank 0
Node[1003]: Running on rank 0
Node[1004]: Running on rank 0
Node[1005]: Running on rank 0
Node[1006]: Running on rank 0
Node[1007]: Running on rank 0
Node[1008]: Running on rank 0
Node[1009]: Running on rank 0
Node[1010]: Running on rank 0
Node[1011]: Running on rank 0
Node[1012]: Running on rank 0
Node[1013]: Running on rank 0
Node[1014]: Running on rank 0
Node[1015]: Running on rank 0
Node[1016]: Running on rank 0
Node[1017]: Running on rank 0
Node[1018]: Running on rank 0
Node[1019]: Running on rank 0
Node[1020]: Running on rank 0
Node[1021]: Running on rank 0
Node[1022]: Running on rank 0
Node[1023]: Running on rank 0
Node[1024]: Running on rank 0
Node[1025]: Running on rank 0
Node[1026]: Running on rank 0
Node[1027]: Running on rank 0
Node[1028]: Running on rank 0
Node[1029]: Running on rank 0
Node[1030]: Running on rank 0
Node[1031]: Running on rank 0
Node[1032]: Running on rank 0
Node[1033]: Running on rank 0
Node[1034]: Running on rank 0
Node[1035]: Running on rank 0
Node[1036]: Running on rank 0
Node[1037]: Running on rank 0
Node[1038]: Running on rank 0
Node[1039]: Running on rank 0
Node[1040]: Running on rank 0
Node[1041]: Running on rank 0
Node[1042]: Running on rank 0
Node[1043]: Running on rank 0
Node[1044]: Running on rank 0
Node[1045]: Running on rank 0
Node[1046]: Running on rank 0
Node[1047]: Running on rank 0
Node[1048]: Running on rank 0
Node[1049]: Running on rank 0
Node[1050]: Running on rank 0
Node[1051]: Running on rank 0
Node[1052]: Running on rank 0
Node[1053]: Running on rank 0
Node[1054]: Running on rank 0
Node[1055]: Running on rank 0
Node[1056]: Running on rank 0
Node[1057]: Running on rank 0
Node[1058]: Running on rank 0
Node[1059]: Running on rank 0
Node[1060]: Running on rank 0
Node[1061]: Running on rank 0
Node[1062]: Running on rank 0
Node[1063]: Running on rank 0
Node[1064]: Running on rank 0
Node[1065]: Running on rank 0
Node[1066]: Running on rank 0
Node[1067]: Running on rank 0
Node[1068]: Running on rank 0
Node[1069]: Running on rank 0
Node[1070]: Running on rank 0
Node[1071]: Running on rank 0
Node[1072]: Running on rank 0
Node[1073]: Running on rank 0
Node[1074]: Running on rank 0
Node[1075]: Running on rank 0
Node[1076]: Running on rank 0
Node[1077]: Running on rank 0
Node[1078]: Running on rank 0
Node[1079]: Running on rank 0
Node[1080]: Running on rank 0
Node[1081]: Running on rank 0
Node[1082]: Running on rank 0
Node[1083]: Running on rank 0
Node[1084]: Running on rank 0
Node[1085]: Running on rank 0
Node[1086]: Running on rank 0
Node[1087]: Running on rank 0
Node[1088]: Running on rank 0
Node[1089]: Running on rank 0
Node[1090]: Running on rank 0
Node[1091]: Running on rank 0
Node[1092]: Running on rank 0
Node[1093]: Running on rank 0
Node[1094]: Running on rank 0
Node[1095]: Running on rank 0
Node[1096]: Running on rank 0
Node[1097]: Running on rank 0
Node[1098]: Running on rank 0
Node[1099]: Running on rank 0
Node[1100]: Running on rank 0
Node[1101]: Running on rank 0
Node[1102]: Running on rank 0
Node[1103]: Running on rank 0
Node[1104]: Running on rank 0
Node[1105]: Running on rank 0
Node[1106]: Running on rank 0
Node[1107]: Running on rank 0
Node[1108]: Running on rank 0
Node[1109]: Running on rank 0
Node[1110]: Running on rank 0
Node[1111]: Running on rank 0
Node[1112]: Running on rank 0
Node[1113]: Running on rank 0
Node[1114]: Running on rank 0
Node[1115]: Running on rank 0
Node[1116]: Running on rank 0
Node[1117]: Running on rank 0
Node[1118]: Running on rank 0
Node[1119]: Running on rank 0
Node[1120]: Running on rank 0
Node[1121]: Running on rank 0
Node[1122]: Running on rank 0
Node[1123]: Running on rank 0
Node[1124]: Running on rank 0
Node[1125]: Running on rank 0
Node[1126]: Running on rank 0
Node[1127]: Running on rank 0
Node[1128]: Running on rank 0
Node[1129]: Running on rank 0
Node[1130]: Running on rank 0
Node[1131]: Running on rank 0
Node[1132]: Running on rank 0
Node[1133]: Running on rank 0
Node[1134]: Running on rank 0
Node[1135]: Running on rank 0
Node[1136]: Running on rank 0
Node[1137]: Running on rank 0
Node[1138]: Running on rank 0
Node[1139]: Running on rank 0
Node[1140]: Running on rank 0
Node[1141]: Running on rank 0
Node[1142]: Running on rank 0
Node[1143]: Running on rank 0
Node[1144]: Running on rank 0
Node[1145]: Running on rank 0
Node[1146]: Running on rank 0
Node[1147]: Running on rank 0
Node[1148]: Running on rank 0
Node[1149]: Running on rank 0
Node[1150]: Running on rank 0
Node[1151]: Running on rank 0
Node[1152]: Running on rank 0
Node[1153]: Running on rank 0
Node[1154]: Running on rank 0
Node[1155]: Running on rank 0
Node[1156]: Running on rank 0
Node[1157]: Running on rank 0
Node[1158]: Running on rank 0
Node[1159]: Running on rank 0
Node[1160]: Running on rank 0
Node[1161]: Running on rank 0
Node[1162]: Running on rank 0
Node[1163]: Running on rank 0
Node[1164]: Running on rank 0
Node[1165]: Running on rank 0
Node[1166]: Running on rank 0
Node[1167]: Running on rank 0
Node[1168]: Running on rank 0
Node[1169]: Running on rank 0
Node[1170]: Running on rank 0
Node[1171]: Running on rank 0
Node[1172]: Running on rank 0
Node[1173]: Running on rank 0
Node[1174]: Running on rank 0
Node[1175]: Running on rank 0
Node[1176]: Running on rank 0
Node[1177]: Running on rank 0
Node[1178]: Running on rank 0
Node[1179]: Running on rank 0
Node[1180]: Running on rank 0
Node[1181]: Running on rank 0
Node[1182]: Running on rank 0
Node[1183]: Running on rank 0
Node[1184]: Running on rank 0
Node[1185]: Running on rank 0
Node[1186]: Running on rank 0
Node[1187]: Running on rank 0
Node[1188]: Running on rank 0
Node[1189]: Running on rank 0
Node[1190]: Running on rank 0
Node[1191]: Running on rank 0
Node[1192]: Running on rank 0
Node[1193]: Running on rank 0
Node[1194]: Running on rank 0
Node[1195]: Running on rank 0
Node[1196]: Running on rank 0
Node[1197]: Running on rank 0
Node[1198]: Running on rank 0
Node[1199]: Running on rank 0
Node[1200]: Running on rank 0
Node[1201]: Running on rank 0
Node[1202]: Running on rank 0
Node[1203]: Running on rank 0
Node[1204]: Running on rank 0
Node[1205]: Running on rank 0
Node[1206]: Running on rank 0
Node[1207]: Running on rank 0
Node[1208]: Running on rank 0
Node[1209]: Running on rank 0
Node[1210]: Running on rank 0
Node[1211]: Running on rank 0
Node[1212]: Running on rank 0
Node[1213]: Running on rank 0
Node[1214]: Running on rank 0
Node[1215]: Running on rank 0
Node[1216]: Running on rank 0
Node[1217]: Running on rank 0
Node[1218]: Running on rank 0
Node[1219]: Running on rank 0
Node[1220]: Running on rank 0
Node[1221]: Running on rank 0
Node[1222]: Running on rank 0
Node[1223]: Running on rank 0
Node[1224]: Running on rank 0
Node[1225]: Running on rank 0
Node[1226]: Running on rank 0
Node[1227]: Running on rank 0
Node[1228]: Running on rank 0
Node[1229]: Running on rank 0
Node[1230]: Running on rank 0
Node[1231]: Running on rank 0
Node[1232]: Running on rank 0
Node[1233]: Running on rank 0
Node[1234]: Running on rank 0
Node[1235]: Running on rank 0
Node[1236]: Running on rank 0
Node[1237]: Running on rank 0
Node[1238]: Running on rank 0
Node[1239]: Running on rank 0
Node[1240]: Running on rank 0
Node[1241]: Running on rank 0
Node[1242]: Running on rank 0
Node[1243]: Running on rank 0
Node[1244]: Running on rank 0
Node[1245]: Running on rank 0
Node[1246]: Running on rank 0
Node[1247]: Running on rank 0
Node[1248]: Running on rank 0
Node[1249]: Running on rank 0
Node[1250]: Running on rank 0
Node[1251]: Running on rank 0
Node[1252]: Running on rank 0
Node[1253]: Running on rank 0
Node[1254]: Running on rank 0
Node[1255]: Running on rank 0
Node[1256]: Running on rank 0
Node[1257]: Running on rank 0
Node[1258]: Running on rank 0
Node[1259]: Running on rank 0
Node[1260]: Running on rank 0
Node[1261]: Running on rank 0
Node[1262]: Running on rank 0
Node[1263]: Running on rank 0
Node[1264]: Running on rank 0
Node[1265]: Running on rank 0
Node[1266]: Running on rank 0
Node[1267]: Running on rank 0
Node[1268]: Running on rank 0
Node[1269]: Running on rank 0
Node[1270]: Running on rank 0
Node[1271]: Running on rank 0
Node[1272]: Running on rank 0
Node[1273]: Running on rank 0
Node[1274]: Running on rank 0
Node[1275]: Running on rank 0
Node[1276]: Running on rank 0
Node[1277]: Running on rank 0
Node[1278]: Running on rank 0
Node[1279]: Running on rank 0
Node[1280]: Running on rank 0
Node[1281]: Running on rank 0
Node[1282]: Running on rank 0
Node[1283]: Running on rank 0
Node[1284]: Running on rank 0
Node[1285]: Running on rank 0
Node[1286]: Running on rank 0
Node[1287]: Running on rank 0
Node[1288]: Running on rank 0
Node[1289]: Running on rank 0
Node[1290]: Running on rank 0
Node[1291]: Running on rank 0
Node[1292]: Running on rank 0
Node[1293]: Running on rank 0
Node[1294]: Running on rank 0
Node[1295]: Running on rank 0
Node[1296]: Running on rank 0
Node[1297]: Running on rank 0
Node[1298]: Running on rank 0
Node[1299]: Running on rank 0
Node[1300]: Running on rank 0
Node[1301]: Running on rank 0
Node[1302]: Running on rank 0
Node[1303]: Running on rank 0
Node[1304]: Running on rank 0
Node[1305]: Running on rank 0
Node[1306]: Running on rank 0
Node[1307]: Running on rank 0
Node[1308]: Running on rank 0
Node[1309]: Running on rank 0
Node[1310]: Running on rank 0
Node[1311]: Running on rank 0
Node[1312]: Running on rank 0
Node[1313]: Running on rank 0
Node[1314]: Running on rank 0
Node[1315]: Running on rank 0
Node[1316]: Running on rank 0
Node[1317]: Running on rank 0
Node[1318]: Running on rank 0
Node[1319]: Running on rank 0
Node[1320]: Running on rank 0
Node[1321]: Running on rank 0
Node[1322]: Running on rank 0
Node[1323]: Running on rank 0
Node[1324]: Running on rank 0
Node[1325]: Running on rank 0
Node[1326]: Running on rank 0
Node[1327]: Running on rank 0
Node[1328]: Running on rank 0
Node[1329]: Running on rank 0
Node[1330]: Running on rank 0
Node[1331]: Running on rank 0
Node[1332]: Running on rank 0
Node[1333]: Running on rank 0
Node[1334]: Running on rank 0
Node[1335]: Running on rank 0
Node[1336]: Running on rank 0
Node[1337]: Running on rank 0
Node[1338]: Running on rank 0
Node[1339]: Running on rank 0
Node[1340]: Running on rank 0
Node[1341]: Running on rank 0
Node[1342]: Running on rank 0
Node[1343]: Running on rank 0
Node[1344]: Running on rank 0
Node[1345]: Running on rank 0
Node[1346]: Running on rank 0
Node[1347]: Running on rank 0
Node[1348]: Running on rank 0
Node[1349]: Running on rank 0
Node[1350]: Running on rank 0
Node[1351]: Running on rank 0
Node[1352]: Running on rank 0
Node[1353]: Running on rank 0
Node[1354]: Running on rank 0
Node[1355]: Running on rank 0
Node[1356]: Running on rank 0
Node[1357]: Running on rank 0
Node[1358]: Running on rank 0
Node[1359]: Running on rank 0
Node[1360]: Running on rank 0
Node[1361]: Running on rank 0
Node[1362]: Running on rank 0
Node[1363]: Running on rank 0
Node[1364]: Running on rank 0
Node[1365]: Running on rank 0
Node[1366]: Running on rank 0
Node[1367]: Running on rank 0
Node[1368]: Running on rank 0
Node[1369]: Running on rank 0
Node[1370]: Running on rank 0
Node[1371]: Running on rank 0
Node[1372]: Running on rank 0
Node[1373]: Running on rank 0
Node[1374]: Running on rank 0
Node[1375]: Running on rank 0
Node[1376]: Running on rank 0
Node[1377]: Running on rank 0
Node[1378]: Running on rank 0
Node[1379]: Running on rank 0
Node[1380]: Running on rank 0
Node[1381]: Running on rank 0
Node[1382]: Running on rank 0
Node[1383]: Running on rank 0
Node[1384]: Running on rank 0
Node[1385]: Running on rank 0
Node[1386]: Running on rank 0
Node[1387]: Running on rank 0
Node[1388]: Running on rank 0
Node[1389]: Running on rank 0
Node[1390]: Running on rank 0
Node[1391]: Running on rank 0
Node[1392]: Running on rank 0
Node[1393]: Running on rank 0
Node[1394]: Running on rank 0
Node[1395]: Running on rank 0
Node[1396]: Running on rank 0
Node[1397]: Running on rank 0
Node[1398]: Running on rank 0
Node[1399]: Running on rank 0
Node[1400]: Running on rank 0
Node[1401]: Running on rank 0
Node[1402]: Running on rank 0
Node[1403]: Running on rank 0
Node[1404]: Running on rank 0
Node[1405]: Running on rank 0
Node[1406]: Running on rank 0
Node[1407]: Running on rank 0
Node[1408]: Running on rank 0
Node[1409]: Running on rank 0
Node[1410]: Running on rank 0
Node[1411]: Running on rank 0
Node[1412]: Running on rank 0
Node[1413]: Running on rank 0
Node[1414]: Running on rank 0
Node[1415]: Running on rank 0
Node[1416]: Running on rank 0
Node[1417]: Running on rank 0
Node[1418]: Running on rank 0
Node[1419]: Running on rank 0
Node[1420]: Running on rank 0
Node[1421]: Running on rank 0
Node[1422]: Running on rank 0
Node[1423]: Running on rank 0
Node[1424]: Running on rank 0
Node[1425]: Running on rank 0
Node[1426]: Running on rank 0
Node[1427]: Running on rank 0
Node[1428]: Running on rank 0
Node[1429]: Running on rank 0
Node[1430]: Running on rank 0
Node[1431]: Running on rank 0
Node[1432]: Running on rank 0
Node[1433]: Running on rank 0
Node[1434]: Running on rank 0
Node[1435]: Running on rank 0
Node[1436]: Running on rank 0
Node[1437]: Running on rank 0
Node[1438]: Running on rank 0
Node[1439]: Running on rank 0
Node[1440]: Running on rank 0
Node[1441]: Running on rank 0
Node[1442]: Running on rank 0
Node[1443]: Running on rank 0
Node[1444]: Running on rank 0
Node[1445]: Running on rank 0
Node[1446]: Running on rank 0
Node[1447]: Running on rank 0
Node[1448]: Running on rank 0
Node[1449]: Running on rank 0
Node[1450]: Running on rank 0
Node[1451]: Running on rank 0
Node[1452]: Running on rank 0
Node[1453]: Running on rank 0
Node[1454]: Running on rank 0
Node[1455]: Running on rank 0
Node[1456]: Running on rank 0
Node[1457]: Running on rank 0
Node[1458]: Running on rank 0
Node[1459]: Running on rank 0
Node[1460]: Running on rank 0
Node[1461]: Running on rank 0
Node[1462]: Running on rank 0
Node[1463]: Running on rank 0
Node[1464]: Running on rank 0
Node[1465]: Running on rank 0
Node[1466]: Running on rank 0
Node[1467]: Running on rank 0
Node[1468]: Running on rank 0
Node[1469]: Running on rank 0
Node[1470]: Running on rank 0
Node[1471]: Running on rank 0
Node[1472]: Running on rank 0
Node[1473]: Running on rank 0
Node[1474]: Running on rank 0
Node[1475]: Running on rank 0
Node[1476]: Running on rank 0
Node[1477]: Running on rank 0
Node[1478]: Running on rank 0
Node[1479]: Running on rank 0
Node[1480]: Running on rank 0
Node[1481]: Running on rank 0
Node[1482]: Running on rank 0
Node[1483]: Running on rank 0
Node[1484]: Running on rank 0
Node[1485]: Running on rank 0
Node[1486]: Running on rank 0
Node[1487]: Running on rank 0
Node[1488]: Running on rank 0
Node[1489]: Running on rank 0
Node[1490]: Running on rank 0
Node[1491]: Running on rank 0
Node[1492]: Running on rank 0
Node[1493]: Running on rank 0
Node[1494]: Running on rank 0
Node[1495]: Running on rank 0
Node[1496]: Running on rank 0
Node[1497]: Running on rank 0
Node[1498]: Running on rank 0
Node[1499]: Running on rank 0
Node[1500]: Running on rank 0
Node[1501]: Running on rank 0
Node[1502]: Running on rank 0
Node[1503]: Running on rank 0
Node[1504]: Running on rank 0
Node[1505]: Running on rank 0
Node[1506]: Running on rank 0
Node[1507]: Running on rank 0
Node[1508]: Running on rank 0
Node[1509]: Running on rank 0
Node[1510]: Running on rank 0
Node[1511]: Running on rank 0
Node[1512]: Running on rank 0
Node[1513]: Running on rank 0
Node[1514]: Running on rank 0
Node[1515]: Running on rank 0
Node[1516]: Running on rank 0
Node[1517]: Running on rank 0
Node[1518]: Running on rank 0
Node[1519]: Running on rank 0
Node[1520]: Running on rank 0
Node[1521]: Running on rank 0
Node[1522]: Running on rank 0
Node[1523]: Running on rank 0
Node[1524]: Running on rank 0
Node[1525]: Running on rank 0
Node[1526]: Running on rank 0
Node[1527]: Running on rank 0
Node[1528]: Running on rank 0
Node[1529]: Running on rank 0
Node[1530]: Running on rank 0
Node[1531]: Running on rank 0
Node[1532]: Running on rank 0
Node[1533]: Running on rank 0
Node[1534]: Running on rank 0
Node[1535]: Running on rank 0
Node[1536]: Running on rank 0
Node[1537]: Running on rank 0
Node[1538]: Running on rank 0
Node[1539]: Running on rank 0
Node[1540]: Running on rank 0
Node[1541]: Running on rank 0
Node[1542]: Running on rank 0
Node[1543]: Running on rank 0
Node[1544]: Running on rank 0
Node[1545]: Running on rank 0
Node[1546]: Running on rank 0
Node[1547]: Running on rank 0
Node[1548]: Running on rank 0
Node[1549]: Running on rank 0
Node[1550]: Running on rank 0
Node[1551]: Running on rank 0
Node[1552]: Running on rank 0
Node[1553]: Running on rank 0
Node[1554]: Running on rank 0
Node[1555]: Running on rank 0
Node[1556]: Running on rank 0
Node[1557]: Running on rank 0
Node[1558]: Running on rank 0
Node[1559]: Running on rank 0
Node[1560]: Running on rank 0
Node[1561]: Running on rank 0
Node[1562]: Running on rank 0
Node[1563]: Running on rank 0
Node[1564]: Running on rank 0
Node[1565]: Running on rank 0
Node[1566]: Running on rank 0
Node[1567]: Running on rank 0
Node[1568]: Running on rank 0
Node[1569]: Running on rank 0
Node[1570]: Running on rank 0
Node[1571]: Running on rank 0
Node[1572]: Running on rank 0
Node[1573]: Running on rank 0
Node[1574]: Running on rank 0
Node[1575]: Running on rank 0
Node[1576]: Running on rank 0
Node[1577]: Running on rank 0
Node[1578]: Running on rank 0
Node[1579]: Running on rank 0
Node[1580]: Running on rank 0
Node[1581]: Running on rank 0
Node[1582]: Running on rank 0
Node[1583]: Running on rank 0
Node[1584]: Running on rank 0
Node[1585]: Running on rank 0
Node[1586]: Running on rank 0
Node[1587]: Running on rank 0
Node[1588]: Running on rank 0
Node[1589]: Running on rank 0
Node[1590]: Running on rank 0
Node[1591]: Running on rank 0
Node[1592]: Running on rank 0
Node[1593]: Running on rank 0
Node[1594]: Running on rank 0
Node[1595]: Running on rank 0
Node[1596]: Running on rank 0
Node[1597]: Running on rank 0
Node[1598]: Running on rank 0
Node[1599]: Running on rank 0
Node[1600]: Running on rank 0
Node[1601]: Running on rank 0
Node[1602]: Running on rank 0
Node[1603]: Running on rank 0
Node[1604]: Running on rank 0
Node[1605]: Running on rank 0
Node[1606]: Running on rank 0
Node[1607]: Running on rank 0
Node[1608]: Running on rank 0
Node[1609]: Running on rank 0
Node[1610]: Running on rank 0
Node[1611]: Running on rank 0
Node[1612]: Running on rank 0
Node[1613]: Running on rank 0
Node[1614]: Running on rank 0
Node[1615]: Running on rank 0
Node[1616]: Running on rank 0
Node[1617]: Running on rank 0
Node[1618]: Running on rank 0
Node[1619]: Running on rank 0
Node[1620]: Running on rank 0
Node[1621]: Running on rank 0
Node[1622]: Running on rank 0
Node[1623]: Running on rank 0
Node[1624]: Running on rank 0
Node[1625]: Running on rank 0
Node[1626]: Running on rank 0
Node[1627]: Running on rank 0
Node[1628]: Running on rank 0
Node[1629]: Running on rank 0
Node[1630]: Running on rank 0
Node[1631]: Running on rank 0
Node[1632]: Running on rank 0
Node[1633]: Running on rank 0
Node[1634]: Running on rank 0
Node[1635]: Running on rank 0
Node[1636]: Running on rank 0
Node[1637]: Running on rank 0
Node[1638]: Running on rank 0
Node[1639]: Running on rank 0
Node[1640]: Running on rank 0
Node[1641]: Running on rank 0
Node[1642]: Running on rank 0
Node[1643]: Running on rank 0
Node[1644]: Running on rank 0
Node[1645]: Running on rank 0
Node[1646]: Running on rank 0
Node[1647]: Running on rank 0
Node[1648]: Running on rank 0
Node[1649]: Running on rank 0
Node[1650]: Running on rank 0
Node[1651]: Running on rank 0
Node[1652]: Running on rank 0
Node[1653]: Running on rank 0
Node[1654]: Running on rank 0
Node[1655]: Running on rank 0
Node[1656]: Running on rank 0
Node[1657]: Running on rank 0
Node[1658]: Running on rank 0
Node[1659]: Running on rank 0
Node[1660]: Running on rank 0
Node[1661]: Running on rank 0
Node[1662]: Running on rank 0
Node[1663]: Running on rank 0
Node[1664]: Running on rank 0
Node[1665]: Running on rank 0
Node[1666]: Running on rank 0
Node[1667]: Running on rank 0
Node[1668]: Running on rank 0
Node[1669]: Running on rank 0
Node[1670]: Running on rank 0
Node[1671]: Running on rank 0
Node[1672]: Running on rank 0
Node[1673]: Running on rank 0
Node[1674]: Running on rank 0
Node[1675]: Running on rank 0
Node[1676]: Running on rank 0
Node[1677]: Running on rank 0
Node[1678]: Running on rank 0
Node[1679]: Running on rank 0
Node[1680]: Running on rank 0
Node[1681]: Running on rank 0
Node[1682]: Running on rank 0
Node[1683]: Running on rank 0
Node[1684]: Running on rank 0
Node[1685]: Running on rank 0
Node[1686]: Running on rank 0
Node[1687]: Running on rank 0
Node[1688]: Running on rank 0
Node[1689]: Running on rank 0
Node[1690]: Running on rank 0
Node[1691]: Running on rank 0
Node[1692]: Running on rank 0
Node[1693]: Running on rank 0
Node[1694]: Running on rank 0
Node[1695]: Running on rank 0
Node[1696]: Running on rank 0
Node[1697]: Running on rank 0
Node[1698]: Running on rank 0
Node[1699]: Running on rank 0
Node[1700]: Running on rank 0
Node[1701]: Running on rank 0
Node[1702]: Running on rank 0
Node[1703]: Running on rank 0
Node[1704]: Running on rank 0
Node[1705]: Running on rank 0
Node[1706]: Running on rank 0
Node[1707]: Running on rank 0
Node[1708]: Running on rank 0
Node[1709]: Running on rank 0
Node[1710]: Running on rank 0
Node[1711]: Running on rank 0
Node[1712]: Running on rank 0
Node[1713]: Running on rank 0
Node[1714]: Running on rank 0
Node[1715]: Running on rank 0
Node[1716]: Running on rank 0
Node[1717]: Running on rank 0
Node[1718]: Running on rank 0
Node[1719]: Running on rank 0
Node[1720]: Running on rank 0
Node[1721]: Running on rank 0
Node[1722]: Running on rank 0
Node[1723]: Running on rank 0
Node[1724]: Running on rank 0
Node[1725]: Running on rank 0
Node[1726]: Running on rank 0
Node[1727]: Running on rank 0
Node[1728]: Running on rank 0
Node[1729]: Running on rank 0
Node[1730]: Running on rank 0
Node[1731]: Running on rank 0
Node[1732]: Running on rank 0
Node[1733]: Running on rank 0
Node[1734]: Running on rank 0
Node[1735]: Running on rank 0
Node[1736]: Running on rank 0
Node[1737]: Running on rank 0
Node[1738]: Running on rank 0
Node[1739]: Running on rank 0
Node[1740]: Running on rank 0
Node[1741]: Running on rank 0
Node[1742]: Running on rank 0
Node[1743]: Running on rank 0
Node[1744]: Running on rank 0
Node[1745]: Running on rank 0
Node[1746]: Running on rank 0
Node[1747]: Running on rank 0
Node[1748]: Running on rank 0
Node[1749]: Running on rank 0
Node[1750]: Running on rank 0
Node[1751]: Running on rank 0
Node[1752]: Running on rank 0
Node[1753]: Running on rank 0
Node[1754]: Running on rank 0
Node[1755]: Running on rank 0
Node[1756]: Running on rank 0
Node[1757]: Running on rank 0
Node[1758]: Running on rank 0
Node[1759]: Running on rank 0
Node[1760]: Running on rank 0
Node[1761]: Running on rank 0
Node[1762]: Running on rank 0
Node[1763]: Running on rank 0
Node[1764]: Running on rank 0
Node[1765]: Running on rank 0
Node[1766]: Running on rank 0
Node[1767]: Running on rank 0
Node[1768]: Running on rank 0
Node[1769]: Running on rank 0
Node[1770]: Running on rank 0
Node[1771]: Running on rank 0
Node[1772]: Running on rank 0
Node[1773]: Running on rank 0
Node[1774]: Running on rank 0
Node[1775]: Running on rank 0
Node[1776]: Running on rank 0
Node[1777]: Running on rank 0
Node[1778]: Running on rank 0
Node[1779]: Running on rank 0
Node[1780]: Running on rank 0
Node[1781]: Running on rank 0
Node[1782]: Running on rank 0
Node[1783]: Running on rank 0
Node[1784]: Running on rank 0
Node[1785]: Running on rank 0
Node[1786]: Running on rank 0
Node[1787]: Running on rank 0
Node[1788]: Running on rank 0
Node[1789]: Running on rank 0
Node[1790]: Running on rank 0
Node[1791]: Running on rank 0
Node[1792]: Running on rank 0
Node[1793]: Running on rank 0
Node[1794]: Running on rank 0
Node[1795]: Running on rank 0
Node[1796]: Running on rank 0
Node[1797]: Running on rank 0
Node[1798]: Running on rank 0
Node[1799]: Running on rank 0
Node[1800]: Running on rank 0
Node[1801]: Running on rank 0
Node[1802]: Running on rank 0
Node[1803]: Running on rank 0
Node[1804]: Running on rank 0
Node[1805]: Running on rank 0
Node[1806]: Running on rank 0
Node[1807]: Running on rank 0
Node[1808]: Running on rank 0
Node[1809]: Running on rank 0
Node[1810]: Running on rank 0
Node[1811]: Running on rank 0
Node[1812]: Running on rank 0
Node[1813]: Running on rank 0
Node[1814]: Running on rank 0
Node[1815]: Running on rank 0
Node[1816]: Running on rank 0
Node[1817]: Running on rank 0
Node[1818]: Running on rank 0
Node[1819]: Running on rank 0
Node[1820]: Running on rank 0
Node[1821]: Running on rank 0
Node[1822]: Running on rank 0
Node[1823]: Running on rank 0
Node[1824]: Running on rank 0
Node[1825]: Running on rank 0
Node[1826]: Running on rank 0
Node[1827]: Running on rank 0
Node[1828]: Running on rank 0
Node[1829]: Running on rank 0
Node[1830]: Running on rank 0
Node[1831]: Running on rank 0
Node[1832]: Running on rank 0
Node[1833]: Running on rank 0
Node[1834]: Running on rank 0
Node[1835]: Running on rank 0
Node[1836]: Running on rank 0
Node[1837]: Running on rank 0
Node[1838]: Running on rank 0
Node[1839]: Running on rank 0
Node[1840]: Running on rank 0
Node[1841]: Running on rank 0
Node[1842]: Running on rank 0
Node[1843]: Running on rank 0
Node[1844]: Running on rank 0
Node[1845]: Running on rank 0
Node[1846]: Running on rank 0
Node[1847]: Running on rank 0
Node[1848]: Running on rank 0
Node[1849]: Running on rank 0
Node[1850]: Running on rank 0
Node[1851]: Running on rank 0
Node[1852]: Running on rank 0
Node[1853]: Running on rank 0
Node[1854]: Running on rank 0
Node[1855]: Running on rank 0
Node[1856]: Running on rank 0
Node[1857]: Running on rank 0
Node[1858]: Running on rank 0
Node[1859]: Running on rank 0
Node[1860]: Running on rank 0
Node[1861]: Running on rank 0
Node[1862]: Running on rank 0
Node[1863]: Running on rank 0
Node[1864]: Running on rank 0
Node[1865]: Running on rank 0
Node[1866]: Running on rank 0
Node[1867]: Running on rank 0
Node[1868]: Running on rank 0
Node[1869]: Running on rank 0
Node[1870]: Running on rank 0
Node[1871]: Running on rank 0
Node[1872]: Running on rank 0
Node[1873]: Running on rank 0
Node[1874]: Running on rank 0
Node[1875]: Running on rank 0
Node[1876]: Running on rank 0
Node[1877]: Running on rank 0
Node[1878]: Running on rank 0
Node[1879]: Running on rank 0
Node[1880]: Running on rank 0
Node[1881]: Running on rank 0
Node[1882]: Running on rank 0
Node[1883]: Running on rank 0
Node[1884]: Running on rank 0
Node[1885]: Running on rank 0
Node[1886]: Running on rank 0
Node[1887]: Running on rank 0
Node[1888]: Running on rank 0
Node[1889]: Running on rank 0
Node[1890]: Running on rank 0
Node[1891]: Running on rank 0
Node[1892]: Running on rank 0
Node[1893]: Running on rank 0
Node[1894]: Running on rank 0
Node[1895]: Running on rank 0
Node[1896]: Running on rank 0
Node[1897]: Running on rank 0
Node[1898]: Running on rank 0
Node[1899]: Running on rank 0
Node[1900]: Running on rank 0
Node[1901]: Running on rank 0
Node[1902]: Running on rank 0
Node[1903]: Running on rank 0
Node[1904]: Running on rank 0
Node[1905]: Running on rank 0
Node[1906]: Running on rank 0
Node[1907]: Running on rank 0
Node[1908]: Running on rank 0
Node[1909]: Running on rank 0
Node[1910]: Running on rank 0
Node[1911]: Running on rank 0
Node[1912]: Running on rank 0
Node[1913]: Running on rank 0
Node[1914]: Running on rank 0
Node[1915]: Running on rank 0
Node[1916]: Running on rank 0
Node[1917]: Running on rank 0
Node[1918]: Running on rank 0
Node[1919]: Running on rank 0
Node[1920]: Running on rank 0
Node[1921]: Running on rank 0
Node[1922]: Running on rank 0
Node[1923]: Running on rank 0
Node[1924]: Running on rank 0
Node[1925]: Running on rank 0
Node[1926]: Running on rank 0
Node[1927]: Running on rank 0
Node[1928]: Running on rank 0
Node[1929]: Running on rank 0
Node[1930]: Running on rank 0
Node[1931]: Running on rank 0
Node[1932]: Running on rank 0
Node[1933]: Running on rank 0
Node[1934]: Running on rank 0
Node[1935]: Running on rank 0
Node[1936]: Running on rank 0
Node[1937]: Running on rank 0
Node[1938]: Running on rank 0
Node[1939]: Running on rank 0
Node[1940]: Running on rank 0
Node[1941]: Running on rank 0
Node[1942]: Running on rank 0
Node[1943]: Running on rank 0
Node[1944]: Running on rank 0
Node[1945]: Running on rank 0
Node[1946]: Running on rank 0
Node[1947]: Running on rank 0
Node[1948]: Running on rank 0
Node[1949]: Running on rank 0
Node[1950]: Running on rank 0
Node[1951]: Running on rank 0
Node[1952]: Running on rank 0
Node[1953]: Running on rank 0
Node[1954]: Running on rank 0
Node[1955]: Running on rank 0
Node[1956]: Running on rank 0
Node[1957]: Running on rank 0
Node[1958]: Running on rank 0
Node[1959]: Running on rank 0
Node[1960]: Running on rank 0
Node[1961]: Running on rank 0
Node[1962]: Running on rank 0
Node[1963]: Running on rank 0
Node[1964]: Running on rank 0
Node[1965]: Running on rank 0
Node[1966]: Running on rank 0
Node[1967]: Running on rank 0
Node[1968]: Running on rank 0
Node[1969]: Running on rank 0
Node[1970]: Running on rank 0
Node[1971]: Running on rank 0
Node[1972]: Running on rank 0
Node[1973]: Running on rank 0
Node[1974]: Running on rank 0
Node[1975]: Running on rank 0
Node[1976]: Running on rank 0
Node[1977]: Running on rank 0
Node[1978]: Running on rank 0
Node[1979]: Running on rank 0
Node[1980]: Running on rank 0
Node[1981]: Running on rank 0
Node[1982]: Running on rank 0
Node[1983]: Running on rank 0
Node[1984]: Running on rank 0
Node[1985]: Running on rank 0
Node[1986]: Running on rank 0
Node[1987]: Running on rank 0
Node[1988]: Running on rank 0
Node[1989]: Running on rank 0
Node[1990]: Running on rank 0
Node[1991]: Running on rank 0
Node[1992]: Running on rank 0
Node[1993]: Running on rank 0
Node[1994]: Running on rank 0
Node[1995]: Running on rank 0
Node[1996]: Running on rank 0
Node[1997]: Running on rank 0
Node[1998]: Running on rank 0
Node[1999]: Running on rank 0
Node[2000]: Running on rank 0
Node[2001]: Running on rank 0
Node[2002]: Running on rank 0
Node[2003]: Running on rank 0
Node[2004]: Running on rank 0
Node[2005]: Running on rank 0
Node[2006]: Running on rank 0
Node[2007]: Running on rank 0
Node[2008]: Running on rank 0
Node[2009]: Running on rank 0
Node[2010]: Running on rank 0
Node[2011]: Running on rank 0
Node[2012]: Running on rank 0
Node[2013]: Running on rank 0
Node[2014]: Running on rank 0
Node[2015]: Running on rank 0
Node[2016]: Running on rank 0
Node[2017]: Running on rank 0
Node[2018]: Running on rank 0
Node[2019]: Running on rank 0
Node[2020]: Running on rank 0
Node[2021]: Running on rank 0
Node[2022]: Running on rank 0
Node[2023]: Running on rank 0
Node[2024]: Running on rank 0
Node[2025]: Running on rank 0
Node[2026]: Running on rank 0
Node[2027]: Running on rank 0
Node[2028]: Running on rank 0
Node[2029]: Running on rank 0
Node[2030]: Running on rank 0
Node[2031]: Running on rank 0
Node[2032]: Running on rank 0
Node[2033]: Running on rank 0
Node[2034]: Running on rank 0
Node[2035]: Running on rank 0
Node[2036]: Running on rank 0
Node[2037]: Running on rank 0
Node[2038]: Running on rank 0
Node[2039]: Running on rank 0
Node[2040]: Running on rank 0
Node[2041]: Running on rank 0
Node[2042]: Running on rank 0
Node[2043]: Running on rank 0
Node[2044]: Running on rank 0
Node[2045]: Running on rank 0
Node[2046]: Running on rank 0
Node[2047]: Running on rank 0
Node[2048]: Running on rank 0
Node[2049]: Running on rank 0
Node[2050]: Running on rank 0
Node[2051]: Running on rank 0
Node[2052]: Running on rank 0
Node[2053]: Running on rank 0
Node[2054]: Running on rank 0
Node[2055]: Running on rank 0
Node[2056]: Running on rank 0
Node[2057]: Running on rank 0
Node[2058]: Running on rank 0
Node[2059]: Running on rank 0
Node[2060]: Running on rank 0
Node[2061]: Running on rank 0
Node[2062]: Running on rank 0
Node[2063]: Running on rank 0
Node[2064]: Running on rank 0
Node[2065]: Running on rank 0
Node[2066]: Running on rank 0
Node[2067]: Running on rank 0
Node[2068]: Running on rank 0
Node[2069]: Running on rank 0
Node[2070]: Running on rank 0
Node[2071]: Running on rank 0
Node[2072]: Running on rank 0
Node[2073]: Running on rank 0
Node[2074]: Running on rank 0
Node[2075]: Running on rank 0
Node[2076]: Running on rank 0
Node[2077]: Running on rank 0
Node[2078]: Running on rank 0
Node[2079]: Running on rank 0
Node[2080]: Running on rank 0
Node[2081]: Running on rank 0
Node[2082]: Running on rank 0
Node[2083]: Running on rank 0
Node[2084]: Running on rank 0
Node[2085]: Running on rank 0
Node[2086]: Running on rank 0
Node[2087]: Running on rank 0
Node[2088]: Running on rank 0
Node[2089]: Running on rank 0
Node[2090]: Running on rank 0
Node[2091]: Running on rank 0
Node[2092]: Running on rank 0
Node[2093]: Running on rank 0
Node[2094]: Running on rank 0
Node[2095]: Running on rank 0
Node[2096]: Running on rank 0
Node[2097]: Running on rank 0
Node[2098]: Running on rank 0
Node[2099]: Running on rank 0
Node[2100]: Running on rank 0
Node[2101]: Running on rank 0
Node[2102]: Running on rank 0
Node[2103]: Running on rank 0
Node[2104]: Running on rank 0
Node[2105]: Running on rank 0
Node[2106]: Running on rank 0
Node[2107]: Running on rank 0
Node[2108]: Running on rank 0
Node[2109]: Running on rank 0
Node[2110]: Running on rank 0
Node[2111]: Running on rank 0
Node[2112]: Running on rank 0
Node[2113]: Running on rank 0
Node[2114]: Running on rank 0
Node[2115]: Running on rank 0
Node[2116]: Running on rank 0
Node[2117]: Running on rank 0
Node[2118]: Running on rank 0
Node[2119]: Running on rank 0
Node[2120]: Running on rank 0
Node[2121]: Running on rank 0
Node[2122]: Running on rank 0
Node[2123]: Running on rank 0
Node[2124]: Running on rank 0
Node[2125]: Running on rank 0
Node[2126]: Running on rank 0
Node[2127]: Running on rank 0
Node[2128]: Running on rank 0
Node[2129]: Running on rank 0
Node[2130]: Running on rank 0
Node[2131]: Running on rank 0
Node[2132]: Running on rank 0
Node[2133]: Running on rank 0
Node[2134]: Running on rank 0
Node[2135]: Running on rank 0
Node[2136]: Running on rank 0
Node[2137]: Running on rank 0
Node[2138]: Running on rank 0
Node[2139]: Running on rank 0
Node[2140]: Running on rank 0
Node[2141]: Running on rank 0
Node[2142]: Running on rank 0
Node[2143]: Running on rank 0
Node[2144]: Running on rank 0
Node[2145]: Running on rank 0
Node[2146]: Running on rank 0
Node[2147]: Running on rank 0
Node[2148]: Running on rank 0
Node[2149]: Running on rank 0
Node[2150]: Running on rank 0
Node[2151]: Running on rank 0
Node[2152]: Running on rank 0
Node[2153]: Running on rank 0
Node[2154]: Running on rank 0
Node[2155]: Running on rank 0
Node[2156]: Running on rank 0
Node[2157]: Running on rank 0
Node[2158]: Running on rank 0
Node[2159]: Running on rank 0
Node[2160]: Running on rank 0
Node[2161]: Running on rank 0
Node[2162]: Running on rank 0
Node[2163]: Running on rank 0
Node[2164]: Running on rank 0
Node[2165]: Running on rank 0
Node[2166]: Running on rank 0
Node[2167]: Running on rank 0
Node[2168]: Running on rank 0
Node[2169]: Running on rank 0
Node[2170]: Running on rank 0
Node[2171]: Running on rank 0
Node[2172]: Running on rank 0
Node[2173]: Running on rank 0
Node[2174]: Running on rank 0
Node[2175]: Running on rank 0
Node[2176]: Running on rank 0
Node[2177]: Running on rank 0
Node[2178]: Running on rank 0
Node[2179]: Running on rank 0
Node[2180]: Running on rank 0
Node[2181]: Running on rank 0
Node[2182]: Running on rank 0
Node[2183]: Running on rank 0
Node[2184]: Running on rank 0
Node[2185]: Running on rank 0
Node[2186]: Running on rank 0
Node[2187]: Running on rank 0
Node[2188]: Running on rank 0
Node[2189]: Running on rank 0
Node[2190]: Running on rank 0
Node[2191]: Running on rank 0
Node[2192]: Running on rank 0
Node[2193]: Running on rank 0
Node[2194]: Running on rank 0
Node[2195]: Running on rank 0
Node[2196]: Running on rank 0
Node[2197]: Running on rank 0
Node[2198]: Running on rank 0
Node[2199]: Running on rank 0
Node[2200]: Running on rank 0
Node[2201]: Running on rank 0
Node[2202]: Running on rank 0
Node[2203]: Running on rank 0
Node[2204]: Running on rank 0
Node[2205]: Running on rank 0
Node[2206]: Running on rank 0
Node[2207]: Running on rank 0
Node[2208]: Running on rank 0
Node[2209]: Running on rank 0
Node[2210]: Running on rank 0
Node[2211]: Running on rank 0
Node[2212]: Running on rank 0
Node[2213]: Running on rank 0
Node[2214]: Running on rank 0
Node[2215]: Running on rank 0
Node[2216]: Running on rank 0
Node[2217]: Running on rank 0
Node[2218]: Running on rank 0
Node[2219]: Running on rank 0
Node[2220]: Running on rank 0
Node[2221]: Running on rank 0
Node[2222]: Running on rank 0
Node[2223]: Running on rank 0
Node[2224]: Running on rank 0
Node[2225]: Running on rank 0
Node[2226]: Running on rank 0
Node[2227]: Running on rank 0
Node[2228]: Running on rank 0
Node[2229]: Running on rank 0
Node[2230]: Running on rank 0
Node[2231]: Running on rank 0
Node[2232]: Running on rank 0
Node[2233]: Running on rank 0
Node[2234]: Running on rank 0
Node[2235]: Running on rank 0
Node[2236]: Running on rank 0
Node[2237]: Running on rank 0
Node[2238]: Running on rank 0
Node[2239]: Running on rank 0
Node[2240]: Running on rank 0
Node[2241]: Running on rank 0
Node[2242]: Running on rank 0
Node[2243]: Running on rank 0
Node[2244]: Running on rank 0
Node[2245]: Running on rank 0
Node[2246]: Running on rank 0
Node[2247]: Running on rank 0
Node[2248]: Running on rank 0
Node[2249]: Running on rank 0
Node[2250]: Running on rank 0
Node[2251]: Running on rank 0
Node[2252]: Running on rank 0
Node[2253]: Running on rank 0
Node[2254]: Running on rank 0
Node[2255]: Running on rank 0
Node[2256]: Running on rank 0
Node[2257]: Running on rank 0
Node[2258]: Running on rank 0
Node[2259]: Running on rank 0
Node[2260]: Running on rank 0
Node[2261]: Running on rank 0
Node[2262]: Running on rank 0
Node[2263]: Running on rank 0
Node[2264]: Running on rank 0
Node[2265]: Running on rank 0
Node[2266]: Running on rank 0
Node[2267]: Running on rank 0
Node[2268]: Running on rank 0
Node[2269]: Running on rank 0
Node[2270]: Running on rank 0
Node[2271]: Running on rank 0
Node[2272]: Running on rank 0
Node[2273]: Running on rank 0
Node[2274]: Running on rank 0
Node[2275]: Running on rank 0
Node[2276]: Running on rank 0
Node[2277]: Running on rank 0
Node[2278]: Running on rank 0
Node[2279]: Running on rank 0
Node[2280]: Running on rank 0
Node[2281]: Running on rank 0
Node[2282]: Running on rank 0
Node[2283]: Running on rank 0
Node[2284]: Running on rank 0
Node[2285]: Running on rank 0
Node[2286]: Running on rank 0
Node[2287]: Running on rank 0
Node[2288]: Running on rank 0
Node[2289]: Running on rank 0
Node[2290]: Running on rank 0
Node[2291]: Running on rank 0
Node[2292]: Running on rank 0
Node[2293]: Running on rank 0
Node[2294]: Running on rank 0
Node[2295]: Running on rank 0
Node[2296]: Running on rank 0
Node[2297]: Running on rank 0
Node[2298]: Running on rank 0
Node[2299]: Running on rank 0
Node[2300]: Running on rank 0
Node[2301]: Running on rank 0
Node[2302]: Running on rank 0
Node[2303]: Running on rank 0
Node[2304]: Running on rank 0
Node[2305]: Running on rank 0
Node[2306]: Running on rank 0
Node[2307]: Running on rank 0
Node[2308]: Running on rank 0
Node[2309]: Running on rank 0
Node[2310]: Running on rank 0
Node[2311]: Running on rank 0
Node[2312]: Running on rank 0
Node[2313]: Running on rank 0
Node[2314]: Running on rank 0
Node[2315]: Running on rank 0
Node[2316]: Running on rank 0
Node[2317]: Running on rank 0
Node[2318]: Running on rank 0
Node[2319]: Running on rank 0
Node[2320]: Running on rank 0
Node[2321]: Running on rank 0
Node[2322]: Running on rank 0
Node[2323]: Running on rank 0
Node[2324]: Running on rank 0
Node[2325]: Running on rank 0
Node[2326]: Running on rank 0
Node[2327]: Running on rank 0
Node[2328]: Running on rank 0
Node[2329]: Running on rank 0
Node[2330]: Running on rank 0
Node[2331]: Running on rank 0
Node[2332]: Running on rank 0
Node[2333]: Running on rank 0
Node[2334]: Running on rank 0
Node[2335]: Running on rank 0
Node[2336]: Running on rank 0
Node[2337]: Running on rank 0
Node[2338]: Running on rank 0
Node[2339]: Running on rank 0
Node[2340]: Running on rank 0
Node[2341]: Running on rank 0
Node[2342]: Running on rank 0
Node[2343]: Running on rank 0
Node[2344]: Running on rank 0
Node[2345]: Running on rank 0
Node[2346]: Running on rank 0
Node[2347]: Running on rank 0
Node[2348]: Running on rank 0
Node[2349]: Running on rank 0
Node[2350]: Running on rank 0
Node[2351]: Running on rank 0
Node[2352]: Running on rank 0
Node[2353]: Running on rank 0
Node[2354]: Running on rank 0
Node[2355]: Running on rank 0
Node[2356]: Running on rank 0
Node[2357]: Running on rank 0
Node[2358]: Running on rank 0
Node[2359]: Running on rank 0
Node[2360]: Running on rank 0
Node[2361]: Running on rank 0
Node[2362]: Running on rank 0
Node[2363]: Running on rank 0
Node[2364]: Running on rank 0
Node[2365]: Running on rank 0
Node[2366]: Running on rank 0
Node[2367]: Running on rank 0
Node[2368]: Running on rank 0
Node[2369]: Running on rank 0
Node[2370]: Running on rank 0
Node[2371]: Running on rank 0
Node[2372]: Running on rank 0
Node[2373]: Running on rank 0
Node[2374]: Running on rank 0
Node[2375]: Running on rank 0
Node[2376]: Running on rank 0
Node[2377]: Running on rank 0
Node[2378]: Running on rank 0
Node[2379]: Running on rank 0
Node[2380]: Running on rank 0
Node[2381]: Running on rank 0
Node[2382]: Running on rank 0
Node[2383]: Running on rank 0
Node[2384]: Running on rank 0
Node[2385]: Running on rank 0
Node[2386]: Running on rank 0
Node[2387]: Running on rank 0
Node[2388]: Running on rank 0
Node[2389]: Running on rank 0
Node[2390]: Running on rank 0
Node[2391]: Running on rank 0
Node[2392]: Running on rank 0
Node[2393]: Running on rank 0
Node[2394]: Running on rank 0
Node[2395]: Running on rank 0
Node[2396]: Running on rank 0
Node[2397]: Running on rank 0
Node[2398]: Running on rank 0
Node[2399]: Running on rank 0
Node[2400]: Running on rank 0
Node[2401]: Running on rank 0
Node[2402]: Running on rank 0
Node[2403]: Running on rank 0
Node[2404]: Running on rank 0
Node[2405]: Running on rank 0
Node[2406]: Running on rank 0
Node[2407]: Running on rank 0
Node[2408]: Running on rank 0
Node[2409]: Running on rank 0
Node[2410]: Running on rank 0
Node[2411]: Running on rank 0
Node[2412]: Running on rank 0
Node[2413]: Running on rank 0
Node[2414]: Running on rank 0
Node[2415]: Running on rank 0
Node[2416]: Running on rank 0
Node[2417]: Running on rank 0
Node[2418]: Running on rank 0
Node[2419]: Running on rank 0
Node[2420]: Running on rank 0
Node[2421]: Running on rank 0
Node[2422]: Running on rank 0
Node[2423]: Running on rank 0
Node[2424]: Running on rank 0
Node[2425]: Running on rank 0
Node[2426]: Running on rank 0
Node[2427]: Running on rank 0
Node[2428]: Running on rank 0
Node[2429]: Running on rank 0
Node[2430]: Running on rank 0
Node[2431]: Running on rank 0
Node[2432]: Running on rank 0
Node[2433]: Running on rank 0
Node[2434]: Running on rank 0
Node[2435]: Running on rank 0
Node[2436]: Running on rank 0
Node[2437]: Running on rank 0
Node[2438]: Running on rank 0
Node[2439]: Running on rank 0
Node[2440]: Running on rank 0
Node[2441]: Running on rank 0
Node[2442]: Running on rank 0
Node[2443]: Running on rank 0
Node[2444]: Running on rank 0
Node[2445]: Running on rank 0
Node[2446]: Running on rank 0
Node[2447]: Running on rank 0
Node[2448]: Running on rank 0
Node[2449]: Running on rank 0
Node[2450]: Running on rank 0
Node[2451]: Running on rank 0
Node[2452]: Running on rank 0
Node[2453]: Running on rank 0
Node[2454]: Running on rank 0
Node[2455]: Running on rank 0
Node[2456]: Running on rank 0
Node[2457]: Running on rank 0
Node[2458]: Running on rank 0
Node[2459]: Running on rank 0
Node[2460]: Running on rank 0
Node[2461]: Running on rank 0
Node[2462]: Running on rank 0
Node[2463]: Running on rank 0
Node[2464]: Running on rank 0
Node[2465]: Running on rank 0
Node[2466]: Running on rank 0
Node[2467]: Running on rank 0
Node[2468]: Running on rank 0
Node[2469]: Running on rank 0
Node[2470]: Running on rank 0
Node[2471]: Running on rank 0
Node[2472]: Running on rank 0
Node[2473]: Running on rank 0
Node[2474]: Running on rank 0
Node[2475]: Running on rank 0
Node[2476]: Running on rank 0
Node[2477]: Running on rank 0
Node[2478]: Running on rank 0
Node[2479]: Running on rank 0
Node[2480]: Running on rank 0
Node[2481]: Running on rank 0
Node[2482]: Running on rank 0
Node[2483]: Running on rank 0
Node[2484]: Running on rank 0
Node[2485]: Running on rank 0
Node[2486]: Running on rank 0
Node[2487]: Running on rank 0
Node[2488]: Running on rank 0
Node[2489]: Running on rank 0
Node[2490]: Running on rank 0
Node[2491]: Running on rank 0
Node[2492]: Running on rank 0
Node[2493]: Running on rank 0
Node[2494]: Running on rank 0
Node[2495]: Running on rank 0
Node[2496]: Running on rank 0
Node[2497]: Running on rank 0
Node[2498]: Running on rank 0
Node[2499]: Running on rank 0
ReportNode[0]: Running on rank 0
